7iX/21hHErDGoJk4V7KiRwGqgAcpHo3u9yIWGcoaWqir8qh22mW8GQA4r/lsZbzFlNEsW46wwJTGMH+mSkgigsHD7OSiqpuoajTTGFPKRagFLA==
Pn/MBg5SpIlZ8l7HJlfbxaF9KhdrVhAgA2fUTpUTv6wMYtkU93yy+Vp9dKC6tc0Q3ttTxI3jtoe7L55ix/iNknYMQce2/mO5q+iE21WiXMa3D2LXlAsHBlNSclqeHD1IaEhpU2ZKFrW/Vdvw5Xdl/16v77e/jG4jQv7JNel0zW8hNGz8WGjkzzIJivkKaswASAHg4NbtmtLLr7KzZV/hkjB0XcQey4lu47q+wOakdyJa7ArWgZdEwDKuE7zKYJtcA25tPAW4
5XZIbxNaCMMRCHPcVm1Uc6F9KhdrVhAgA2fUTpUTv6wMYtkU93yy+Vp9dKC6tc0Q3ttTxI3jtoe7L55ix/iNknYMQce2/mO5q+iE21WiXMa3D2LXlAsHBlNSclqeHD1IaEhpU2ZKFrW/Vdvw5Xdl/16v77e/jG4jQv7JNel0zW8hNGz8WGjkzzIJivkKaswASAHg4NbtmtLLr7KzZV/hkjB0XcQey4lu47q+wOakdyJa7AXWgZdEwDKuE7zKYJtcA25tPAW4
ZLmR8PshlZzfX3aO9SA9ZJkV9ADVUfEypus+c5GcX/Xcuj1qnzkSXh8uabVhFqVQgPHiPqtWzzUT8t2pzx/3Y7sFPQ==
7kyQ86rQLi7JrUKfeOEO7wglZSHNqy7PwRnJsIk4sxiGVSu4qv2owp2KienuRwJuLyURgprHGbMxlRww3bFJQj4rRmNJ/NcltLrVOhfZSk7nbvFF2XatZuhxSk6jdreFi7LluZe/fzOTBRU=
JpHsP1f0BjvBBccfVGVMJ/CPIV6ptDoKvAqOEe3OGgGBGRxSSsSz3bMrSEgNBJChyxi9zoUBWv5VkHRJc4OhgqCGm1taeECETcPIYOZEt0LazMg3gfcE4LJOU9zKwFt8gw4tnAUY
zR4kdVX8xm0kZh0+l+ojiGlQ+nOiUBFXUVbMIWexH8Gx71zakYqF8Rp3FgYTxc2q7pfNS/3VUIgJYf0qYou6y92MY704Olmioyne5pvOLa1tJvneJLEGNvemQ63X0tlRg48LK58FGQ==
QB1xWzL4vYZgHa4tm5oDb/PGpB74sXgirYq5CT4HUs6/pWEiagdpkyGVDFDtcfkijqvWAxk8BwXEuiUaR5marnfuQaVpNp2G+HFablM2xyV7MnUZR38vU6MFJQ==
xkNz+bhCo2y5h9O9qwvCGTXpJ4MP5dkn5rx0KqmKvQEyF07W24WFGhY3pdtlVcgYoYFFWipLcpuFrIuNQDqhkssJBjbTjuVd1UZRTrwxnqYfBjsdHxKRAVtvI1unBSE=
cZJD6EVb/PN6n1qbGC9iLhzaCKY+1/g90bx0KqmKvQEyF07W24WFGhY3pdtlVcgYoYFFWipLcpuFrIuNQDqhkssJBjbTjuVd1UZRTrwxnqYfBjsdHxKRAVtvI1unBSE=
2hHUS9Kc3l3mOJOFOKDHa8kDm2ZLk2oW/q4rCj+FuJ/EQkkVF478n89/h/WqvEspL474GyBPT+TBSYJ6Y1aBQczigd43ib9uu2reEXyCdS7RCQ0CgxVRZylfpQUj
De7vCk7sfgJBpNIXEfvhUaF9KhdrVhAgA2fUTpUTv6wMYtkU93yy+Vp9dKC6tc0Q3ttTxI3jtoe7L55ix/iNknYMQce2/mO5q+iE21WiXMa3D2LXlAsHBlNSclqeHD1IaEhpU2ZKFrW/Vdvw5Xdl/16v77e/jG4jQv7JNel0zW8hNGz8WGjkzzIJivkKaswASAHg4NbtmtLLr7KzZV/hkjB0XcQey4lu47q+wOakdyJa7AjXgZdEwDKuE7zKYJtcA25tPAW4
NP/azjltgtpe8ylihTxMeVfdnnpul4RU+OeacarC4VOETvYOU/SCLtgIYYjVxru8/1I6ql+q+4yRwgVC
P9MGo/uVbua60DgN29Qpd6r2Cve4nUup3QF9VxNGBT5zkbNeZ+47UV2PKd9dkUkih22d95WXwQVH
0J6ZX1rcSu2xg00vqZ0auEP1rPIg2N3tmHdi2kB7ECYsbzH/eiF1p6QQ7RF7eSwHLA6HKsaXHNQScMiSvcnE95OpMOA5S5mr59OjpeBlivc+6A2fFJ2ootxcLmJl29faQY3EyiXCrIppDkTEALRmYK+qGdg7wmpJiowJfYxJyJ72i7ppf4P3edQOxUiFnELVIE2u48dgGUO2KgQK6j9/yqe3KkSfR9DkbJxPyNZ8qT7g9Gc7BGOrLaLSC2SOdZRdsrFxzdb0XSyFSSJmADLWupsYMmqpkKGdPQqr2Kdu2l5XBouIKR4Flg==
7kX4bM08WbUk5tEQQ5jzFR4h+9hkUpC9Xts7Pm4gNoIEeCOl7H827rn+JG1wSuEex27RBTn2zaMNcW6LA/cXReuyBfn3P99zswU1
3qXj0UZgYan8O66X2Ec64hAgWMWSm/eGOvBCaljYnw14D8J2NX6o9QS6dbZ7zg1tzaYZG0GxInNXJyNtN9L5keMP62u/BTk=
7RJlrfrJ9wF/vfzxEULvKBEgWMWSm/eGOvBCaljYnw14D8J2NX6o9QS6dbZ7zg1tzaYZG0GxInNXJyNtN9L5keMP62u/BTk=
p29/k+O47CDfLL+3raAueH9+ycktmnpqTnBqfUz3yalDERI1mcvLkHDFQ/lLvqTF5GekC2Aed6/Dr2AOHlGnqz7gCLimHGeqeqR9ygGLsQgTJgMECpgLVGMmXaQFIA==
2Pn9vohV9Mz+o1RIdAm/3DIP8bVHCzDqNxG4u92SyPhAblLI9ekaJ/Ai/z5iobYSF1IRXofpTy7rj+sRiKcl72Gp/YIT9QEn2X+1BTM=
rdz0eJInPI2NcsOZRqG2wThg0oR6B0/5luMj6UuuRPWktwR74K4XfwPfQB4eQYfb/jBoCCZsx3o6lJ3aAZvRONN2o/SKKOsEI9Z9tAUw
vmJtL0+EMDATCLMQelj5sx4j8dhhXI69Xts7Pm4gNoIEeCOl7H827rn+JG1wSuEex27RBTn2zaMNcW6LA/cXReuyBfn3P99zswU1
4qw276gI4g5/uFa9BPCzPUUPYaPd1bDIaeVfZEKL2gt9DMN9WDq54gOpfqZ7zg1tzaYZG0GxInNXJyNtN9L5keMP62u/BTk=
GdHcSQCBWpvHscVeIxrG3EUPYaPd1bDIaeFdakKL2gt9DMN9WDq54gOpfqZ7zg1tzaYZG0GxInNXJyNtN9L5keMP62u/BTk=
3eVk1qERIgif9xDvLNkjW1ERc8gl73rb7OgTBIOgaT0WlcoBFLYbI2E2NnajjGJWIXTh8SW+W8QPKvrSr9Ib9GG6BTo=
UpKE3bZmxpTEXv6OomRBGFfdnnpul4RU+OeacarC4VOETvYOU/SCLtEMYYnVxru8/1I6ql+q+4yRwgVC
qzLa2q8ZqHhZ0Rk5jtJtRar2Cve4nUup3QF9VxNGBT5zkbNeZ+c/UVyPKd9dkUkih22d95WXwQVH
