2lmKwYf3/fdxFIcDK9K6FWLNyvtPWbqywF92CWuKiv1VyjIoMoTxGFyNhJJo/WO99dc4sYqNDuQhg7l8TUeV27/52bJWk4VlLo8GW4AFb6Mv
+s8aAavWvqOl947gK28hc/lwwgb8JdZY4irifMFq1PMIPn9Y03kB8ZihUpYeo5RTaaQ7EjFkC0FJCdIpfj4XnI/QUFtu/y4sdWZS3nSMpkWAz3k3oYSSxMIWqv3Oy++U8NXa6Sr0i1cdO1FX2OcYO3mVTPsBcOe/CR0yfj4jZKlpko8Ur7M6R8jyIVGpmyhkZR2sIZxptBi/0oNGTYZObZggPijrsUnw+/vsBNWbNUzRL+Gbi1HFQloLscV690oLPC37o7s=
0MY6JQ7y0zwEVS7h+OJWsPlwwgb8JdZY4irifMFq1PMIPn9Y03kB8ZihUpYeo5RTaaQ7EjFkC0FJCdIpfj4XnI/QUFtu/y4sdWZS3nSMpkWAz3k3oYSSxMIWqv3Oy++U8NXa6Sr0i1cdO1FX2OcYO3mVTPsBcOe/CR0yfj4jZKlpko8Ur7M6R8jyIVGpmyhkZR2sIZxptBi/0oNGTYZObZggPijrsUnw+/vsBNWbNUzRL+Cbi1HFQloLscV690oLPC37o7s=
kWdTcbPhvPO5pzx8KK5Fat/4242Yog+Y1FQMv6lj2N23iAxpRuYQl1yK3XQIqlWQy9wPnG75KQzt1eHbH7cnfqM8
koVzVpWYnaKdBIux3Nw8WKrZZqftp9gd5SNYn+8rrnsYRDFBtU4em1VjdZqoaO1Lg2RPdhPtNAur7F4S45dYZh4BpfWpFs8F6NEVNWkJcHOYKcmYOmLa431QYsDGObDOXf/jveiEoL852umvJDsRsITGCVLBd+nrc582xYaWRyl5uSRugx0TkuwLc+Fhtwqo4h/hDrEC/zwiv94e03j7wtlCHul5wSQnmlfNzgOlGogzfu4b2zuGXw8z8Phla0YSSf8KncByyDxBPpqhCrK550fxbFQxRkDMYVpr0nM+dg+NFr1r7Qm3sXPUo5I=
RIFTcdUpwQiHjFYooiMHHykdibd/8AdiED4MWyvL4NAOT3mBjHjJ3trEDWZhzSvPnMItDOgyxRlLVJ8EDgFZxK0d0eM/rzd2ozQ=
wtSLQ5HX+oLjGJzF2rXbCg+ewy7QctQXm2e4PG6j4S089FFSWkiV6tFhsyP8LnWgWH4dVYsYR0g+LQEozfHJzw+jL3qjOA==
uflUkPmbqSu8WcQVqtjycA6ewy7QctQXm2e4PG6j4S089FFSWkiV6tFhsyP8LnWgWH4dVYsYR0g+LQEozfHJzw+jL3qjOA==
Vci2W4wjPNozNlVs+E2CXZwFinpShUtEvq4hDSOE/4nRUkElUpK3nMVBh6C58gJnOILtBiBPQPjTQ6t6c0OPXc7Z4sQ9i71sqX/cG3OBfSLSGxkFkkdCa2QdY6Mj
bIMTmbxax/TBKYuZMufgmEA54I8/YjVOosDwWOABk2W0Il6ZxctEBg2cmgJBnDkDH51stPEmwOyh+2tysx72b032vQut6TeRM3SjMg==
AXYwWtim9JsnLaUjzG6wlDoT8aRBDiPlM3f3oImS0qdIYl2GsO8QOOMju3pjo78dHnlyRI3rTSz5n+wbg6Et4mK76YUCpxIrlD1zozM=
oq5cH5YGWJZ7CEqoHCuV1ykfg7d6/hliED4MWyvL4NAOT3mBjHjJ3trEDWZhzSvPnMItDOgyxRlLVJ8EDgFZxK0d0eM/rzd2ozQ=
MxltSP0FPehtlAbv9LCq5z10zsE+i1E4AHAjaEvgx7JRDBQSmdzblj/WM7ZQ6qTfu2+oBC5bcaXcvGFKWlClojHpI9u8FmWoeLZtzQuAtwAeJREQDYlZR29rH2KjIA==
Z87YHXx7IPQdjVz+JNq+XVqx+kifPJNZyHKlMnTwpCs591BZNwyE/dZyuDP8LnWgWH4dVYsYR0g+LQEozfHJzw+jL3qjOA==
qojdhm/2G1oEmBAvwLV8HVqx+kifPJNZyHanPHTwpCs591BZNwyE/dZyuDP8LnWgWH4dVYsYR0g+LQEozfHJzw+jL3qjOA==
kMTOKPxX7ob7NctNOw6lg5dW/wLJQ/Agt/t9Y47JX////zl11i4dZHk0Y7djFLdDgvvtPaNazCcH9cz73BO6IX2jPQ==
bUc8pI19FqRMB8qaz5Hcv5AnVndW43+fYmhmUrrMWyCS/R/6k3pFUlrSoZzJwlJmeDlDDaFF7kxfkAu1+Hq/8BR8fGcJGwj1t6DcEeY+YL+c4m2saJKF9ks0X6SOoZnkrf0Rg79Pd1ajFA==
WMa+8TC2T+hspzQmvq9oiDfV4vL36NM2V8nVOpp5U2epHx8aHX/Ntemwg0BOVRSlRuRRb28l1JRBTSVcOzqu3ahyWBdPYmB6teI6BHXbVcwx70ub6xHlwnpL0cXaN2qLXG1boxs=
VT29/Rmau+FkJkX0FoJ7w/aEJ1eNrSoBhh6IHc/VDwesVF1eWt65kPkuSkoYFZvhkQm2gJ9cU/lIlmdcdNDki7mXkHk3LESdVtL4E/xOtUDY3t06i/gH6L5NQcjN0Qlvj0NvWqMY
LuoPYMul7x42p9IK5pVeFxd+YCxRRiViWuLBrAkSMvb4qeNdYbXOPF9gK8W4qh9glOycN0kr6MW3kDwhpm6ALxxyzXwo4qUGS0R/VE7xOXQtbXFTf38XZqMk
nbgZWpfPMVceDv07lB85hippy9cvmVEZQ08tZlrmybgZBhoS2M3LiTHhBvgfpOOR6H63BDQINKPZv2BBNxS0tTb6KMu8FmWoeLZtwguAtwAeJREQDYlZR29rH2KjIA==
a/+Er2SJY84GEIwsGZ2bUgNa5PIeq3ADdE8tZlrmybgZBhoS2M3LiTHhBvgfpOOR6H63BDQINKPZv2BBNxS0tTb6KMu8FmWoeLZtwguAtwAeJREQDYlZR29rH2KjIA==
PeffaAFu9HGM8Qm+I0imHXM1mRjFp93noeDaZE02kZyGhEg/f/eJC6qevwaHPwDEy7LEWmB9AfUsh/dWcHt+oPQd7CSRlgCcgeRrYpNuNt8tZj2bTVl3YRNkoyI=
sSRaXi2e7IbynyFe6LWOA/lwwgb8JdZY4irifMFq1PMIPn9Y03kB8ZihUpYeo5RTaaQ7EjFkC0FJCdIpfj4XnI/QUFtu/y4sdWZS3nSMpkWAz3k3oYSSxMIWqv3Oy++U8NXa6Sr0i1cdO1FX2OcYO3mVTPsBcOe/CR0yfj4jZKlpko8Ur7M6R8jyIVGpmyhkZR2sIZxptBi/0oNGTYZObZggPijrsUnw+/vsBNWbNUzRL+ubi1HFQloLscV690oLPC37o7s=
479zqom3VeMzWK6KayyJ2tv38iq0Pl/pu5AX1NlM9kEbtrjGrGkTyYMV3Kv0IT3idMRNMpr74Xm/L/Z19uePjuOv8OJVUbJvkd4uHNlaYij3BugbmRippjTSTQtMhiLLmIB1/sZNvbn9ojXqrNIgKhbLqycfVrluxRGc8c1JeQv98AroVU1U58jQq1YCcdx5X939hQ3aL27Ns6BNIIj0JGBPP8SoqrFYlacX0H4FpSuDe5xBWNsvp382LJJaBMvdERWfMeBR0Vqc/MTxDqRH+3YOits8BgWYuOZNOgjwl9BeFfEAjZn5N6+7f9KjkA==
2NXbMnQkQSMrnoV6qMgz2zT2+FW7pmre2fVRTaACL1wk9Ctny7Qv0x14da07uqT3TzWEC7TzwtEFo0U=
uW3KBpuWKAp8qOyIDBmnF4YgOMJxdxrhIlhu8h+NTGC5inBoGUCoRpsS5kuVql2fJYXH1csIo0Y=
VmTN6jo5+65Gt4Mf+qXXxdG70I+EsA6KxURPr7Y22NeMyQs5SvgaglyK3XQIqlWWyNwPnG75KQzt1eHbH7cnfqM8
jxrl7GCDarIpqFYT+pnPK1qx+kifPJNZyHKlMnTwpCs591BZNwyE/dZyuDP8LnWgWH4dV4gYR0g+LQEozfHJzw+jL3qjOA==
orcUMeZpP4lOMOXox95GpNwQhTciQTjkAUMZ/O2HsdjfObkyNlPlZU5PZtvgxQ+jTw==
miC/a5UXCQTPGoD6HrBJ6zT2+FW7pmre2fVRTaACL1wk9Ctny7Qv0xt4da07uqT3TzWEC7TzwtEFo0U=
pIdDhlnaVCUCorV7G122eYYgOMJxdxrhIlhu8h+NTGC5inBoGUaoRpsS5kuVql2fJYXH1csIo0Y=
/EGMtmKNA5Cwy8ns64GP63M1mRjFp93noeDaZE02kZyGhEg/f/eJC6qevwaHPwDAybzEWmB9AfUsh/dWcHt+oPQd7CSRlgCcgepoYpNuNt8tZj2bTVl3YRNkoyI=
7FCtRzWfbq+bKzOscn+CdQNa5PIeq3ADdE8tZlrmybgZBhoS2M3LiTHhBvgfpOOR6Hq1CjQINKPZv2BBNxS0tTb6KMu8FmWoeLZtzAiAtwAeJREQDYlZR29rH2KjIA==
SRSntYoiPUF0ZX7U78rnqSppy9cvmVEZQ08tZlrmybgZBhoS2M3LiTHhBvgfpOOR6Hq1CjQINKPZv2BBNxS0tTb6KMu8FmWoeLZtzAiAtwAeJREQDYlZR29rH2KjIA==
GaCOKkX58omUa0Y1fbgegRd+YCxRRiViWuLBrAkSMvb4qeNdYbXOPF9gK8W4rh1ulOycN0kr6MW3kDwhpm6ALxxyzXwo4qUISER/VE7xOXQtbXFTf38XZqMk
NVSl+LXxOfmiFsAnAlB0WfaEJ1eNrSoBhh6IHc/VDwesVF1eWt65kPkuSkoYFZvhkQm2gJ9cU/lIkmVSdNDki7mXkHk3LESdVtL4E/xOtUDY3t00iPgH6L5NQcjN0Qlvj0NvWqMY
DCcIk7O40DSo8OZ/qV8AIDfV4vL36NM2V8nVOpp5U2epHx8aHX/Ntemwg0BOVRSlRuRRb28l1JRFTytcOzqu3ahyWBdPYmB6teI6BHXbVcwx70WY6xHlwnpL0cXaN2qLXG1boxs=
rlt6QPqmnRZPYz6cHF+A5pAnVndW43+fYmhmUrrMWyCS/R/6k3pFUlrSoZzJwlJmeDlDDaFF7kxfkAu1+H69/hR8fGcJGwj1t6DcEeY+YL+c4m2saJKF+Eg0X6SOoZnkrf0Rg79Pd1ajFA==
6r7Q64THyr5X4WygASbgge3Gqw31jDM+uon+BXMQWs7wtWUvJQdpky/bDlCkP+wtk6yVAxsnDAn68zVKXpu4hRL0S6drNI+T+3hVbVs6xDdvNWRLVHNiEWWjJQ==
