X4wK1iMGZdVDOIcr1cU22QGqgAcpHo3u9yIWGcoaWqir8qh22mW8GQA4r/lsZbzFlNEsW46wwJTGMH+mSkghhcHO6uSgqpuoajTTGFPKRagFLA==
HNgoV4CNCPCscqMmNujE16F9KhdrVhAgA2fUTpUTv6wMYtkU93yy+Vp9dKC6tc0Q3ttTxI3jtoe7L55ix/iNknYMQce2/mO5q+iE21WiXMa3D2LXlAsHBlNSclqeHD1IaEhpU2ZKFrW/Vdvw5Xdl/16v77e/jG4jQv7JNel0zW8hNGz8WGjkzzIJivkKaswASAHg4NbtmtLLr7KzZV/hkjB0XcQey4lu47q+wOakdyJa7AnRgZpCwDCuE7zKYJtcA25tPAW4
PVCXUJNYyG7DUUJ5rc1Sm5kV9ADVUfEypus+c5GcX/Xcuj1qnzkSXh8uabVhFqVVhvHvOKtUzzUT8t2pzx/3Y7sFPQ==
RLsKnJEQ+3n4bACScCwhkVfdnnpul4RU+OeacarC4VOETvYOU/SCLtYPYYDWxri8/1I6ql+q+4yRwgVC
en+ON9VKF7QsLSvye1ghOar2Cve4nUup3QF9VxNGBT5zkbNeZ+A8UVWMKdxdkUkih22d95WXwQVH
CuDpb77YisALgTnhrlguLVfdnnpul4RU+OeacarC4VOETvYOU/SCLtkPYYDWxri8/1I6ql+q+4yRwgVC
MB+7MXsT9Eddmt0h/s9yK6r2Cve4nUup3QF9VxNGBT5zkbNeZ+88UVWMKdxdkUkih22d95WXwQVH
nW757GwTvOz6XEvFWxaI2AglZSHNqy7PwRnJsIk4sxiGVSu4qv2owp2KienuRwJuLyURgprHGbMxlRww3bFJQj4rRmNJ/NcltLrVOhfZSk7nbvFF2Xata+5xR0ijdLeFi7LluZe/fzOTBRU=
poTcaQBzzRdhyx/QysZkZvCPIV6ptDoKvAqOEe3OGgGBGRxSSsSz3bMrSEgNBJChyxi9zoUBWv5VkHRJc4OhgqCGm1taeECETcPIYOZEt0LazMUxgfoC4LBOU9zKwFt8gw4tnAUY
SAGhTZgjRIX6uJBVvj3Zv2lQ+nOiUBFXUVbMIWexH8Gx71zakYqF8Rp3FgYTxc2q7pfNS/3VUIgJYf0qYou6y92MY704Olmioyne5pvOLa1tJvnTIrELMPekQ63X0tlRg48LK58FGQ==
CBr5OJ+AB9qkLXHXwQ0qMfPGpB74sXgirYq5CT4HUs6/pWEiagdpkyGVDFDtcfkijqvWAxk8BwXEuiUaR5marnfuQaVpNp2L/nFXaFM0xyV7MnUZR38vU6MFJQ==
sbfd+dUr8perL/AuKyLgUTXpJ4MP5dkn5rx0KqmKvQEyF07W24WFGhY3pdtlVcgYoYFFWipLcpuFrIuNQDqhkssJBjbTjuVd1UZRQ7oxk6AfBDsdHxKRAVtvI1unBSE=
UIL0VJs1/ojbE6OuOt+pURzaCKY+1/g90bx0KqmKvQEyF07W24WFGhY3pdtlVcgYoYFFWipLcpuFrIuNQDqhkssJBjbTjuVd1UZRQ7oxk6AfBDsdHxKRAVtvI1unBSE=
cVl4dWQNhiehVA9W/bTtyckDm2ZLk2oW/q4rCj+FuJ/EQkkVF478n89/h/WqvEspL474GyBPT+TBSYJ6Y1aBQczigd43ib9uu2fYEXGEdSzRCQ0CgxVRZylfpQUj
DW7Hw/4sp/zwYd1zA0pHw6F9KhdrVhAgA2fUTpUTv6wMYtkU93yy+Vp9dKC6tc0Q3ttTxI3jtoe7L55ix/iNknYMQce2/mO5q+iE21WiXMa3D2LXlAsHBlNSclqeHD1IaEhpU2ZKFrW/Vdvw5Xdl/16v77e/jG4jQv7JNel0zW8hNGz8WGjkzzIJivkKaswASAHg4NbtmtLLr7KzZV/hkjB0XcQey4lu47q+wOakdyJa7AXRgZpCwDCuE7zKYJtcA25tPAW4
cFetxSTjqBWiOdTaGKiQrCg13Ki+IqEvhj/YBCkURAW0K9bp1MvmX1svsRZxrC4KlElYIc/NCTc5GK4ruqXRmkyqA1yIdKxEfGrFc4f2yFnkilQOdDWz5ZpwKKptHxjlT242M0ePtGdxvFX5U1DtrI6rrtKBjNanWx5nzJDBBIxRdVxLbLMz3N+bUn6FAUzrLFHq7em+H7DgBdvOofnUafKtKEFZv8YD/JIrJCyPpi4msxfPwFznEWb+cSMgbbkMQznp2BrTgX9Is7BlW2pbQP6mDSwh2a2S72E15YZYLV/vEmqAepd1G29kJXllxNr50LMP8oNmGl4+2NX8eDwhd+ZuXsGv4TM0RXMNy45b5xP/qObXkkqhscmwJVuxQCRYWMysu6I9Yj0q7qS0mPVoxJZJkiYbm9q3xZsJJiAAFeCe78Ea8w5WBEagHxaKGA11wb7KNOAaezjqpHNokxolmAUc
ysgwoUn/S8izglIvE/HJe8AuK2Mnmv8HaNkHRUrCUufUFED07BigiBg08iOQV7cVN7SfJD7m2ENOi6qxl9iaTg67P+xNrTU0hx4JJLUDMsPNMmy03YrXWFaRGLIfPrt5FBLgT2k4OlucpgpJQ3OYd4s3+f6cUOvNzxR6E1HRPSSqrmmx0jLikABBUUcE1P8B+vaevMZ0dIUd/Q2Iqg0f9bIerDLqZoiF7JQuBK1NBciUvDsWRCm2zF/lDG7xhxJURlMpY17HMSags7KQ7Pakn9Eh9S5xU3WNOg/vR46jdBLTp9pvleQJ5gTn9tcbg5jBn4AsIARxS0+lWAP2F+ONTNcLEoZJsOjT0sE5XWwLyoog3ebvv/jOfmnDjCGfcwpli24dGAti8v7usJBSUUIV/G7yUSY+LN+XGFgqTRR/l9Srf0U+CG9zT/3kSR5/2VfOI/dAkekU7cx5WcXCy2V5hxEvnQUb
R/uX5SWhBtX4cG0bk/lmnJDB9VGJUrnKVeN6JYre+Jd3KaGNdr9LHQaPOM5lb38z8jP2mZQbBu/bXxHGsZxOGpRZuBGPnanHuajOe3pV8YpMuiOsSCTM9PyaZSPHxihJ5Jo0PrTlE5UawMh6LW849U9+FkMHX1TX8cz1KZNgjbyOu07iwdx2V9uuB5xQMSScUWV8u6zjU2xfa/IuxTGs+yxBit0pbr/AYLU7HuGJ9HnyvQgxGW8ms3zii/Tsv8Y+JqP3/4AMR+HmThFz4J2ZHEMpySjag+HPyEMQNRtau1D+tm0c4QkN4m/R1TXGKA1P7wJK8DpHlavvFIWppfS66dCj78LDNrquvmi1rLjMAWfmfn4xb7FThMWDrZvOawcD/7iG51KaAcFJAMWL8TAESFjcjMvi7YKNqp4EZFjFCNSWWXIWW8t6R0UraXbg8DXwnv/h6jNeNrTGUL9GyijtZcGuqgQgyttIahSTuNNqBYgFDA==
H3XF5FHfW++k7qiKc6E3KqIVYKlOCCa0OD/bO9MTx8dVd7KJf2zhrqNNqScmq1C6dVt3N/I3/q2Eb27L+3v5MmGoBl7UHfClX2lBYxkMpg/q4XkOzD6rGNhQpFBcPo3XF3JgDaTefApkEfuxOuSgDj1bMPFPeh53Fys889HoHd1DVMX4zv8GVhEonvN7Cm/owIWsGNHh9A88lzvI/88a2hWF5L9sBcLp+ZpX5ECRU2rxvfx98rkABQkbTpdcxmMAPIuOembnv0tQ+K9FRup5B3ApEZjDrUGcSveJa2jn+MHL7vMUvvIlKDH95cZP9b1B1hwFS+8GQsQqM/2PzzBtXXXA8q2Q56d2E8JSCh7M3dgoeInjZvr2hf/FOyBlJ0VvHt9PR7/8ztOCbunlaSSt/+EEDExY2IT/8pnqqYq67JCI8UCQ1h06oos/kuPljwECcES9dB57aV6jKl4QZvRXshqcpSGB6uIw8D4zbEow+8zDXg2MBQg=
uBuppHSI2vH1+mATtut32lfdnnpul4RU+OeacarC4VOETvYOU/SCLtIMYYHWxri8/1I6ql+q+4yRwgVC
lWbZslg7pKho8I8miRuo26r2Cve4nUup3QF9VxNGBT5zkbNeZ+Q/UVSMKdxdkUkih22d95WXwQVH
CkrdFDHKKfNPYvkkN/Vk3UP1rPIg2N3tmHdi2kB7ECYsbzH/eiF1p6QQ7RF7eSwHLA6HKsaXHNQScMiSvcnE95OpMOA5S5mr59OjpeBlivc+6A2fFJ2ootxcLmJl29faQY3EyiXCrIppDkTEALRmYK+qGdg7wmpJiowJfYxJyJ72i7ppf4P3edQOxUiFnELVIE2u48dgGUO2KgQK6j9/yqe3KkSfR9DkbJxPyNZ8qT7g9Gc7BGOrLaLSC2SOdZRdsrFxzdb0XSyFSSJmADLWupsYMmqplaGVPgqo2Kdu2l5XBouIKR4Flg==
FGyPWZWfVRqbo0zOsgWV5B4h+9hkUpC9Xts7Pm4gNoIEeCOl7H827rn+JG1wSuEex27RBTn2zaIIcWaIA/QXReuyBfn3P99zswU1
NDlSzcKA0YcDrZnH8gBJPBAgWMWSm/eGOvBCaljYnw14D8J2NX6o9QS6dbZ7zg1tzaYZGkSxKnBXJCNtN9L5keMP62u/BTk=
nQgQSNhBK3X/cH9Y0fwDoBEgWMWSm/eGOvBCaljYnw14D8J2NX6o9QS6dbZ7zg1tzaYZGkSxKnBXJCNtN9L5keMP62u/BTk=
RQVB1EgpsKBD0NaoBm6p639+ycktmnpqTnBqfUz3yalDERI1mcvLkHDFQ/lLvqTF5GekC2Aed6/Dr2AOHlGnqz7gCLimHGeqeqR8zwGDsggQJgMECpgLVGMmXaQFIA==
/u8Z36xkNQRnwYgWY4LfQTIP8bVHCzDqNxG4u92SyPhAblLI9ekaJ/Ai/z5iobYSF1IRXofpTy7rju4RgKQl7GGp/YIT9QEn2X+1BTM=
6Mq8GaKlM9ycwnhydY9leThg0oR6B0/5luMj6UuuRPWktwR74K4XfwPfQB4eQYfb/jBoCCZsx3o6lJzfAZPSONB2o/SKKOsEI9Z9tAUw
9k4urX0Dd5ZpTnRLD4Zbox4j8dhhXI69Xts7Pm4gNoIEeCOl7H827rn+JG1wSuEex27RBTn2zaIIcWaIA/QXReuyBfn3P99zswU1
uksNx0TUgMRQkDkkUoQCaEUPYaPd1bDIaeVfZEKL2gt9DMN9WDq54gOpfqZ7zg1tzaYZGkSxKnBXJCNtN9L5keMP62u/BTk=
HHAjAPHc7E+bgQwwagZPdUUPYaPd1bDIaeFdakKL2gt9DMN9WDq54gOpfqZ7zg1tzaYZGkSxKnBXJCNtN9L5keMP62u/BTk=
11E54yj9fiMs0edz2sEwilERc8gl73rb7OgTBIOgaT0WlcoBFLYbI2E2NnajjGJWIHHh+Sa+WMQPKvrSr9Ib9GG6BTo=
b2lT3ku2d36dAS9Zqxazs1fdnnpul4RU+OeacarC4VOETvYOU/SCLtAJYYHWxri8/1I6ql+q+4yRwgVC
U2HOe6mlPH3o4+6Pl6x6Ear2Cve4nUup3QF9VxNGBT5zkbNeZ+Y6UVSMKdxdkUkih22d95WXwQVH
SNWkRUYUXFFwospJM8UZOp02cb0GXJZ0xhA/BsrobKXB5ypEIgpbiGpUE3jTqoXIBUw=
CNqFdr+YfCkbvp5flMPTFFfdnnpul4RU+OeacarC4VOETvYOU/SCLtgPYYnWxrq8/1I6ql+q+4yRwgVC
IzR5iFujj76BZU1m2BOQQ6r2Cve4nUup3QF9VxNGBT5zkbNeZ+48UVyMKd5dkUkih22d95WXwQVH
8auNMebdbffVvyOMb+7NeckDm2ZLk2oW/q4rCj+FuJ/EQkkVF478n89/h/WqvEstLYD4GyBPT+TBSYJ6Y1aBQczigd43ib9uu2bYEXiEdS7RCQ0CgxVRZylfpQUj
8VXkbOKikdqvcLgZNLB6mBzaCKY+1/g90bx0KqmKvQEyF07W24WFGhY3pdtlVcgYoYVHVCpLcpuFrIuNQDqhkssJBjbTjuVd1UZRS70xmqAfBjsdHxKRAVtvI1unBSE=
nL2Q3em+mdAIXsFEdU56yTXpJ4MP5dkn5rx0KqmKvQEyF07W24WFGhY3pdtlVcgYoYVHVCpLcpuFrIuNQDqhkssJBjbTjuVd1UZRS70xmqAfBjsdHxKRAVtvI1unBSE=
Oixem2kB4jwaezdfFsQIDPPGpB74sXgirYq5CT4HUs6/pWEiagdpkyGVDFDtdfssjqvWAxk8BwXEuiUaR5marnfuQaVpNp2D+XFeaFM2xyV7MnUZR38vU6MFJQ==
i2SQHdigs02stlfzGmf5kmlQ+nOiUBFXUVbMIWexH8Gx71zakYqF8Rp3FgYTxc2q7pfNS/3VUIgJZf8kYou6y92MY704Olmioyne5pvOLa1tJvnbJbECMPemQ63X0tlRg48LK58FGQ==
YIXJiUX4pI77P2lUl3xnh/CPIV6ptDoKvAqOEe3OGgGBGRxSSsSz3bMrSEgNBJChyxi9zoUBWv5RknpJc4OhgqCGm1taeECETcPIYOZEt0LazM02gfMC4LJOU9zKwFt8gw4tnAUY
S7D2siQ9QpifejHnuxi1XgglZSHNqy7PwRnJsIk4sxiGVSu4qv2owp2KienuRwJuLyURgprHGbMxlRww3bVLTD4rRmNJ/NcltLrVOhfZSk7nbvFF2XatY+lxTkijdreFi7LluZe/fzOTBRU=
