kTDht2/2jPRKnJmOXmQi6WLNyvtPWbqywF92CWuKiv1VyjIoMoTxGFyNhJJo/WO99dc4sYqNDuQhg7l8TUeT27//2bJUkIVgLo8GW4AFcKMv
JmG5xW59ZdbwZcv+eHKvnPlwwgb8JdZY4irifMFq1PMIPn9Y03kB8ZihUpYeo5RTaaQ7EjFkC0FJCdIpfj4XnI/QUFtu/y4sdWZS3nSMpkWAz3k3oYSSxMIWqv3Oy++U8NXa6Sr0i1cdO1FX2OcYO3mVTPsBcOe/CR0yfj4jZKlpko8Ur7M6R8jyIVGpmyhkZR2sIZxptBi/0oNGTYZObZggPijrsUnw+/vsBNWbNUzRL+abi1fFQlgIscB690oLPC3ko7s=
k9CXqGuWNMSgmQGDS9Jlct/4242Yog+Y1FQMv6lj2N23iAxpRuYQl1yK3XQIqlWWytwJnG77Kgzo1eHbH7cnYaM8
jNXzqYNqfrERnx0jW+6BmjT2+FW7pmre2fVRTaACL1wk9Ctny7Qv0xx6das7uqb0TzCEC7TzwtEao0U=
raMwKkf25bzCeX+7yVh55IYgOMJxdxrhIlhu8h+NTGC5inBoGUGqRp0S5kmWqlifJYXH1csXo0Y=
wSjBzkqH9DczCWSIJSaDqTT2+FW7pmre2fVRTaACL1wk9Ctny7Qv0x96das7uqb0TzCEC7TzwtEao0U=
M1Tz0FJlFUwval2lKVJ5YIYgOMJxdxrhIlhu8h+NTGC5inBoGUKqRp0S5kmWqlifJYXH1csXo0Y=
8NQSMornKEhGcC092iPCVZAnVndW43+fYmhmUrrMWyCS/R/6k3pFUlrSoZzJwlJmeDlDDaFF7kxfkAu1+Hq/8BR8fGcJGwj1t6DcEeY+YL+c4m2saJKF/Eo0WaSOo5rkqP0Rg79Pd0mjFA==
iRBm070g4olLPhw/7vneODfV4vL36NM2V8nVOpp5U2epHx8aHX/Ntemwg0BOVRSlRuRRb28l1JRBTSVcOzqu3ahyWBdPYmB6teI6BHXbVcwx70Ga6xflwnhI0cDaN2qLXG1Eoxs=
MtbdBGjLA6w5ZiTI6Ijid/aEJ1eNrSoBhh6IHc/VDwesVF1eWt65kPkuSkoYFZvhkQm2gJ9cU/lIlmdcdNDki7mXkHk3LESdVtL4E/xOtUDY3t0wivgB6L5PQsjI0Qlvj0NvRaMY
Biw4d+kKCLtxfYUYLxpw2xd+YCxRRiViWuLBrAkSMvb4qeNdYbXOPF9gK8W4qh9glOycN0kr6MW3kDwhpm6ALxxyzXwo4qUMSkR5VE7zOnQobXFTf38XeaMk
M4mbAjhu4/SwNAncWs1Y5Sppy9cvmVEZQ08tZlrmybgZBhoS2M3LiTHhBvgfpOOR6H63BDQINKPZv2BBNxS0tTb6KMu8FmWoeLZtyAqAsQAeJxIQCIlZR29rH32jIA==
S28vjEtr1PxQjaOipOH5DQNa5PIeq3ADdE8tZlrmybgZBhoS2M3LiTHhBvgfpOOR6H63BDQINKPZv2BBNxS0tTb6KMu8FmWoeLZtyAqAsQAeJxIQCIlZR29rH32jIA==
UmLH2gSH1rnAfNyujV37MnM1mRjFp93noeDaZE02kZyGhEg/f/eJC6qevwaHPwDEy7LEWmB9AfUsh/dWcHt+oPQd7CSRlgCcge9qYpVuNt0uZjibTVl3YRN7oyI=
pPnrUS4zIw+IFfeD5IzOivlwwgb8JdZY4irifMFq1PMIPn9Y03kB8ZihUpYeo5RTaaQ7EjFkC0FJCdIpfj4XnI/QUFtu/y4sdWZS3nSMpkWAz3k3oYSSxMIWqv3Oy++U8NXa6Sr0i1cdO1FX2OcYO3mVTPsBcOe/CR0yfj4jZKlpko8Ur7M6R8jyIVGpmyhkZR2sIZxptBi/0oNGTYZObZggPijrsUnw+/vsBNWbNUzRL+Cai1fFQlgIscB690oLPC3ko7s=
HeZKuz7jPN0rIpuzMQOm1r2f6Ge1+Gk7hIYY8NQBaIT4XqSaFyonc+Q6SzQ161DvcrAKre/uF0lsXx3BmiW6fM165aADjadDD6PlwJO7/PLJR0g9eq7/k34+7j4TQKtRPWo7UsjtaDrpAOYbS6266l3q0q959J1m8U63sjUi4HZI/TdcjNPoqrWhTP54o9gpBDYnsfbzFepMGU6vuxSqJ/9lxNT8nNAuhGr4u8j+4tsVbHUzrZ29x1YbjtiYjbPkg1C+tDRjC+1IGV3ikOlfciaN1K5fMw19srt7T4O40GeT/wPxCPWP+uq26/5ueG19wZA+NB6urp2KExOEXJ2+ac48J0dhY5W33F9ES9WdqDsl+IsP1eW2Xnp7WDmFWisUC3vW1/SqZXEtY/TUCZWI4XhhGGjjaoemid4yfTTo2qiP+eXgByOoZNEj6bx9J4Tar98p8gRwNeC+L3abUGVAox8=
vR6+wPqhKk5oasp8n5QUTjlGIeC1EDzYSNQ4/4JIBu/ScyUyzRWz+TTmSCooKmOirnZUWkdKl/N0mjt05Qtg7wKQ2m1fjofJnP9NgarFqnzdGtVg0y3Xw59DVYDDmwzy+ScY/YoObxPO3j5+Y2C7US1KSxIYDdi6eaAW2xvNiuqtyoLvyRQN5oHuZ3IFQvB2WB0HHNxzGColwfw+qIOoKTTW9/GGU4Vq/Hkeb0s0uifvRTQUrPxgrhTKiPsYHtLbZUyl8x39LUemu96YqG2j5JMwjnTkw3tt2PntosDJr3IW7YRur5Od/QJbqw/zmMBng99zsdgVP3p6Fhs+PhhdfTGwbnSuTj4d+rPDRGz9rmne3BcHMcNlN0w/9IsFvdg7FRhbT6VFJt7KGwj5dXo7FBtbJhekytXxvcOElNl1uOEIQcioUwoXJnl+Yj0ECMqon5nVINeD2ORBw1n8LQd02p+/eTL00KVgDs+m2yBFUKMP
OcfVrx6/3M+y2LK0Y4eZzdGXXavjg/YhKJHSbco4MZnBHcB1XrrhFZRr3ccQ/rQ6JCJnoqp+WEq7UrPTEOJnRCnDpC/G2JYdAzYjKXhn8REmTS78WZJZ8G+1s6M7+4lwD1NIsr1vVM1W9osz6sZCbm9ov1EpQkcCZBX8mp1YyutXhc6q6QJOHxWsqYbldtviicp09tyVi4xg6/zKgXmgTuTLbOnwHjvB2ivhSthh4n9HPL4n6004BFDkRI5wstTL1NYWG6EE6YNBRYmnQiNiCCTlJ2QXuALkWFsfDXxBMVIMAesyUqXIXnNred0mQ9cf/5DEZ4fXf6GkDRtanu7HDnJQGT11eKKEcvaafZ4rf9TgdSrpWlSbl41bgdfoh6j7SfUc+9HQl3/5PUL+7gP06XlyPxQfUyoHWNLx0dm72KQVvXwhzAmE2A+ys8ad5t6tiIBOKBsRWbBrG7yE5XuFDOHPN5rb9zUCKChBQCrX2sssTVSjCw==
N6lTblT9Z0+hWXL3tYtn/ytpxtNgj03Bf1h28g6Du4fMsUS9FGtORnT8m0lY7MiMneN/5yqVKW5gnPGR7Wptc4PZHGiQStSycxwLQmEinMptL8K8fbcZG4AUi2Ms+TIaRqhROGA0RtnzcxIEIoEnspvJuogwjeu4OtYeTLwA3pzEQ9YtV9jo/W0TIjgjy2LhNUvZsUyYVVedvjKRSxljclLpZzqvi4AtQotGqYjfx/EI0csAdmo3rJO2/yspefTxq1AEpjqRQAUdMCWFWxo+Sb8MwtM3qwq+nWblLynswwo+U+cWdYxlmWsUUocUDEIXzp6tlMrh8F/gZWW3YSRodfudSSsWSHOQXe6/0V1DV8yLu0sQArRr9AudBiepj3XMnOjUTjEZA6X0vpmAAVMosOM7ce37h+xi5AwedGxF0d1OucgqE0qUtt0TLJzhLuAk8VDq2uXW1mVe3vijPWGXWWNDoxo=
ZlvRaJNPN9MFK7uA9kQdyDT2+FW7pmre2fVRTaACL1wk9Ctny7Qv0x1+das7uqb0TzCEC7TzwtEao0U=
Lng11pZ17oT6TRfpIjudxYYgOMJxdxrhIlhu8h+NTGC5inBoGUCuRp0S5kmWqlifJYXH1csXo0Y=
VpW/eSAj3rw2COup6fdvqJ3NBc8/xiUPZKMz2ZscRjKflV1ekiLgSgLxT5KGp7lcn2+C+H3sxPdeY4THt/2QAYDLIMe1KgjIBTkIWmHw0aO9OBBrxs9pYzqatyyD645/ew+GQobEOefIES9jaBohgYjsmuA7sF9T61qUYyQDWzqAM1eoxAW8sicg9JcvS/18tr0nWy27uRWTwXmErWy4MlOVEWF/OpFuR/Ukl9R5hzJg8jVk1cet+nTAnc3mucokGdPR3FW3l163T8FSfMD9IPZ/rnv4Ffijpw==
nCzv6t9dzoNCtyXrPnSbqykdibd/8AdiED4MWyvL4NAOT3mBjHjJ3trEDWZhzSvPnMItDOgyxRdOVJkEDgNaxKgd0eM/rzdpozQ=
0tgBBKwhCSG6XDQMR52sWw+ewy7QctQXm2e4PG6j4S089FFSWkiV6tFhsyP8LnWgWH4dW44YQUg+LwIoyPHJzw+jL2WjOA==
NytLiMwsI1ODH03Y9xlbLg6ewy7QctQXm2e4PG6j4S089FFSWkiV6tFhsyP8LnWgWH4dW44YQUg+LwIoyPHJzw+jL2WjOA==
x1SH9k1fh2xxeBiY9IGafZwFinpShUtEvq4hDSOE/4nRUkElUpK3nMVBh6C58gJnOILtBiBPQPjTQ6t6c0OPXc7Z4sQ9i71sqX/SHnOHfSLQGBkAkkdCa2QdfKMj
Kw5BDuQOPjz1cq+A+yXCUQ2ewy7QctQXm2e4PG6j4S089FFSWkiV6tFhsyP8LnWgWH4dW44YQUg+LwIoyPHJzw+jL2WjOA==
gOOL3hBcb+HODbRtlL8gswyewy7QctQXm2e4PG6j4S089FFSWkiV6tFhsyP8LnWgWH4dW44YQUg+LwIoyPHJzw+jL2WjOA==
zTBfiHSwXJTdnn/mhe6uvysdibd/8AdiED4MWyvL4NAOT3mBjHjJ3trEDWZhzSvPnMItDOgyxRdOVJkEDgNaxKgd0eM/rzdpozQ=
KF05L5YmekYBK7pSWPq2jCkFhbdm5hhiED4MWyvL4NAOT3mBjHjJ3trEDWZhzSvPnMItDOgyxRdOVJkEDgNaxKgd0eM/rzdpozQ=
oKJIjGU5BbF5btfAWVA5/Fqx+kifPJNZyHKlMnTwpCs591BZNwyE/dZyuDP8LnWgWH4dW44YQUg+LwIoyPHJzw+jL2WjOA==
WvCu5xnwQdnH1w9JasjOE1qx+kifPJNZyHanPHTwpCs591BZNwyE/dZyuDP8LnWgWH4dW44YQUg+LwIoyPHJzw+jL2WjOA==
XPAmrgJTN+HgYVmiLrLhB5dW/wLJQ/Agt/t9Y47JX////zl11i4dZHk0Y7djFLdDjP7tO6NaziQH8Mz73BO6IWKjPQ==
S1YD5adoZH7TUgukhlvdVTT2+FW7pmre2fVRTaACL1wk9Ctny7Qv0xR+das7uqb0TzCEC7TzwtEao0U=
/H0CIz+qxer9fVSSbTOMZIYgOMJxdxrhIlhu8h+NTGC5inBoGUmuRp0S5kmWqlifJYXH1csXo0Y=
ZF5aUENzYgekTzOu8HdNlF9Cv01iAHuF0ia31j4ss6NK3zlRnU+u0oM7Ck5qha//16KvhFdbKz8rgDcVXqiEHTHV0YWhp5SMkX+QexZhRDV0loJEPIYFGLhmTbwOcJRSXp/ygIgZ+bevO39NoxA=
gHrYrFm4mOOSRr5d6UdiAtJ4EyYSiijTPHl2Ta36SiC+/wXvthtbVVrVoYi0hlxxOX1SBuFD7koL7xio8EjtoyNffDgBCxj/luXMQeQiaqCc4m2saJKF+E40XKaOq5rkqP0Rg79Pd0mjFA==
Y8U0PuRSX/qKsfWnmG6gRdJ4EyYSiinTPHl2Ta36SiC+/wXvthtbVVrVoYi0hlxxOX1SBuFD7koL7xio8EjtoiNffDgBCxj/luXMQeQiaqCc4m2saJKF+E40XKaOq5rkqP0Rg79Pd0mjFA==
9zFyz6+zjqd1pyq8x6iv8gGidflAcFPo9idUyIe7N/rvO0ps1jy/ZLHjSTydZ6HezxqLcuwwFeDe79YbsCVgoz8=
Qgm/DVrF7MU/v6PCwX4nVwa+5o4C+Ym0xRZz4TB7DjAmayfjaC4q8vIJvg4pJjsDLTzBEYPQGNsycc2ftfULUZG2c6pqSpms/MOD5PtUy/R/Ze4CpYe/v9trYAZl1ritL6GKkXaHpIl8CQ/9TvgkIO+qDt856mpDioQKbr1P3tnZ0Phpc5nJJ45cw2z1il/9JXeHkMN/C1zaYBtI4zkmy5H7ZVCUbNTCKY0z2dxa+Sz553hsK3+xIaPTHF6MKL4Y1LFBwca9SCaLXiRKdXfMsJkaMHi5lq6WOACm0bZ62E8FFYfFa8ejlg==
uYc5WJgaj/RCHHFsKI+rT1cfeXpUcs7/+wkz+9vRj/f3x/LxtiCLsKY4dsc2nvHHrJKMYx/YODyv+YLXIAPchqapWewL4LaEWe64BUs+tyqbJotTtmiZaV+dv01I/EnIyJ87t7Kbaomki3gPB+dCxjQy21wW9UXESqGu4mJUUZHuq40GAKMv14nlShqLNjl0j69RwV96fxFr/j7GszJPp9Z5BW3d2gjiVECtC7tDUORpvk2R4MbX0RFDBzX05OB2DuoA5zmLGnOIZM+Y7JA5CZxibSxoEoV4TrRcJo4rmmSofREDv893yaOU
ENNc/pXz0KPYyq/oDo+LG5qotTIcPeeVKqxiIhBH5PpxfLOQnOahvpwa1WF1zeXtfLWLPg3jrZrxaz7dgaO9KN8XCYjrOcNCLh9Pgf1TY8kQepFXNi8gVZbsne9vMCqpJA4S9AYkBuKEs3bUcdyXeT+6LKt7GvxkGaYVF9Y2fr91XIrR+KmIcPGfB09jh6pTwlNDcQ5bgxTdVxMpwO6M1z6hk9YtlA33wE+SBpPBW68yjF95LoHejY5wZWbxln/yVKXipJxoybUzOGGPXtSnr+8ka8unvok2farKvEPQSAMQg8ZpxqOZ
uDRrQcIKfYBEDEAKQXT4diU9f2KxeMK1WxZWX4z0rSVjI7/IFEVtcDIwSvpN/vu9S3GSDeWiowMDxp/T/BYv2u/6Bq9H1CX5DR5gJ4FdsyNNFf5C/wsYzw5J+NRz80FAJLUqNhzoCCQI/oqLeMh/rLll0YJCt1X60jh3nvvL+EYwY7tkxI02aUYsvyfJky33BI8s6y0toLstiLPv/bVungJLsBkdSqMUg2tO9xyaHbH1M9w0MeWAYXDR4MiLul/mMS6aHaz4UqgH6X0Ar1MQpIlzARwFl4lepyoTkiSgbaBGHx67yHXIo5c=
y1IDtRh/frQxuHaxnLShkbpu3PtPHHv0MgorOez9BVLW8JHbDAkR1/Lm+bR+Y8EBHXI+xh3MGaWG+fV6M/aXoN0pS4tJZ70QZ7lP2prv2ymB878hpCrF7/rvbC3CPGnHM1AWQTA+ZuwKJAr68INiPE28y1HLanjTN9ow3E32of8KlgIX4aw+SXQpBOhF75Pnnyf2O3aDl8lCG0/sCQdnARwOsL8qkWfOIZQB7zR/hm6vIYeHRtyLgeLBkjVaoNEOrTaDWsDVVjwQ6EUth8j1JyJ0e0dbdD9za37FTil6PpQfsHTrBLOyccqjlQ==
JqPQdSWewBMnYtqSHdjIySU9f2KxeMK1WxZWX4z0rSVjI7/IFEVtcDIwSvpN/vu9S3GSDeWiowMDxp/T0AEvze71G69H1CX5DR5gJ4FdsyNNFf5C/wsYzw5J+NRz80FAJLUqNhzoCCQI/oqLeMh/rLll0YJCt1X60jh3nvvL+EYwY7tkxI02aUYsvyfJky33BI8s6y0toLstiLPv/bVungJLsBkdSqMUg2tO9xyaHbH1M9w0MeWAYXDR4MiLul/mMS6aHaz4UqgH6X0Ar1MQpIlzARwFl4lepyoTkiSgbaBGHx67yHXIo5c=
4oN2B6eFvI5nFIRFo0Mn6Lpu3PtPHHv0MgorOez9BVLW8JHbDAkR0fLm+bR4Y8EBHXI+xh3MGaWG+fV6IvCVtdk9S4tJZ70QZ7lP2prv2ymB878hpCrF7/rvbC3CPGnHM1AWQTA+ZuwKJAr68INiPE28y1HLanjTN9ow3E32of8KlgIX4aw+SXQpBOhF75Pnnyf2O3aDl8lCG0/sCQdnARwOsL8qkWfOIZQB7zR/hm6vIYeHRtyLgeLBkjVaoNEOrTaDWsDVVjwQ6EUth8j1JyJ0e0dbdD9za37FTil6PpQfsHTrBLOyccqjlQ==
71f3XBrclTAKc9QZKiOOrAa+5o4C+Ym0xRZz4TB7DjAmayfjaC4q9ONR5h4/LW9cKj/UOMWzX5klKdrfsccMR4Src6pqSpms/MOD5PtUy/R/Ze4CpYe/v9trYAZl1ritL6GKkXaHpIl8CQ/9TvgkIO+qDt856mpDioQKbr1P3tnZ0Phpc5nJJ45cw2z1il/9JXeHkMN/C1zaYBtI4zkmy5H7ZVCUbNTCKY0z2dxa+Sz553hsK3+xIaPTHF6MKL4Y1LFBwca9SCaLXiRKdXfMsJkaMHi5lq6WOACm0bZ62E8FFYfFa8ejlg==
M5bQCRMzL3ntL77Znn9DJAa+5o4C+Ym0xRZz4TB7DjAmayfjaC4q9ONR5h4/LW9cKj/UOMWzX5klKdrfuNQGWoSpc6pqSpms/MOD5PtUy/R/Ze4CpYe/v9trYAZl1ritL6GKkXaHpIl8CQ/9TvgkIO+qDt856mpDioQKbr1P3tnZ0Phpc5nJJ45cw2z1il/9JXeHkMN/C1zaYBtI4zkmy5H7ZVCUbNTCKY0z2dxa+Sz553hsK3+xIaPTHF6MKL4Y1LFBwca9SCaLXiRKdXfMsJkaMHi5lq6WOACm0bZ62E8FFYfFa8ejlg==
swyzsckfqFQT9VJazbKCPp68uFaWHwuw5vEG76lM6FcRsq7avmZMmsRU16SwdX65cvUeIJnfojSIduQ47OBBP/KYvu4CQ69fm5Q+ANlqMHHbil/OO0Lj52acUS0f2Xe5mMghrOh704Oi72KNpI9wexfTqiIUVrNoxgGNgArlZhay4Dn1Tk9lspDXp1MJYcJuG4LRkC/LOXWPjrdVK7r2MmMGJ8P2ne1Zza4A5lREpX+rd7gASdolpTAyH5VRB8/BJFCIEq4O6FOp/5L3COBH7Hwk0e08BgWYuOZNPA7wlNJeH/IAiJn5N6+7f82jkA==
D4vVHtV3CIvOSrzDYyDqeM7s/Ehaj+B4MwOLelOD/txilBPEHUsd7Mm//B6Twt+iuNh5ALIHouvE3RyjQw==
EFXtKJaPnoFaddYIURddzikfg7d6/hliED4MWyvL4NAOT3mBjHjJ3trEDWZhzSvPnMItDOgyxR5IVJ8GDgtaxKgd0eM/rzdpozQ=
V+u6WME79BOBjIzXUmWqpw2CvJB9AACHmHFSp8hJf0BKEG3Z3vWwP12/1IqFGBqe+RvGa605DEipkhCgabkorsvIxkmmkpg3tR0nnTtvoy4=
PRNzgWqpAyCMkPfFN4xvl6pGnZPKl7tngiVpbGQgwVl/iIElPelD284kKsyTOeroiavY1azje0ljf05ZNCeBORpOhe5+FfwHcnni1vfNzk6A/8vZRuAvBMO0M5dz1MfjVfu93xAa1sRXcDzbrNMqQVKjDQ==
mNwqbWXF1B3mKL4FtjJq2087Lhj+hsTfxbE3EA7SiuzIL1PgomFHs5zrqpWInJD3o2F/el5RYGAN7ULwPRv64ovUIbuc+5K+Y31athx/V6HSULvsLxSf/weEczupOoGHZEri7LuQEPO4oz55TqMR
7FwJwS7Y5csTORCkwSlTP1qx+kifPJNZyHKlMnTwpCs591BZNwyE/dZyuDP8LnWgWH4dWogYREs+JwIoyPHJzw+jL2WjOA==
zCz2pL4OOa8abQihe44LD9wQhTciQTjkAUMZ/O2Hv9jfOroyPFDlYE5PZtvgxRCjTw==
827OS67mwJZ9Yp7ASlP0MTT2+FW7pmre2fVRTaACL1wk9Ctny7Qv0xV4da44uq70TzCEC7TzwtEao0U=
wJvuWscb4HOvJiic4coEsIYgOMJxdxrhIlhu8h+NTGC5inBoGUioRpgR5kGWqlifJYXH1csXo0Y=
Sg3CCg7pfm18FLbCs54dhHM1mRjFp93noeDaZE02kZyGhEg/f/eJC6qevwaHPwDAybzEWmB9AfUsh/dWcHt+oPQd7CSRlgCcgeRoYpBtNtUuZjibTVl3YRN7oyI=
hWJ14vTAe0i8MngaD3+rvwNa5PIeq3ADdE8tZlrmybgZBhoS2M3LiTHhBvgfpOOR6Hq1CjQINKPZv2BBNxS0tTb6KMu8FmWoeLZtwgiAtAMeLxIQCIlZR29rH32jIA==
X+a2DBPNGKu9vhfsgYy1SCppy9cvmVEZQ08tZlrmybgZBhoS2M3LiTHhBvgfpOOR6Hq1CjQINKPZv2BBNxS0tTb6KMu8FmWoeLZtwgiAtAMeLxIQCIlZR29rH32jIA==
H+Nu/n2H1v5nxp4vlJBrehd+YCxRRiViWuLBrAkSMvb4qeNdYbXOPF9gK8W4rh1ulOycN0kr6MW3kDwhpm6ALxxyzXwo4qUGSER8V077OnQobXFTf38XeaMk
t2lGz0l0HVPhEv720eeVGPaEJ1eNrSoBhh6IHc/VDwesVF1eWt65kPkuSkoYFZvhkQm2gJ9cU/lIkmVSdNDki7mXkHk3LESdVtL4E/xOtUDY3t06iPgE675HQsjI0Qlvj0NvRaMY
1fgEGvCh4V2XQYE3j+fEqjfV4vL36NM2V8nVOpp5U2epHx8aHX/Ntemwg0BOVRSlRuRRb28l1JRFTytcOzqu3ahyWBdPYmB6teI6BHXbVcwx70uY6xLmwnBI0cDaN2qLXG1Eoxs=
AQGCtjVKDSLfMCrGJMiglpAnVndW43+fYmhmUrrMWyCS/R/6k3pFUlrSoZzJwlJmeDlDDaFF7kxfkAu1+H69/hR8fGcJGwj1t6DcEeY+YL+c4m2saJKF9kg0XKeOq5rkqP0Rg79Pd0mjFA==
iZ0wUdOC9HmsJBwBoPfJe+3Gqw31jDM+uon+BXMQWs7wtWUvJQdpky/bDlCkP+wtk6yVAxsnDAn68zVKXpu4hRL0S6drNI+T9HhVblg6zjRvMGRLVHNiEXqjJQ==
