BWKsXj1ntrvV3Qy3XnOjqlfdnnpul4RU+OeacarC4VOETvYOU/SCLtIPYY7Wxri8/1I6ql+q+4yRwgVC
/71WrzGOZfedWCstdJQyL1fdnnpul4RU+OeacarC4VOETvYOU/SCLtUOYY/Wxri8/1I6ql+q+4yRwgVC
+cF9XPG9cznBHVWHWWniB0P1rPIg2N3tmHdi2kB7ECYsbzH/eiF1p6QQ7RF7eSwHLA6HKsaXHNQScMiSvcnE95OpMOA5S5mr59OjpeBlivc+6A2fFJ2ootxcLmJl29faQY3EyiXCrIppDkTEALRmYK+qGdg7wmpJiowJfYxJyJ72i7ppf4P3edQOxUiFnELVIE2u48dgGUO2KgQK6j9/yqe3KkSfR9DkbJxPyNZ8qT7g9Gc7BGOrLaLSC2SOdZRdsrFxzdb0XSyFSSJmADLWupsYMmqulKGbPgqo2Kdu2l5XBouIKR4Flg==
H8P+CBZbpIM6H0xz4xjgkh4h+9hkUpC9Xts7Pm4gNoIEeCOl7H827rn+JG1wSuEex27RBTn2zaQJcWiIA/QXReuyBfn3P99zswU1
k+gATmudRq5JX/yIR4XvuxAgWMWSm/eGOvBCaljYnw14D8J2NX6o9QS6dbZ7zg1tzaYZHEWxJHBXJCNtN9L5keMP62u/BTk=
raZ7Hv+M4T/p80qAS0xeRREgWMWSm/eGOvBCaljYnw14D8J2NX6o9QS6dbZ7zg1tzaYZHEWxJHBXJCNtN9L5keMP62u/BTk=
kIJ++u/dwxDKixMs8L97OH9+ycktmnpqTnBqfUz3yalDERI1mcvLkHDFQ/lLvqTF5GekC2Aed6/Dr2AOHlGnqz7gCLimHGeqeqR6zgGNsggQJgMECpgLVGMmXaQFIA==
FE4qHG+bzwuDZ1QOqPqOrjIP8bVHCzDqNxG4u92SyPhAblLI9ekaJ/Ai/z5iobYSF1IRXofpTy7riO8RjqQl7GGp/YIT9QEn2X+1BTM=
EVwv1DOot0N1XxejAlLHlDhg0oR6B0/5luMj6UuuRPWktwR74K4XfwPfQB4eQYfb/jBoCCZsx3o6lJreAZ3SONB2o/SKKOsEI9Z9tAUw
FmdsdqsaZyI8EZ5f2vcXrx4j8dhhXI69Xts7Pm4gNoIEeCOl7H827rn+JG1wSuEex27RBTn2zasJcWiIA/QXReuyBfn3P99zswU1
NeGR21ZouBkzwOUHka9o60UPYaPd1bDIaeVfZEKL2gt9DMN9WDq54gOpfqZ7zg1tzaYZE0WxJHBXJCNtN9L5keMP62u/BTk=
Z1WHztPq3uYbaGoFCdWxP0UPYaPd1bDIaeFdakKL2gt9DMN9WDq54gOpfqZ7zg1tzaYZE0WxJHBXJCNtN9L5keMP62u/BTk=
3uFyaSzGrMRg6hV42fqg4lERc8gl73rb7OgTBIOgaT0WlcoBFLYbI2E2NnajjGJWKXDh9ya+WMQPKvrSr9Ib9GG6BTo=
PN1l3AM3LKqGcsBoS/+jAVfdnnpul4RU+OeacarC4VOETvYOU/SCLtkIYY/Wxri8/1I6ql+q+4yRwgVC
iQYGWRD6ANhmK7qkN9gXaar2Cve4nUup3QF9VxNGBT5zkbNeZ+87UVqMKdxdkUkih22d95WXwQVH
fuEH79BMRNSeq9p5MfoGB0UPYaPd1bDIaeVfZEKL2gt9DMN9WDq54gOpfqZ7zg1tzaYZHkKxK3BXJCNtN9L5keMP62u/BTk=
riAjCUM5t7eKa829bnXfOJ02cb0GXJZ0xhA/BsroYKXB7ipEIApbiGpUE3jTqoXIBUw=
pnDTbICHAprzD2+7YCKwL1fdnnpul4RU+OeacarC4VOETvYOU/SCLtQPYYDWxri8/1I6ql+q+4yRwgVC
10qrkxq69aFh1IyRSVbI8ar2Cve4nUup3QF9VxNGBT5zkbNeZ+I8UVWMKdxdkUkih22d95WXwQVH
hG/8kzpzV02gOUPzNfnH1MkDm2ZLk2oW/q4rCj+FuJ/EQkkVF478n89/h/WqvEstLYD4GyBPT+TBSYJ6Y1aBQczigd43ib9uu2rYEXGEdSzRCQ0CgxVRZylfpQUj
EnBwYXdLRPgcUkxyr9PoehzaCKY+1/g90bx0KqmKvQEyF07W24WFGhY3pdtlVcgYoYVHVCpLcpuFrIuNQDqhkssJBjbTjuVd1UZRTroxk6AfBDsdHxKRAVtvI1unBSE=
0UFPVoeasjG8zo8ZL6MCRzXpJ4MP5dkn5rx0KqmKvQEyF07W24WFGhY3pdtlVcgYoYVHVCpLcpuFrIuNQDqhkssJBjbTjuVd1UZRTroxk6AfBDsdHxKRAVtvI1unBSE=
CWGFeKhfmaICOMqHlQWluPPGpB74sXgirYq5CT4HUs6/pWEiagdpkyGVDFDtdfssjqvWAxk8BwXEuiUaR5marnfuQaVpNp2G/nFXaFM0xyV7MnUZR38vU6MFJQ==
RRUX7PvH/mnrT1PwKLQq/mlQ+nOiUBFXUVbMIWexH8Gx71zakYqF8Rp3FgYTxc2q7pfNS/3VUIgJZf8kYou6y92MY704Olmioyne5pvOLa1tJvneIrELMPekQ63X0tlRg48LK58FGQ==
7GyQ7GUekopFdnRdEdvq1PCPIV6ptDoKvAqOEe3OGgGBGRxSSsSz3bMrSEgNBJChyxi9zoUBWv5RknpJc4OhgqCGm1taeECETcPIYOZEt0LazMgxgfoC4LBOU9zKwFt8gw4tnAUY
FFtEs+NfWDRyW8AEAWQG4gglZSHNqy7PwRnJsIk4sxiGVSu4qv2owp2KienuRwJuLyURgprHGbMxlRww3bVLTD4rRmNJ/NcltLrVOhfZSk7nbvFF2XatZu5xR0ijdLeFi7LluZe/fzOTBRU=
2NESKXtr3+6uYOift85QoGQzkgzGpN3m+/+XeEcm1pvJg0goe+3CEeGE+lLAaw7e0KfTTC52AuM7gd5WdHtWqtJu9i6TlAKOl+9hYJZmONw/cjqKH0p7LFGiBSI=
