JjcFVHHpoR/+BVvaWCDjhWLNyvtPWbqywF92CWuKiv1VyjIoMoTxGFyNhJJo/WO99dc4sYqNDuQhgrl8TUee2b//3rJQkIVqLY8aT4cFeqMo
3a2DbtUyAgnzwbjAi1dACPlwwgb8JdZY4irifMFq1PMIPn9Y03kB8ZihUpYeo5RTaaQ7EjFkC0FJCdIpfj4XnI/QUFtu/y4sdWZS3nSMpkWAz3k3oYSSxMIWqv3Oy++U8NXa6Sr0i1cdO1FX2OcYO3mVTPsBcOe/CR0yfj4jZKlpko8Ur7M6R8jyIVGpmyhkZR2sIZxptBi/0oNGTYZObZggPijrsUnw+/vsBNWaNUzRL+qZi1fCQlwIscp591YfOy3uo7w=
nSXNwwErhmiyBUp7al3ZQPlwwgb8JdZY4irifMFq1PMIPn9Y03kB8ZihUpYeo5RTaaQ7EjFkC0FJCdIpfj4XnI/QUFtu/y4sdWZS3nSMpkWAz3k3oYSSxMIWqv3Oy++U8NXa6Sr0i1cdO1FX2OcYO3mVTPsBcOe/CR0yfj4jZKlpko8Ur7M6R8jyIVGpmyhkZR2sIZxptBi/0oNGTYZObZggPijrsUnw+/vsBNWaNUzRL+OYi1fCQlwIscp591YfOy3uo7w=
gbT0hNFp+DhvxBV9cskgNd/4242Yog+Y1FQMv6lj2N23iAxpRuYQl1yK3HQIqlWVyNwJm27/Kgzi1uHHC7Ana6M7
bvbXyTeqdGWiw+WKqc1y/pAnVndW43+fYmhmUrrMWyCS/R/6k3pFUlrSoZzJwlJmeDlDDaFF7kxfkAu1+Hq/8BR8fGcJGwj1t6DcEeY+YL+c4mysaJKF+kg0WaOOp5rkov4Rn6tId0OjEw==
3BEkwLsl5TosM+K6kKQEojfV4vL36NM2V8nVOpp5U2epHx8aHX/Ntemwg0BOVRSlRuRRb28l1JRBTSVcOzqu3ahyWBdPYmB6teI6BHXaVcwx70eY6xfiwnxI0crZN3afW21Ooxw=
bd6cLku3vfL70XqiVSG+4vaEJ1eNrSoBhh6IHc/VDwesVF1eWt65kPkuSkoYFZvhkQm2gJ9cU/lIlmdcdNDki7mXkHk3LESdVtL4E/xOtEDY3t02iPgB775LQsjC0glzm0RvT6Mf
d+HP586TvSZq+dpI0C/afBd+YCxRRiViWuLBrAkSMvb4qeNdYbXOPF9gK8W4qh9glOycN0kr6MW3kDwhpm6ALxxyzHwo4qUKSER5U073OnQibnFPa3gXc6Mj
cic76biwb2Lp1xCwAkHNzCppy9cvmVEZQ08tZlrmybgZBhoS2M3LiTHhBvgfpOOR6H63BDQINKPZv2BBNxS0tTb6KMu8FmSoeLZtzgiAsQceIxIQAopZW3tsH3ejJw==
WLxk8Oxjl0GWJ1dZiu/X2ANa5PIeq3ADdE8tZlrmybgZBhoS2M3LiTHhBvgfpOOR6H63BDQINKPZv2BBNxS0tTb6KMu8FmSoeLZtzgiAsQceIxIQAopZW3tsH3ejJw==
EM52kmjoaO5SAfg5IACuW3M1mRjFp93noeDaZE02kZyGhEg/f/eJC6qevwaHPwDEy7LEWmB9AfUsh/dWcHt+oPQd7CSQlgCcgehoYpVpNtkuZjKYTUVjZhNxoyU=
xx+E+Tp0Nx8Xi8ltms2e7flwwgb8JdZY4irifMFq1PMIPn9Y03kB8ZihUpYeo5RTaaQ7EjFkC0FJCdIpfj4XnI/QUFtu/y4sdWZS3nSMpkWAz3k3oYSSxMIWqv3Oy++U8NXa6Sr0i1cdO1FX2OcYO3mVTPsBcOe/CR0yfj4jZKlpko8Ur7M6R8jyIVGpmyhkZR2sIZxptBi/0oNGTYZObZggPijrsUnw+/vsBNWaNUzRL+eYi1fCQlwIscp591YfOy3uo7w=
AQydiBd1TRT1lqN33fvo1DT2+FW7pmre2fVRTaACL1wk9Ctmy7Qv0xt+das8uqL0TzqHC6jnxdEQo0I=
PlbIG/PjYW2tRqnlgDf+cIYgOMJxdxrhIlhu8h+NTGC4inBoGUauRp0V5k2WqlKcJZnT0ssdo0E=
DufrWRwDy0jZAJw9c0342jT2+FW7pmre2fVRTaACL1wk9Ctmy7Qv0xx4dak6uqP0TzqHC6jnxdEQo0I=
NIPVInCRIPp6lalOsGAc2oYgOMJxdxrhIlhu8h+NTGC4inBoGUGoRp8T5kyWqlKcJZnT0ssdo0E=
xUVXBvZVZZCfNHPDFVWqe1qx+kifPJNZyHKlMnTwpCs591BZNwyE/dZyuDP8LnSgWH4dUIsYSEk+KgIowvLJ0xukL2+jPw==
AYqb7HjwqpfCdtxx9RLytNwQhTciQTjkAUIZ/O2HtdvfNrgyMVDlak1Pes/nxRqjSA==
fjR4VWRRD+GkhN6DNemcXDT2+FW7pmre2fVRTaACL1wk9Ctmy7Qv0x97daI6uqP0TzqHC6jnxdEQo0I=
E1G3eF7gKA82J6323F1pJYYgOMJxdxrhIlhu8h+NTGC4inBoGUKrRpQT5kyWqlKcJZnT0ssdo0E=
NShCWcZfj1IYM8C7AKo2tnM1mRjFp93noeDaZE02kZyGhEg/f/eJC6qevwaHPwDAybzEWmB9AfUsh/dWcHt+oPQd7CSQlgCcge5rYpxvNtguZjKYTUVjZhNxoyU=
iV8UKFyu3M2i2VOA8GvJowNa5PIeq3ADdE8tZlrmybgZBhoS2M3LiTHhBvgfpOOR6Hq1CjQINKPZv2BBNxS0tTb6KMu8FmSoeLZtyAuAuAEeIhIQAopZW3tsH3ejJw==
MiR9ysLBCafNRDdvAzmZoSppy9cvmVEZQ08tZlrmybgZBhoS2M3LiTHhBvgfpOOR6Hq1CjQINKPZv2BBNxS0tTb6KMu8FmSoeLZtyAuAuAEeIhIQAopZW3tsH3ejJw==
u53U7MaVdYFoHCAtQA9lvRd+YCxRRiViWuLBrAkSMvb4qeNdYbXOPF9gK8W4rh1ulOycN0kr6MW3kDwhpm6ALxxyzHwo4qUMS0RwVU72OnQibnFPa3gXc6Mj
QIFKUKTe3ysNvlm3pCAk0PaEJ1eNrSoBhh6IHc/VDwesVF1eWt65kPkuSkoYFZvhkQm2gJ9cU/lIkmVSdNDki7mXkHk3LESdVtL4E/xOtEDY3t0wi/gI6b5KQsjC0glzm0RvT6Mf
/UlU68xDPqsq7/o7J4ZaCTfV4vL36NM2V8nVOpp5U2epHx8aHX/Ntemwg0BOVRSlRuRRb28l1JRFTytcOzqu3ahyWBdPYmB6teI6BHXaVcwx70Gb6x7kwn1I0crZN3afW21Ooxw=
m0gHyPR00bGdwU8QJr3lkpAnVndW43+fYmhmUrrMWyCS/R/6k3pFUlrSoZzJwlJmeDlDDaFF7kxfkAu1+H69/hR8fGcJGwj1t6DcEeY+YL+c4mysaJKF/Es0UKWOpprkov4Rn6tId0OjEw==
EaMfwe6qa06XpPtRC67le+3Gqw31jDM+uon+BXMQWs7wtWUvJQdpky/bDlCkP+wtk6yVAxsnDAn68zVKXpu4hRL0S6ZrNI+T/ntVYlo6wzRvOmdLSGdlEXCjIg==
