v3mZamvcpM8wUolW34IxSGLNyvtPWbqywF92CWuKiv1VyjIoMoTxGFyNhJJo/WO99dc4sYqNDuQhg7l8TUeS2L/82rJVk4VlLo8GW4AFb6Mv
kuUBNr8CEMD0SBi3KadPoflwwgb8JdZY4irifMFq1PMIPn9Y03kB8ZihUpYeo5RTaaQ7EjFkC0FJCdIpfj4XnI/QUFtu/y4sdWZS3nSMpkWAz3k3oYSSxMIWqv3Oy++U8NXa6Sr0i1cdO1FX2OcYO3mVTPsBcOe/CR0yfj4jZKlpko8Ur7M6R8jyIVGpmyhkZR2sIZxptBi/0oNGTYZObZggPijrsUnw+/vsBNWbNUzRL+WYi1TGQlkLscV690oLPC37o7s=
JzAUMAMdArDh3foX26Z1dflwwgb8JdZY4irifMFq1PMIPn9Y03kB8ZihUpYeo5RTaaQ7EjFkC0FJCdIpfj4XnI/QUFtu/y4sdWZS3nSMpkWAz3k3oYSSxMIWqv3Oy++U8NXa6Sr0i1cdO1FX2OcYO3mVTPsBcOe/CR0yfj4jZKlpko8Ur7M6R8jyIVGpmyhkZR2sIZxptBi/0oNGTYZObZggPijrsUnw+/vsBNWbNUzRL+SYi1TGQlkLscV690oLPC37o7s=
DILAnnu6Nwz2moXcx9vI8N/4242Yog+Y1FQMv6lj2N23iAxpRuYQl1yK3XQIqlWVz9wKn276KQzt1eHbH7cnfqM8
gmqRSVg+g0WiFk3/KqMXPpAnVndW43+fYmhmUrrMWyCS/R/6k3pFUlrSoZzJwlJmeDlDDaFF7kxfkAu1+Hq/8BR8fGcJGwj1t6DcEeY+YL+c4m2saJKF+080WqeOopnkrf0Rg79Pd1ajFA==
7gbznjjGvffodff8WSnjUDfV4vL36NM2V8nVOpp5U2epHx8aHX/Ntemwg0BOVRSlRuRRb28l1JRBTSVcOzqu3ahyWBdPYmB6teI6BHXbVcwx70af6xTmwnlL0cXaN2qLXG1boxs=
uMEEjXPCfS/g6s6GdvDbxvaEJ1eNrSoBhh6IHc/VDwesVF1eWt65kPkuSkoYFZvhkQm2gJ9cU/lIlmdcdNDki7mXkHk3LESdVtL4E/xOtUDY3t03j/gC675OQcjN0Qlvj0NvWqMY
v09sb36gPkPKT6t/18vP+xd+YCxRRiViWuLBrAkSMvb4qeNdYbXOPF9gK8W4qh9glOycN0kr6MW3kDwhpm6ALxxyzXwo4qULT0R6V07yOXQtbXFTf38XZqMk
Jbiq24Ch+4GA3jwt9lRRBippy9cvmVEZQ08tZlrmybgZBhoS2M3LiTHhBvgfpOOR6H63BDQINKPZv2BBNxS0tTb6KMu8FmWoeLZtzw+AsgMeJhEQDYlZR29rH2KjIA==
HVxGJ5h7Oeuf/l+WnBdHIQNa5PIeq3ADdE8tZlrmybgZBhoS2M3LiTHhBvgfpOOR6H63BDQINKPZv2BBNxS0tTb6KMu8FmWoeLZtzw+AsgMeJhEQDYlZR29rH2KjIA==
7WmVOPlVRVTtS6+4HCrAvHM1mRjFp93noeDaZE02kZyGhEg/f/eJC6qevwaHPwDEy7LEWmB9AfUsh/dWcHt+oPQd7CSRlgCcgelvYpZtNtwtZj2bTVl3YRNkoyI=
gCQnjR9hwZqfVbXSZp3kgPlwwgb8JdZY4irifMFq1PMIPn9Y03kB8ZihUpYeo5RTaaQ7EjFkC0FJCdIpfj4XnI/QUFtu/y4sdWZS3nSMpkWAz3k3oYSSxMIWqv3Oy++U8NXa6Sr0i1cdO1FX2OcYO3mVTPsBcOe/CR0yfj4jZKlpko8Ur7M6R8jyIVGpmyhkZR2sIZxptBi/0oNGTYZObZggPijrsUnw+/vsBNWbNUzRL+afi1TGQlkLscV690oLPC37o7s=
f1KOwL9KwXRQIw9mTK+qYb2f6Ge1+Gk7hIYY8NQBaIT4XqSaFyonc+Q6SzQ161DvcrAKre/uF0lsXx3BmiW6fM165aADjadDD6PlwJO7qKDOFx05Kamulihu7mtGSqhRbWs1UsjuPD2yAOZIEfi4vAzu0q959J1m8U63sjUi4HZI/TdcjNPoqrWhTP54o9gpBDYnsfbzFepMGU6vuxSqJ/9lxNT8nNAuhGr4u8j+4tsVbHUzrZ29x1YbjtiYjbPkg1C+tDRjC+1IGV3ikOlfciaN1K5fMw19srt7T4O40GeT/wPxCPWP+uq26/5ueG19wZA+NB6urp2KExOEXJ2+ac48J0dhY5W33F9ES9WdqDsl+IsP1eW2Xnp7WDmFWisUC3vW1/SqZXEtY/TUCZWI4XhhGGjjaoemid4yfTTo2qiP+eXgByOoZNEj6bx9J4fer9wq8gVzNeW+L3abUGVfox8=
OiF5M879ufwyqQX62WD+MCtpxtNgj03Bf1h28g6Du4fMsUS9FGtORnT8m0lY7MiMneN/5yqVKW5gnPGR7Wptc4PZHGiQStSycxwLQmEinMpte5C7LeIdSIdFjjV8+WdPTKtRaGE6RtnwJxVfIoF06M7L7Nk0jeu4OtYeTLwA3pzEQ9YtV9jo/W0TIjgjy2LhNUvZsUyYVVedvjKRSxljclLpZzqvi4AtQotGqYjfx/EI0csAdmo3rJO2/yspefTxq1AEpjqRQAUdMCWFWxo+Sb8MwtM3qwq+nWblLynswwo+U+cWdYxlmWsUUocUDEIXzp6tlMrh8F/gZWW3YSRodfudSSsWSHOQXe6/0V1DV8yLu0sQArRr9AudBiepj3XMnOjUTjEZA6X0vpmAAVMosOM7ce37h+xi5AwedGxF0d1OucgqE0qUtt0TLJzhLuAk8VTu2ubV1mRd3v2jPWGXWWNcoxo=
PHEkwB6tfkfAsQ+wQEwywtGXXavjg/YhKJHSbco4MZnBHcB1XrrhFZRr3ccQ/rQ6JCJnoqp+WEq7UrPTEOJnRCnDpC/G2JYdAzYjKXhn8REmTS78WZJZ8G+1s6M7+4lwD1Mc4Lo/AckF8do2vJZCOzpivFF5Q0kCZBaoncZYyrgN0Mz8uAZOHxWsqYbldtviicp09tyVi4xg6/zKgXmgTuTLbOnwHjvB2ivhSthh4n9HPL4n6004BFDkRI5wstTL1NYWG6EE6YNBRYmnQiNiCCTlJ2QXuALkWFsfDXxBMVIMAesyUqXIXnNred0mQ9cf/5DEZ4fXf6GkDRtanu7HDnJQGT11eKKEcvaafZ4rf9TgdSrpWlSbl41bgdfoh6j7SfUc+9HQl3/5PUL+7gP06XlyPxQfUyoHWNLx0dm72KQVvXwhzAmE2A+ys8ad5t6tiIBOKBsRWbBrG7yE5XuFDOHPM57b9DYCKStBRSrX2sssTUujCw==
g/EUQeNF+D6vhfmtLG3/9jlGIeC1EDzYSNQ4/4JIBu/ScyUyzRWz+TTmSCooKmOirnZUWkdKl/N0mjt05Qtg7wKQ2m1fjofJnP9NgarFqnzdGtVg0y3Xw59DVYDDm1ig/ndN+dkJPhaYjj4rNmq4UX1LRRIYDoy9IqAWiEGYiLz8zoLvyRQN5oHuZ3IFQvB2WB0HHNxzGColwfw+qIOoKTTW9/GGU4Vq/Hkeb0s0uifvRTQUrPxgrhTKiPsYHtLbZUyl8x39LUemu96YqG2j5JMwjnTkw3tt2PntosDJr3IW7YRur5Od/QJbqw/zmMBng99zsdgVP3p6Fhs+PhhdfTGwbnSuTj4d+rPDRGz9rmne3BcHMcNlN0w/9IsFvdg7FRhbT6VFJt7KGwj5dXo7FBtbJhekytXxvcOElNl1uOEIQcioUwoXJnl+Yj0ECMqon5nVINeD2ORBw1n8LQd33p+8ejL106VlDs+m2yBFT6MP
klwQ/Shp+Zfg2c4prhVi3DT2+FW7pmre2fVRTaACL1wk9Ctny7Qv0xl4da84uqf3TzWEC7TzwtEFo0U=
9yyjs5BTSuUUNTZbGzJr84YgOMJxdxrhIlhu8h+NTGC5inBoGUSoRpkR5kiVql2fJYXH1csIo0Y=
ujcWw+004G3L2DIgsu6a+jT2+FW7pmre2fVRTaACL1wk9Ctny7Qv0xh5da44uqf3TzWEC7TzwtEFo0U=
N81Lvr7xA/vIA6V50ZjlfYYgOMJxdxrhIlhu8h+NTGC5inBoGUWpRpgR5kiVql2fJYXH1csIo0Y=
SCd1sVrhApOeiKFIqKX5HDT2+FW7pmre2fVRTaACL1wk9Ctny7Qv0xR5da44uqf3TzWEC7TzwtEFo0U=
B3wVHwQBwsRu5WCMDXd3MoYgOMJxdxrhIlhu8h+NTGC5inBoGUmpRpgR5kiVql2fJYXH1csIo0Y=
7MBHVn8P4bFip+e39d/4VzT2+FW7pmre2fVRTaACL1wk9Ctny7Qv0xV+da04uqf3TzWEC7TzwtEFo0U=
O60mcQOn5DUATviKWRktYIYgOMJxdxrhIlhu8h+NTGC5inBoGUiuRpsR5kiVql2fJYXH1csIo0Y=
L/MWxlX81fKUrV6O098PpzT2+FW7pmre2fVRTaACL1wk9Ctny7Qv0xp7daw4uqf3TzWEC7TzwtEFo0U=
JFOaoHWcD0Y1tZjMAunZnIYgOMJxdxrhIlhu8h+NTGC5inBoGUerRpoR5kiVql2fJYXH1csIo0Y=
4p5gXTCm3bjk4sjiUKw9ijT2+FW7pmre2fVRTaACL1wk9Ctny7Qv0xV6daM4uqf3TzWEC7TzwtEFo0U=
ogkGdPovXkiAW7Hr/CSDHYYgOMJxdxrhIlhu8h+NTGC5inBoGUiqRpUR5kiVql2fJYXH1csIo0Y=
SBFQPQmT1oYTCfQw79i4pTT2+FW7pmre2fVRTaACL1wk9Ctny7Qv0x95daM4uqf3TzWEC7TzwtEFo0U=
JhodsTf0o5cHQWhIdDcJk4YgOMJxdxrhIlhu8h+NTGC5inBoGUKpRpUR5kiVql2fJYXH1csIo0Y=
sI8AK8jn0AnzkWy1zW8sDarZZqftp9gd5SNYn+8rrnsYRDFBtT0em1VjdemoaO1Lg2RPdhPtNAurn14S45dYZh4BpfWpFs8F6NEVNWkJcHOYKcmYOmLa431QYsDGObDOXf/jveiEoL852umvJDsRsPfGCVLBd+nrc582xYaWRyl5uSRugx0TkuwLc+Fhtwqo4mzhDrEC/zxRv94e03iIwtlCHul5wVcnmlfNzgOlGogzfu4b2zuGXw8z8Phla0YSSYwKncByyDxBPpqhCrK550fxbFQxRkDMYV1o0n09dgyNFr1r7Qm3sXPUo5I=
VP/4tRz/FVClnymsGmRXNCkdibd/8AdiED4MWyvL4NAOT3mBjHjJ3trEDWZhzSvPnMItDOgyxRxIVJEHDgJZxK0d0eM/rzd2ozQ=
t2LH3eZ9fabepVqaU9NR0g+ewy7QctQXm2e4PG6j4S089FFSWkiV6tFhsyP8LnWgWH4dUIgYSUs+LgEozfHJzw+jL3qjOA==
I5bmtyuZalefCBMWQ84kEg6ewy7QctQXm2e4PG6j4S089FFSWkiV6tFhsyP8LnWgWH4dUIgYSUs+LgEozfHJzw+jL3qjOA==
l02MzrofEqRI4QlKb0+Vp5wFinpShUtEvq4hDSOE/4nRUkElUpK3nMVBh6C58gJnOILtBiBPQPjTQ6t6c0OPXc7Z4sQ9i71sqX/ZGHOPfiLRGxkFkkdCa2QdY6Mj
KtSItU2Tnnm2OyJB4YY+lUA54I8/YjVOosDwWOABk2W0Il6ZxctEBg2cmgJBnDkDH51stPEmwOyh/mhyvR32bE32vQut6TeRM3SjMg==
Uia+TeFJd7uqvQUgGYrnmToT8aRBDiPlM3f3oImS0qdIYl2GsO8QOOMju3pjo78dHnlyRI3rTSz5n+kYg68u4mG76YUCpxIrlD1zozM=
62/lDzd0tJySbn5Xh83WTSkfg7d6/hliED4MWyvL4NAOT3mBjHjJ3trEDWZhzSvPnMItDOgyxRxIVJEHDgJZxK0d0eM/rzd2ozQ=
GEMjiV+/3raipQavEIDKjj10zsE+i1E4AHAjaEvgx7JRDBQSmdzblj/WM7ZQ6qTfu2+oBC5bcaXcvGFKWlClojHpI9u8FmWoeLZtyAiAuQMeJhEQDYlZR29rH2KjIA==
HHWR1LAVwTHED4cV0uHl71qx+kifPJNZyHKlMnTwpCs591BZNwyE/dZyuDP8LnWgWH4dUIgYSUs+LgEozfHJzw+jL3qjOA==
4V9q+c2AB/SE/b/02qDTxlqx+kifPJNZyHanPHTwpCs591BZNwyE/dZyuDP8LnWgWH4dUIgYSUs+LgEozfHJzw+jL3qjOA==
GJYBs44BBucABCdybj/PfpdW/wLJQ/Agt/t9Y47JX////zl11i4dZHk0Y7djFLdDh/jtM6BazycH9cz73BO6IX2jPQ==
CKW5qnTyODI91xDuRR+TYzT2+FW7pmre2fVRTaACL1wk9Ctny7Qv0x94daM4uqf3TzWEC7TzwtEFo0U=
2pA4aaG8gwkZR1f3iy6aRoYgOMJxdxrhIlhu8h+NTGC5inBoGUKoRpUR5kiVql2fJYXH1csIo0Y=
e19sX4NUdAwvslrMqLCAQjT2+FW7pmre2fVRTaACL1wk9Ctny7Qv0xh/das6uqf3TzWEC7TzwtEFo0U=
n8eGa/TW6p8LyKQsroWVRoYgOMJxdxrhIlhu8h+NTGC5inBoGUWvRp0T5kiVql2fJYXH1csIo0Y=
UVAn0UfCWTmtcgvYX6jj6zT2+FW7pmre2fVRTaACL1wk9Ctny7Qv0x57dao6uqf3TzWEC7TzwtEFo0U=
SSGkNv6PHO5hW+dcoVS6rIYgOMJxdxrhIlhu8h+NTGC5inBoGUOrRpwT5kiVql2fJYXH1csIo0Y=
fVzv7gdtQJnTEoTtGFtzklSmdOxHYiD2vidD1J6Mc+C7LFl3zja/ZLHjSTydZ6LZzx6IcuUzFeXe79YbsCV/oz8=
P3p5scL3rRVeyuJPB4INLl/80UVlDsa+uHNEDtsXUvqPu/xk3m6uaQMlqf5wSc6CwIgqTJux/ObcOn2kSFo1hcjM6O2uqom8bSWBC1+HB26jLA==
+Dg7ZXg5CMHF71BBXvv2jHchz4R25fHev7VuOWc6aGcqzmdUpbPK2MZEuvhpMrqn7zVzTk2dwNfylPm8kaXbi4zMdd7wJB2Coly0w8mVRGRxV6BjFnl0HZR+Unx8/lWwGI69JY7o4Dn+PiF4TSGp388TT0qjCA==
kMmAxq+47t1ITwxmTbNsjQa+5o4C+Ym0xRZz4TB7DjAmayfjaC4q8vIJvg4pJjsDLTzBEYPQGNsycc2ftfULUZG2c6pqSpms/MOD5PtUy/R/Ze4CpYe/v9trYAZl1ritL6GKkXaHpIl8CQ/9TvgkIO+qDt856mpDioQKbr1P3tnZ0Phpc5nJJ45cw2z1il/9JXeHkMN/C1zaYBtI4zkmy5H7ZVCUbNTCKY0z2dxa+Sz553hsK3+xIaPTHF6MKL4Y1LFBwca9SCaLXiRKdXfMsJkaMHi5kKuWPwOm2LV63U8FFYfFa9ijlg==
C7MZgkEqtEue42c+Cf0ISlcfeXpUcs7/+wkz+9vRj/f3x/LxtiCLsKY4dsc2nvHHrJKMYx/YODyv+YLXIAPchqapWewL4LaEWe64BUs+tyqbJotTtmiZaV+dv01I/EnIyJ87t7Kbaomki3gPB+dCxjQy21wW9UXESqGu4mJUUZHuq40GAKMv14nlShqLNjl0j69RwV96fxFr/j7GszJPp9Z5BW3d2gjiVECtC7tDUORpvk2R4MbX0RFDBzX05OB2DuoA5zmLGnOIZM+Y7JA5CZxibSxoEoV+S7RbJY4imWStfREDv8931qOU
uQL7gqzxbBGHuPOX3+QFNJqotTIcPeeVKqxiIhBH5PpxfLOQnOahvpwa1WF1zeXtfLWLPg3jrZrxaz7dgaO9KN8XCYjrOcNCLh9Pgf1TY8kQepFXNi8gVZbsne9vMCqpJA4S9AYkBuKEs3bUcdyXeT+6LKt7GvxkGaYVF9Y2fr91XIrR+KmIcPGfB09jh6pTwlNDcQ5bgxTdVxMpwO6M1z6hk9YtlA33wE+SBpPBW68yjF95LoHejY5wZWbxln/yVKXipJxoybUzOGGPXtSnr+8ka8uhu4kxfqrDv0PVSAMQg8Zp2aOZ
+2zlk1KIwKcTN/mCxxIKXSU9f2KxeMK1WxZWX4z0rSVjI7/IFEVtcDIwSvpN/vu9S3GSDeWiowMDxp/T/BYv2u/6Bq9H1CX5DR5gJ4FdsyNNFf5C/wsYzw5J+NRz80FAJLUqNhzoCCQI/oqLeMh/rLll0YJCt1X60jh3nvvL+EYwY7tkxI02aUYsvyfJky33BI8s6y0toLstiLPv/bVungJLsBkdSqMUg2tO9xyaHbH1M9w0MeWAYXDR4MiLul/mMS6aHaz4UqgH6X0Ar1MQpIlzARwFl49bpy0Qki2jbaVGHx67yHXXo5c=
U7rsxNl82etylrqaAPY7E7pu3PtPHHv0MgorOez9BVLW8JHbDAkR1/Lm+bR+Y8EBHXI+xh3MGaWG+fV6M/aXoN0pS4tJZ70QZ7lP2prv2ymB878hpCrF7/rvbC3CPGnHM1AWQTA+ZuwKJAr68INiPE28y1HLanjTN9ow3E32of8KlgIX4aw+SXQpBOhF75Pnnyf2O3aDl8lCG0/sCQdnARwOsL8qkWfOIZQB7zR/hm6vIYeHRtyLgeLBkjVaoNEOrTaDWsDVVjwQ6EUth8j1JyJ0e0dbdD9zbXvFSSp6N5cftXTrBLOycdWjlQ==
bXXoVCV1set+bgEE1plaGCU9f2KxeMK1WxZWX4z0rSVjI7/IFEVtcDIwSvpN/vu9S3GSDeWiowMDxp/T0AEvze71G69H1CX5DR5gJ4FdsyNNFf5C/wsYzw5J+NRz80FAJLUqNhzoCCQI/oqLeMh/rLll0YJCt1X60jh3nvvL+EYwY7tkxI02aUYsvyfJky33BI8s6y0toLstiLPv/bVungJLsBkdSqMUg2tO9xyaHbH1M9w0MeWAYXDR4MiLul/mMS6aHaz4UqgH6X0Ar1MQpIlzARwFl49bpy0Qki2jbaVGHx67yHXXo5c=
MokrcEGVcnuplufVmE8h9rpu3PtPHHv0MgorOez9BVLW8JHbDAkR0fLm+bR4Y8EBHXI+xh3MGaWG+fV6IvCVtdk9S4tJZ70QZ7lP2prv2ymB878hpCrF7/rvbC3CPGnHM1AWQTA+ZuwKJAr68INiPE28y1HLanjTN9ow3E32of8KlgIX4aw+SXQpBOhF75Pnnyf2O3aDl8lCG0/sCQdnARwOsL8qkWfOIZQB7zR/hm6vIYeHRtyLgeLBkjVaoNEOrTaDWsDVVjwQ6EUth8j1JyJ0e0dbdD9zbXvFSSp6N5cftXTrBLOycdWjlQ==
APuVtprWHLGELWuXWbm95ga+5o4C+Ym0xRZz4TB7DjAmayfjaC4q9ONR5h4/LW9cKj/UOMWzX5klKdrfsccMR4Src6pqSpms/MOD5PtUy/R/Ze4CpYe/v9trYAZl1ritL6GKkXaHpIl8CQ/9TvgkIO+qDt856mpDioQKbr1P3tnZ0Phpc5nJJ45cw2z1il/9JXeHkMN/C1zaYBtI4zkmy5H7ZVCUbNTCKY0z2dxa+Sz553hsK3+xIaPTHF6MKL4Y1LFBwca9SCaLXiRKdXfMsJkaMHi5kKuWPwOm2LV63U8FFYfFa9ijlg==
U8xeqX3f2uQT/eFq96DUeAa+5o4C+Ym0xRZz4TB7DjAmayfjaC4q9ONR5h4/LW9cKj/UOMWzX5klKdrfuNQGWoSpc6pqSpms/MOD5PtUy/R/Ze4CpYe/v9trYAZl1ritL6GKkXaHpIl8CQ/9TvgkIO+qDt856mpDioQKbr1P3tnZ0Phpc5nJJ45cw2z1il/9JXeHkMN/C1zaYBtI4zkmy5H7ZVCUbNTCKY0z2dxa+Sz553hsK3+xIaPTHF6MKL4Y1LFBwca9SCaLXiRKdXfMsJkaMHi5kKuWPwOm2LV63U8FFYfFa9ijlg==
iArXHLyIHtALP5+/q2D36Z68uFaWHwuw5vEG76lM6FcRsq7avmZMmsRU16SwdX65cvUeIJnfojSIduQ47OBBP/KYvu4CQ69fm5Q+ANlqMHHbil/OO0Lj52acUS0f2Xe5mMghrOh704Oi72KNpI9wexfTqiIUVrNoxgGNgArlZhay4Dn1Tk9lspDXp1MJYcJuG4LRkC/LOXWPjrdVK7r2MmMGJ8P2ne1Zza4A5lREpX+rd7gASdolpTAyH5VRB8/BJFCIEq4O6FOp/5L3COBH7Hwk0e08BgWYuOZNOgvwk9FeFvEAjZn5N6+7f9KjkA==
a/JtxDBlu3XPzm/L8BDeB3chz4R25fHev7VuOWc6aGcqzmdUpbPK2MZEuvhpMrqn7zVzTk2dwNfylPm8kaXbi4zMdd7wJB2Coly0w8mVRGRxV6BnH25zHZR+Unx8/lWwGI69Jovo4zn+PiF4TSGp388TT0qjCA==
zU5Nlbb0nNLTBXGZFzzjEXchz4R25fHev7VuOWc6aGcqzmdUpbPK2MZEuvhpMrqn7zVzTk2dwNfylPm8kaXbi4zMdd7wJB2Coly0w8mVRGRxV6BjFnl0HZR+Unx8/lWwGI69J4vo4zn+PiF4TSGp388TT0qjCA==
CxFmd6erzXC3b0JtKbJhEnchz4R25fHev7VuOWc6aGcqzmdUpbPK2MZEuvhpMrqn7zVzTk2dwNfylPm8kaXbi4zMdd7wJB2Coly0w8mVRGRxV6BnH25zHZR+Unx8/lWwGI69JYvo4zn+PiF4TSGp388TT0qjCA==
M9yy7o2uUFe0lCMTUQcbcl/80UVlDsa+uHNEDtsXUvqPu/xk3m6uaQMlqf5wSc6CwIgqTJux/ObcOn2kSFo1hMrM6uquqom8bSWBC1+HB26jLA==
v6x8vrq7DHqBOy4Uxt2SVx9/p4IsBe2zAJYqPjMrMpNKezSj8Xw82LmgcXh7X/wytXTbBzv037MOe2WPDfoXV/+1FKvkM5IxdaM1
IzdVj9QkvFMohmqG+iZeCtv38iq0Pl/pu5AX1NlM9kEbtrjGrGkTyYMV3Kv0IT3idMRNMpr74Xm/L/Z19uePjuOv8OJVUbJvkd4uHNlaYij3BugbmRippjTSTQtMhiLLmIB1/sZNvbn9ojXqrNIgKhbLqycfVrluxRGc8c1JeQv98AroVU1U58jQq1YCcdx5X939hQ3aL27Ns6BNIIj0JGBPP8SoqrFYlacX0H4FpSuDe5xBWNsvp382LJJaBMvdERWfMeBR0Vqc/MTxDqRH+3YOits8BgWYuOZNOA7wlNBeFfEAjZn5N6+7f9KjkA==
QGS0nl2M1Hb7rIdB1WJu9jT2+FW7pmre2fVRTaACL1wk9Ctny7Qv0x5+da47uqT3TzWEC7TzwtEFo0U=
LwnCiIaQxo1g6itEK9Tpq4YgOMJxdxrhIlhu8h+NTGC5inBoGUOuRpgS5kuVql2fJYXH1csIo0Y=
xxoLR42dxboeePFO3DA2GNG70I+EsA6KxURPr7Y22NeMyQs5SvgaglyK3XQIqlWVztwMnG75KQzt1eHbH7cnfqM8
mI7jCEHMBijNvzcLeiY1fFqx+kifPJNZyHKlMnTwpCs591BZNwyE/dZyuDP8LnWgWH4dWo4YREg+LQEozfHJzw+jL3qjOA==
+gunYyPuHgA+1IZvqoVzB9wQhTciQTjkAUMZ/O2Hv97fOrkyNlPlZU5PZtvgxQ+jTw==
2DTQYqD2IxcJcuaYHrz4cjT2+FW7pmre2fVRTaACL1wk9Ctny7Qv0xV+da47uqT3TzWEC7TzwtEFo0U=
SBU6qtRGQZw9xkrJX36Z0IYgOMJxdxrhIlhu8h+NTGC5inBoGUiuRpgS5kuVql2fJYXH1csIo0Y=
0Sifw2CYN9jq7DVwa/oUTXM1mRjFp93noeDaZE02kZyGhEg/f/eJC6qevwaHPwDAybzEWmB9AfUsh/dWcHt+oPQd7CSRlgCcgeRuYpBuNt8tZj2bTVl3YRNkoyI=
wL6U3OUqHSWStVD1kG0hhgNa5PIeq3ADdE8tZlrmybgZBhoS2M3LiTHhBvgfpOOR6Hq1CjQINKPZv2BBNxS0tTb6KMu8FmWoeLZtwg6AtAAeJREQDYlZR29rH2KjIA==
5nxhy2afjtbO6mOCoUgFQCppy9cvmVEZQ08tZlrmybgZBhoS2M3LiTHhBvgfpOOR6Hq1CjQINKPZv2BBNxS0tTb6KMu8FmWoeLZtwg6AtAAeJREQDYlZR29rH2KjIA==
oxFxhzi5CluI+PmI1ygoHhd+YCxRRiViWuLBrAkSMvb4qeNdYbXOPF9gK8W4rh1ulOycN0kr6MW3kDwhpm6ALxxyzXwo4qUGTkR8VE7xOXQtbXFTf38XZqMk
n3sO93+FQMVWqwjGfmI2VvaEJ1eNrSoBhh6IHc/VDwesVF1eWt65kPkuSkoYFZvhkQm2gJ9cU/lIkmVSdNDki7mXkHk3LESdVtL4E/xOtUDY3t06jvgE6L5NQcjN0Qlvj0NvWqMY
NgubylKies3i0MpnL+v5NzfV4vL36NM2V8nVOpp5U2epHx8aHX/Ntemwg0BOVRSlRuRRb28l1JRFTytcOzqu3ahyWBdPYmB6teI6BHXbVcwx70ue6xLlwnpL0cXaN2qLXG1boxs=
C7Eq9Gd4SzVqRRD0celDmJAnVndW43+fYmhmUrrMWyCS/R/6k3pFUlrSoZzJwlJmeDlDDaFF7kxfkAu1+H69/hR8fGcJGwj1t6DcEeY+YL+c4m2saJKF9k40XKSOoZnkrf0Rg79Pd1ajFA==
ahZba6LRKXLf2asIHZJ3Me3Gqw31jDM+uon+BXMQWs7wtWUvJQdpky/bDlCkP+wtk6yVAxsnDAn68zVKXpu4hRL0S6drNI+T9X5Vbls6xDdvNWRLVHNiEWWjJQ==
