ucibMTYMEC4XXYeq0H8VR2LNyvtPWbqywF92CWuKiv1VyjIoMoTxGFyNhJJo/WO99dc4sYqNDuQhg7l8TUeW27/+3rJRkIVlLo8GW4AFb6Mv
ygmzPSvgrSDvRBXQfQy6J/lwwgb8JdZY4irifMFq1PMIPn9Y03kB8ZihUpYeo5RTaaQ7EjFkC0FJCdIpfj4XnI/QUFtu/y4sdWZS3nSMpkWAz3k3oYSSxMIWqv3Oy++U8NXa6Sr0i1cdO1FX2OcYO3mVTPsBcOe/CR0yfj4jZKlpko8Ur7M6R8jyIVGpmyhkZR2sIZxptBi/0oNGTYZObZggPijrsUnw+/vsBNWbNUzRL+Kbi1bCQl0IscV690oLPC37o7s=
cOa8HP0jivk1blnE7D31d/lwwgb8JdZY4irifMFq1PMIPn9Y03kB8ZihUpYeo5RTaaQ7EjFkC0FJCdIpfj4XnI/QUFtu/y4sdWZS3nSMpkWAz3k3oYSSxMIWqv3Oy++U8NXa6Sr0i1cdO1FX2OcYO3mVTPsBcOe/CR0yfj4jZKlpko8Ur7M6R8jyIVGpmyhkZR2sIZxptBi/0oNGTYZObZggPijrsUnw+/vsBNWbNUzRL+Gbi1bCQl0IscV690oLPC37o7s=
AMznPGEZWpaKAYBHIfSQFd/4242Yog+Y1FQMv6lj2N23iAxpRuYQl1yK3XQIqlWey9wIm27+Kgzt1eHbH7cnfqM8
dumYUshZCUUFpiEsLcfIDJAnVndW43+fYmhmUrrMWyCS/R/6k3pFUlrSoZzJwlJmeDlDDaFF7kxfkAu1+Hq/8BR8fGcJGwj1t6DcEeY+YL+c4m2saJKF90s0WKOOpprkrf0Rg79Pd1ajFA==
1XkyJedjvGIKYNfipD3lmDfV4vL36NM2V8nVOpp5U2epHx8aHX/Ntemwg0BOVRSlRuRRb28l1JRBTSVcOzqu3ahyWBdPYmB6teI6BHXbVcwx70qb6xbiwn1I0cXaN2qLXG1boxs=
MnsyS7CGeupzt/KOd9t3u/aEJ1eNrSoBhh6IHc/VDwesVF1eWt65kPkuSkoYFZvhkQm2gJ9cU/lIlmdcdNDki7mXkHk3LESdVtL4E/xOtUDY3t07i/gA775KQsjN0Qlvj0NvWqMY
xvvT0GE1+MCD6qyuP6qO0hd+YCxRRiViWuLBrAkSMvb4qeNdYbXOPF9gK8W4qh9glOycN0kr6MW3kDwhpm6ALxxyzXwo4qUHS0R4U072OnQtbXFTf38XZqMk
XswT0otQYF1JhlUWAF6BGCppy9cvmVEZQ08tZlrmybgZBhoS2M3LiTHhBvgfpOOR6H63BDQINKPZv2BBNxS0tTb6KMu8FmWoeLZtwwuAsAceIhIQDYlZR29rH2KjIA==
g6lbddYSGh2a7r9VtqFDsQNa5PIeq3ADdE8tZlrmybgZBhoS2M3LiTHhBvgfpOOR6H63BDQINKPZv2BBNxS0tTb6KMu8FmWoeLZtwwuAsAceIhIQDYlZR29rH2KjIA==
sEf7yClNa2L2UEU+4OIQLHM1mRjFp93noeDaZE02kZyGhEg/f/eJC6qevwaHPwDEy7LEWmB9AfUsh/dWcHt+oPQd7CSRlgCcgeVrYpRpNtguZj2bTVl3YRNkoyI=
xISJL0T1GJxgTnx37itst/lwwgb8JdZY4irifMFq1PMIPn9Y03kB8ZihUpYeo5RTaaQ7EjFkC0FJCdIpfj4XnI/QUFtu/y4sdWZS3nSMpkWAz3k3oYSSxMIWqv3Oy++U8NXa6Sr0i1cdO1FX2OcYO3mVTPsBcOe/CR0yfj4jZKlpko8Ur7M6R8jyIVGpmyhkZR2sIZxptBi/0oNGTYZObZggPijrsUnw+/vsBNWbNUzRL+qbi1bCQl0IscV690oLPC37o7s=
Od/OtMIRlwbJB1PrwGdKeTT2+FW7pmre2fVRTaACL1wk9Ctny7Qv0xR+dao8uqP0TzWEC7TzwtEFo0U=
zOiKt6EJ+GjBvWA/1A8oYoYgOMJxdxrhIlhu8h+NTGC5inBoGUmuRpwV5kyWql2fJYXH1csIo0Y=
O7l34QgF4FhcuBLkXN2cpp3NBc8F4AUzXKIz2ZsdRjGflV1ekiLgSgLxT5KGp7lcn2+C+H3sxPdeY4THt/2QAYDLIMe1KgjIBTkIWmHw0aO9OBBrxs9pYzqatyyD645/ew+GQobEOefIES9jaBohgYjsmuA7sF9T61qUYyQDWzqAM1eoxAW8sicg9JcvS/18tr0nWy27uRWTwXmErWy4MlOVEWF/OpFuR/Ukl9R5hzJg8jVk1cet+nTAnc3mucokGdPR3FW3mVu3TcZSecD9JfZ/rnv4Feejpw==
FX+p4qxac/6KdzVCyW/yfikdibd/8AdiED4MWyvL4NAOT3mBjHjJ3trEDWZhzSvPnMItDOgyxRhLVJsDDgZaxK0d0eM/rzd2ozQ=
aNC2hrsGFzwFm/s7AJcGEg+ewy7QctQXm2e4PG6j4S089FFSWkiV6tFhsyP8LnWgWH4dVIsYQ08+KgIozfHJzw+jL3qjOA==
TZ4ChEGr+sl9opWE4GiOWg6ewy7QctQXm2e4PG6j4S089FFSWkiV6tFhsyP8LnWgWH4dVIsYQ08+KgIozfHJzw+jL3qjOA==
97NVYmnXY2kKX6yH6DW1BpwFinpShUtEvq4hDSOE/4nRUkElUpK3nMVBh6C58gJnOILtBiBPQPjTQ6t6c0OPXc7Z4sQ9i71sqX/dG3OFeiLVGBkFkkdCa2QdY6Mj
hM8HvY9owL8pNbT1DvDOiUA54I8/YjVOosDwWOABk2W0Il6ZxctEBg2cmgJBnDkDH51stPEmwOyh+mtytxn2aE72vQut6TeRM3SjMg==
aKecMYBdhPSdZZ7DHxZOyToT8aRBDiPlM3f3oImS0qdIYl2GsO8QOOMju3pjo78dHnlyRI3rTSz5n+0bg6Uq4mW46YUCpxIrlD1zozM=
2lIV493ARcQyPc/HetMm/ykfg7d6/hliED4MWyvL4NAOT3mBjHjJ3trEDWZhzSvPnMItDOgyxRhLVJsDDgZaxK0d0eM/rzd2ozQ=
lcS3EhJOA/zu8qBug1Bs8lqx+kifPJNZyHKlMnTwpCs591BZNwyE/dZyuDP8LnWgWH4dVYsYQ08+KgIozfHJzw+jL3qjOA==
a+8wGpme7ZL/AZK/1KFggVqx+kifPJNZyHanPHTwpCs591BZNwyE/dZyuDP8LnWgWH4dVYsYQ08+KgIozfHJzw+jL3qjOA==
CyRMVli//6CjU8yR0PFuoZdW/wLJQ/Agt/t9Y47JX////zl11i4dZHk0Y7djFLdDgvvtOaRayyQH9cz73BO6IX2jPQ==
8h8ufF54DP/c+lxYYOUN0zT2+FW7pmre2fVRTaACL1wk9Ctny7Qv0xp7dak8uqP0TzWEC7TzwtEFo0U=
vUJ56zMIHIxdmbVV+P6P7YYgOMJxdxrhIlhu8h+NTGC5inBoGUerRp8V5kyWql2fJYXH1csIo0Y=
wi9ZSoz6M9QlKMcGU4Uktg2ewy7QctQXm2e4PG6j4S089FFSWkiV6tFhsyP8LnWgWH4dUYsYQU4+KQIozfHJzw+jL3qjOA==
W93wY9jLybMGA3Ox9cJ4h009y4BfsXEuGi5DFjGczuFAVXmBjHjJ3trEDXVuyTHPnMItDOgyxR1LVJkCDgVaxK0d0eM/rzd2ozQ=
VN8lXqStih/+GbPLlkEXOSS6igKd/KoBKGcbdZZMExAMcM3osaxxcH5L1psRvdu9UlpWN+wqgabM5zRIJ/vX+o/7++06cY5k0SPpvH0ngdqv3y/yAnA15b4vdptQZV+jHw==
3sIFGlI2U8XxvbwTEibXqwa+5o4C+Ym0xRZz4TB7DjAmayfjaC4q8vIJvg4pJjsDLTzBEYPQGNsycc2ftfULUZG2c6pqSpms/MOD5PtUy/R/Ze4CpYe/v9trYAZl1ritL6GKkXaHpIl8CQ/9TvgkIO+qDt856mpDioQKbr1P3tnZ0Phpc5nJJ45cw2z1il/9JXeHkMN/C1zaYBtI4zkmy5H7ZVCUbNTCKY0z2dxa+Sz553hsK3+xIaPTHF6MKL4Y1LFBwca9SCaLXiRKdXfMsJkaMHi5lamWPQSm37Z63U8FFYfFa9ijlg==
oA5HjIP1V9wVUVDbyjZ5dlcfeXpUcs7/+wkz+9vRj/f3x/LxtiCLsKY4dsc2nvHHrJKMYx/YODyv+YLXIAPchqapWewL4LaEWe64BUs+tyqbJotTtmiZaV+dv01I/EnIyJ87t7Kbaomki3gPB+dCxjQy21wW9UXESqGu4mJUUZHuq40GAKMv14nlShqLNjl0j69RwV96fxFr/j7GszJPp9Z5BW3d2gjiVECtC7tDUORpvk2R4MbX0RFDBzX05OB2DuoA5zmLGnOIZM+Y7JA5CZxibSxoEoV7SbRZIo4lmmStfREDv8931qOU
PmFCd1PQWGdYLNUvkhPrl5qotTIcPeeVKqxiIhBH5PpxfLOQnOahvpwa1WF1zeXtfLWLPg3jrZrxaz7dgaO9KN8XCYjrOcNCLh9Pgf1TY8kQepFXNi8gVZbsne9vMCqpJA4S9AYkBuKEs3bUcdyXeT+6LKt7GvxkGaYVF9Y2fr91XIrR+KmIcPGfB09jh6pTwlNDcQ5bgxTdVxMpwO6M1z6hk9YtlA33wE+SBpPBW68yjF95LoHejY5wZWbxln/yVKXipJxoybUzOGGPXtSnr+8ka8ukuYkzearEvEPVSAMQg8Zp2aOZ
H+5Ep6SzEZA8nJFuFNty9CU9f2KxeMK1WxZWX4z0rSVjI7/IFEVtcDIwSvpN/vu9S3GSDeWiowMDxp/T/BYv2u/6Bq9H1CX5DR5gJ4FdsyNNFf5C/wsYzw5J+NRz80FAJLUqNhzoCCQI/oqLeMh/rLll0YJCt1X60jh3nvvL+EYwY7tkxI02aUYsvyfJky33BI8s6y0toLstiLPv/bVungJLsBkdSqMUg2tO9xyaHbH1M9w0MeWAYXDR4MiLul/mMS6aHaz4UqgH6X0Ar1MQpIlzARwFl4pZpy8XkiqgbaVGHx67yHXXo5c=
OsxgFOz9KJb57drSvQ/JP7pu3PtPHHv0MgorOez9BVLW8JHbDAkR1/Lm+bR+Y8EBHXI+xh3MGaWG+fV6M/aXoN0pS4tJZ70QZ7lP2prv2ymB878hpCrF7/rvbC3CPGnHM1AWQTA+ZuwKJAr68INiPE28y1HLanjTN9ow3E32of8KlgIX4aw+SXQpBOhF75Pnnyf2O3aDl8lCG0/sCQdnARwOsL8qkWfOIZQB7zR/hm6vIYeHRtyLgeLBkjVaoNEOrTaDWsDVVjwQ6EUth8j1JyJ0e0dbdD9zaHnFSy16MJQftXTrBLOycdWjlQ==
0idpjaFoHMr5hL0UapG/RyU9f2KxeMK1WxZWX4z0rSVjI7/IFEVtcDIwSvpN/vu9S3GSDeWiowMDxp/T0AEvze71G69H1CX5DR5gJ4FdsyNNFf5C/wsYzw5J+NRz80FAJLUqNhzoCCQI/oqLeMh/rLll0YJCt1X60jh3nvvL+EYwY7tkxI02aUYsvyfJky33BI8s6y0toLstiLPv/bVungJLsBkdSqMUg2tO9xyaHbH1M9w0MeWAYXDR4MiLul/mMS6aHaz4UqgH6X0Ar1MQpIlzARwFl4pZpy8XkiqgbaVGHx67yHXXo5c=
yQnppCRePKIr7Oc3icgDg7pu3PtPHHv0MgorOez9BVLW8JHbDAkR0fLm+bR4Y8EBHXI+xh3MGaWG+fV6IvCVtdk9S4tJZ70QZ7lP2prv2ymB878hpCrF7/rvbC3CPGnHM1AWQTA+ZuwKJAr68INiPE28y1HLanjTN9ow3E32of8KlgIX4aw+SXQpBOhF75Pnnyf2O3aDl8lCG0/sCQdnARwOsL8qkWfOIZQB7zR/hm6vIYeHRtyLgeLBkjVaoNEOrTaDWsDVVjwQ6EUth8j1JyJ0e0dbdD9zaHnFSy16MJQftXTrBLOycdWjlQ==
ieHlh+HZ3qX1oPdYWYoNsAa+5o4C+Ym0xRZz4TB7DjAmayfjaC4q9ONR5h4/LW9cKj/UOMWzX5klKdrfsccMR4Src6pqSpms/MOD5PtUy/R/Ze4CpYe/v9trYAZl1ritL6GKkXaHpIl8CQ/9TvgkIO+qDt856mpDioQKbr1P3tnZ0Phpc5nJJ45cw2z1il/9JXeHkMN/C1zaYBtI4zkmy5H7ZVCUbNTCKY0z2dxa+Sz553hsK3+xIaPTHF6MKL4Y1LFBwca9SCaLXiRKdXfMsJkaMHi5lamWPQSm37Z63U8FFYfFa9ijlg==
FAI+fZYiaGL++vb+WtUdhAa+5o4C+Ym0xRZz4TB7DjAmayfjaC4q9ONR5h4/LW9cKj/UOMWzX5klKdrfuNQGWoSpc6pqSpms/MOD5PtUy/R/Ze4CpYe/v9trYAZl1ritL6GKkXaHpIl8CQ/9TvgkIO+qDt856mpDioQKbr1P3tnZ0Phpc5nJJ45cw2z1il/9JXeHkMN/C1zaYBtI4zkmy5H7ZVCUbNTCKY0z2dxa+Sz553hsK3+xIaPTHF6MKL4Y1LFBwca9SCaLXiRKdXfMsJkaMHi5lamWPQSm37Z63U8FFYfFa9ijlg==
B7FGBCJjSdbruIl15GF5AJ68uFaWHwuw5vEG76lM6FcRsq7avmZMmsRU16SwdX65cvUeIJnfojSIduQ47OBBP/KYvu4CQ69fm5Q+ANlqMHHbil/OO0Lj52acUS0f2Xe5mMghrOh704Oi72KNpI9wexfTqiIUVrNoxgGNgArlZhay4Dn1Tk9lspDXp1MJYcJuG4LRkC/LOXWPjrdVK7r2MmMGJ8P2ne1Zza4A5lREpX+rd7gASdolpTAyH5VRB8/BJFCIEq4O6FOp/5L3COBH7Hwk0e08BgWYuOZNPwnwkdZeEfIAjZn5N6+7f9KjkA==
GWn9cpbTWrblk0LQUa+E/qNGnZPKl+4k3Xk3d0Jug05yiLE+BqtNyIdROc7BD8y9lJac2723JE8mfhxdLiajJA9BrK1sAOYCIlv+1vfNzk6A/8vZRuAvBMO0M5dz1MfjVv+92xUa2MRXdTzbrNMqQU2jDQ==
OtAml/QS/QAqemGx51HCsTT2+FW7pmre2fVRTaACL1wk9Ctny7Qv0xp/daM7uqH0TzWEC7TzwtEFo0U=
BscsOekE0qzQI/QXz7Svs4YgOMJxdxrhIlhu8h+NTGC5inBoGUevRpUS5k6Wql2fJYXH1csIo0Y=
H2slQzQFmgFiR+5aSgyIXVSmdOxHYiD2vidD1J6Mc+C7LFl3zja/ZLHjSTydZ6Xazx6OcuMwFeXe79YbsCV/oz8=
fbGjEOFbrm+40L9ULTcuikbTk3tljJhP2qiAJrbO40e4POwEUfaAPMEJaoLUyba67kY9uw2598HTBKNC
jemmLD9bwN8mH4Ru2EV990bTk3tljJhP2qiAJrbO40e4POwEUfaAPMELaoLUyba67kY9uw2598HTBKNC
BwyqjpfqY46FE0UFOBxvEGokPBCydzPn/RgIw1IsANrOOpOr0NiM2Aki0PCJwS6+7P2GlsZiHacVrefN2wCjPg==
tzZf9n6kyRfkeIrPURxzjHLG5qVjKbHSQAUW7kDk8gCrneTqvPYlCPjWresLoPPnnoDScA2pGafvy98Co0A=
bincRFF2YhWn6FOEp3RYUUbTk3tljJhP2qiAJrbO40e4POwEUfaAPMENaoLWyba67kY9uw2598HTBKNC
E0b51x5U4iQHuGimL+CgeUbTk3tljJhP2qiAJrbO40e4POwEUfaAPMEMaoLRyba67kY9uw2598HTBKNC
jaxV9JfafTyr2wBXni6MTRkg1ohvMgffWlSluprblPNCbBzL4u8HJPoU/2A3tL0HCn5jRI3rTSz5n+4fg6Aq4me46YUCpxIrlD1zozM=
DZTSAvUQ0zPvz982+CCXuZxP2TNQhWEWtak8HCKV952FREsAFJK3n8R4h+zktUs7M4DvQHJPV+TKdO9gJ1SNR9re88Q9i71sqX/eGnOHfyLYGBkFkkdCa2QdY6Mj
KOfaxLlRuPaXMXElSIuNAHchz4R25fHev7VuOWc6aGcqzmdUpbPK2MZEuvhpMrqn7zVzTk2dwNfylPm8kaXbi4zMdd7wJB2Coly0w8mVRGRxV6BjFnl0HZR+Unx8/lWwGI69IY/o4Tr+NyJ4TSGp388TT0qjCA==
QC1VWnlNj+wWM1KVYNs7Inchz4R25fHev7VuOWc6aGcqzmdUpbPK2MZEuvhpMrqn7zVzTk2dwNfylPm8kaXbi4zMdd7wJB2Coly0w8mVRGRxV6BnH25zHZR+Unx8/lWwGI69JI7o4Tr+NyJ4TSGp388TT0qjCA==
r/lpvFB1cXRsTRpEMsAAaEtvczBCbmN5fOXbrmFWNvb4u/RWO6/CclxzK8K3sAJiyO3ZJlAx3orAgDo0u2mMLhxyzXwo4qUMSER4Vk77OnQtbXFTf38XZqMk
V6Sv89DFFpFEW7YlcnVQ1ktvczBCbmN5fOXbrmFWNvb4u/RWO6/CclxzK8K3sAJiyO3ZJlAx3orAgDo0u2mMLhxyzXwo4qUMT0R4Vk77OnQtbXFTf38XZqMk
YUmzNt/Xd4rYc0wwUXjrXUtvczBCbmN5XOXbrkFWNvb4u/RWO6/CclxzK8K3sAJiyO3ZJlAx3orAgDo0u2mMLhxyzXwo4qULTkR4Vk77OnQtbXFTf38XZqMk
x9R2I1fb7W3hCuHU/Wctc3chz4R25fHev7VuOWc6aGcqzmdUpbPK2MZEuvhpMrqn7zVzTk2dwNfylPm8kaXbi4zMdd7wJB2Coly0w8mVRGRxV6BjFnl0HZR+Unx8/lWwGI69Jojo4zr+NyJ4TSGp388TT0qjCA==
SaryuB5Ea+tkypjEdkYKjHchz4R25fHev7VuOWc6aGcqzmdUpbPK2MZEuvhpMrqn7zVzTk2dwNfylPm8kaXbi4zMdd7wJB2Coly0w8mVRGRxV6BjFnl0HZR+Unx8/lWwGI69Kojo4zr+NyJ4TSGp388TT0qjCA==
J0zBiYy95ayBWZ/UbLBXQ3chz4R25fGF6vQsKGogX3Yx22QAg4Pi+uxN24ZSEe699EdjDgmSwNfylPm8kaXbi5bPUpnWMXT3k3eB+O+BRGRxV6BnH25zHZR+Unx8/lWwGI69II/o4zr+NyJ4TSGp388TT0qjCA==
lxyQWi7mwSmdKmuLnNirU3chz4R25fGF6vQsKGogX3Yx22QAg4Pi+uxN24ZSEe699EdjDgmSwNfylPm8kaXbi5bPUpnWMXT3k3eB+O+BRGRxV6BjFnl0HZR+Unx8/lWwGI69IY/o4zr+NyJ4TSGp388TT0qjCA==
NxEeZKN9seo9T0WrXbi7znchz4R25fHev7VuOWc6aGcqzmdUpbPK2MZEuvhpMrqn7zVzTk2dwNfylPm8kaXbi4zMdd7wJB2Coly0w8mVRGRxV6BnH25zHZR+Unx8/lWwGI69Io7o4zr+NyJ4TSGp388TT0qjCA==
Ui0ju0jxy42CHTWWMcYCjbyqs5SPB6b51bEjHqRmD1xbyL+OoH5mLjjjpL6bx3KK3AubKhfY0rqItQkOMBkussC4yhzbQVx2XKodFIgKFXfKvMo+7hNqLO21IXufV2deoxw=
oiEjlDpFR0Qa0vGpYMg/ZUs0JnEAK39oV+PNp1MTJ/z7vOFaKOHOMR48Ps6lsAQhw+3ZJlAx3orAgDo0u2mMLhxyzXwo4qUOSUR8Vk77OnQtbXFTf38XZqMk
0X+iCKhcLcxtppuP2tHTwxkg1ohvMgffWlSluprblPNCbBzL4u8HJPoU/2A3tL0HCn5jRI3rTSz5n+8eg6Iv4mi46YUCpxIrlD1zozM=
CsHZSTrfcRIjIYsIOP6yQ7yqs5SPB6b51bEjHqRGD1xbyL+OoH5mLjjjpL6bx3KK3AubKhfY0rqItQkOMBkussC4yhzbQVx2XKodFIgKFX7LvM8+7hNqLO21IXufV2deoxw=
kETz4SDF19wTp3vILrc5lDSJna8VHPzyzgc4Wy3AjeYsjS8rN4jzYA6Hk5Ru7GPgq8wpt56WD+Qhg7l8TUeQ2b/527JckIVlLo8GW4AFb6Mv
yjJqY5x0K/Q3IqZ1lssmbG0EnqYvsmIkFmdLEnfA4tJIHXmWkGH+msCQGmR72SzenMItDOgyxRtPVJAGDgtaxK0d0eM/rzd2ozQ=
/rhIBYX/IUObiT4tHMEgJb8sbI5KS53MzSvUzuqahfN95DToy5+TdL0XEePuFeOxd0NAFgoWbi9Y3+LEwqTvvxGASW/iLKPpINSG6bWagZWIgkI2GhIAuFlIlYTle4UM4c86n9v+NwIgKEFFKtfayyxNS6ML
nMqLmQtFlCvhybNUUZ5G/r8sbI5KS53MzSvUzuqahfN95DToy5+TdL0XEePuFeOxd0NAFgoWbi9Y3+LEwqTvvxGASW/iLKPpINSG6bWagZWIgkY/DRUAuFlIlYTle4UM4c8xntv+NwIgKEFFKtfayyxNS6ML
y+mCyWULpaqdlhe3KentB72qs5SPB6b51bEjHqRGD1xbyL+OoH5mLjjjpL6bx3KK3AubKhfY0rqItQkOMBkussC4yhzbQVx2XKodFIgKFX7LvMg/7hNqLO21IXufV2deoxw=
q2FEv+Ux8i1S/geGpNGYATSJna8VHPzyzgc4Wy3AjeYsjS8rN4jzYA6Hk5Ru7GPgq8wpt56WD+Qhg7l8TUeX2b/+2rJckIVlLo8GW4AFb6Mv
YKL8MPTERxjnQINRbcvmpiZNlqovsmIkFmdLEnfA4tJIHXmWkGH+msCQGmR72SzenMItDOgyxR5KVJoHDgtaxK0d0eM/rzd2ozQ=
egcgcW2l4HiJT0EAbKTouSZNlqovsmIkFmdLEnfA4tJIHXmWkGH+msCQGmR72SzenMItDOgyxRxJVJ0HDgtaxK0d0eM/rzd2ozQ=
n/FH5dutAxjeE+RpqS0JeVOTjKZvAxSwqSOzfBMGcjHxU+k0rZBQO03ssFA9IPXw989AqlEUf79nBJN7zTqhxsTKQqyblTCzGCOeOXGjMQ==
oNXNIX7cntqGEGCPTVqXEwa5y0RiXMe5uDVGAo9aEryW/7t612iyKgglqf5wSc6CwIgqTJux/ObcOn2kSFo1hM7M7O+uo4q8bSWBC1+HB26jLA==
U+maWAIZSS6n4n1UqdJrztJmFysAiC/JPiMmFu2/F3rIpU64wRVZBAiBu4yC1FdheG1WCq8SokQWhwuy92Ci8kh9OXYQAT66wLDaBPs5bL6c4m2saJKF9k80WaSOq5rkrf0Rg79Pd1ajFA==
sQu8kfyC8ZIRMkk3bN0FVBx/p4IsBe2zA5YqPjMrMpNKezSj8Xw82LmgcXh7X/wytXTbBzv037MIfmWKC/oeVP+1FKvkM5IxdaM1
QrkR+IlLZ8Q0BAWG+i7Gvhx/p4IsBe2zA5YqPjMrMpNKezSj8Xw82LmgcXh7X/wytXTbBzv037MNeGWJC/oeVP+1FKvkM5IxdaM1
NbEBCV2poNIGN2/gHMu7thkg1ohvMgffWlSluprblPNCbBzL4u8HJPoU/2A3tL0HCn5jRI3rTSz5n+gag6Et4mi46YUCpxIrlD1zozM=
dGNywdz0vbhkytagVMru1ryqs5SPB6b51bEjHqRmD1xbyL+OoH5mLjjjpL6bx3KK3AubKhfY0rqItQkOMBkussC4yhzbQVx2XKodFIgKFX7KvM487hNqLO21IXufV2deoxw=
C7V6emutqy5AocHJekMd8CF42EOS4om7vraIN1cm2oqDg0hravCHXOaW9hGHOA/e1rCYWyVsGO8ayIBGdm5jp/gc7CSRlgCcgeRoYp1uNtUuZj2bTVl3YRNkoyI=
kfL5/eKh6O5kQIwSW+Dr1HA7nY5o0QZ8ETEyMAi106hSEB8V2Jnejj+2SvBWs+OW52SqBmgJcbLApVYOQASyoCv9JMq8FmWoeLZtywqAuAAeLxIQDYlZR29rH2KjIA==
RUYtUBj5O2glu/0vNJTxxBkg1ohvMgffWlSluprblPNCbBzL4u8HJPoU/2A3tL0HCn5jRI3rTSz5n+8Zg6Ys4mi46YUCpxIrlD1zozM=
E1ej5VicxG9PJXLD6KcKO7yqs5SPB6b51bEjHqRmD1xbyL+OoH5mLjjjpL6bx3KK3AubKhfY0rqItQkOMBkussC4yhzbQVx2XKodFIgKFXXPvMg97hNqLO21IXufV2deoxw=
AtL+NyOEY1UUVNXpex4S2tJmFysAiC/JPiMmFu2/FXrIpU64wRVaBAiBu4yC1FdheG1WCq8SokQWhwuy92Ci8kh9OXYQAT66wLDaBPs5bL6c4m2saJKF/ks0W6WOq5rkrf0Rg79Pd1ajFA==
SIIaaScEE8/m9tSvxS9G2R9/p4IsBe2zAJYqPjMrMpNKezSj8Xw82LmgcXh7X/wytXTbBzv037MIf2WICvoeVP+1FKvkM5IxdaM1
NyZOgxLCpA1f4J1wQibR4x9/p4IsBe2zAJYqPjMrMpNKezSj8Xw82LmgcXh7X/wytXTbBzv037MIe2WPCvoeVP+1FKvkM5IxdaM1
DsDVIa1iLQBT9J33PGeypR9/p4IsBe2zAJYqPjMrMpNKezSj8Xw82LmgcXh7X/wytXTbBzv037MNf2WPCvoeVP+1FKvkM5IxdaM1
f608Lh+TXGvJC7ja/dIj2Rx/p4IsBe2zA5YqPjMrMpNKezSj8Xw82LmgcXh7X/wytXTbBzv037MEeWWOCvoeVP+1FKvkM5IxdaM1
oB9b+2HuCMWtr/CGwFbEbeh+Czx9DJl0nJSAN8ggnK3J9lF1ymw6zIfu5RsUMC3Xermf+z2vISI1+a3r1piFfhFCAIoaOaAJ7PltFh4fFGuMPAMIarF70X14JKPjQPnDnDs97Kko3eMe0CoDMPRScfwQkNlkrm5lnhMoi8800PgZpVVG/EOaolYZXrUz2MqDacYWQ3iOoyEP1iMF9BbH3hv86zatEP6cz8CRRGFLJHk++EwDmSCFSmbu8Q3Agg+chPTLp+s0D5N0e9Vr3TpONO815EvUc+IR5aOl
An2AMD+ER9xg0PAOxT3L+zT2+FW7pmre2fVRTaACL1wk9Ctny7Qv0xR7das9uq70TzWEC7TzwtEFo0U=
zsN2jZUro8bc/CD9RYysK4YgOMJxdxrhIlhu8h+NTGC5inBoGUmrRp0U5kGWql2fJYXH1csIo0Y=
SraHMLxb+9dts+krHQ8V2tG70I+EsA6KxURPr7Y22NeMyQs5SvgaglyK3XQIqlWfy9wJmm7zKgzt1eHbH7cnfqM8
k/+MyMClcCScPc8HQqFfvOh+Czx9DJl0nJSAN8ggnK3J9lF1ymw6zIfu5RsUMC3Xermf+z2vISI1+a3r1piFfhFCAIoaOaAJ7PltFh4fFGuMPAMIarF70X14JKPjQPnDnDs97Kko3eMe0CoDMPRScfwQkNlkrm5lnhMoi8800PgZpVVG/EOaolYZXrUz2MqDacYWQ3iOoyEP1iMF9BbH3hv86zatEP6cz8CRRGFLJHk++EwDmSCFSmbu8Q3Agg+chPTLp+s0D5N9etVr3TpONO815EvUc+IR5aOl
8Ge/iQNACcgfXw+dmFMNGzT2+FW7pmre2fVRTaACL1wk9Ctny7Qv0x16das9uq70TzWEC7TzwtEFo0U=
wtT1+fIUDi94hUXYq3MAaIYgOMJxdxrhIlhu8h+NTGC5inBoGUCqRp0U5kGWql2fJYXH1csIo0Y=
a7WHU53oF4U1g4boUKniitG70I+EsA6KxURPr7Y22NeMyQs5SvgaglyK3XQIqlWWytwJmm7zKgzt1eHbH7cnfqM8
S2jYDBN3YXtmyBheVmWnCOh+Czx9DJl0nJSAN8ggnK3J9lF1ymw6zIfu5RsUMC3Xermf+z2vISI1+a3r1piFfhFCAIoaOaAJ7PltFh4fFGuMPAMIarF70X14JKPjQPnDnDs97Kko3eMe0CoDMPRScfwQkNlkrm5lnhMoi8800PgZpVVG/EOaolYZXrUz2MqDacYWQ3iOoyEP1iMF9BbH3hv86zatEP6cz8CRRGFLJHk++EwDmSCFSmbu8Q3Agg+chPTLp+s0D5N/etVr3TpONO815EvUc+IR5aOl
WUuoERYPKgxg3etcOdr9qTT2+FW7pmre2fVRTaACL1wk9Ctny7Qv0x56das9uq70TzWEC7TzwtEFo0U=
bEwpkCZ/Ug2WEbdkIBU4EIYgOMJxdxrhIlhu8h+NTGC5inBoGUOqRp0U5kGWql2fJYXH1csIo0Y=
I/p8iIXsmhHOexm7MDF+RNG70I+EsA6KxURPr7Y22NeMyQs5SvgaglyK3XQIqlWVytwJmm7zKgzt1eHbH7cnfqM8
vSKntQxoA1xsRIXAv6hJpOh+Czx9DJl0nJSAN8ggnK3J9lF1ymw6zIfu5RsUMC3Xermf+z2vISI1+a3r1piFfhFCAIoaOaAJ7PltFh4fFGuMPAMIarF70X14JKPjQPnDnDs97Kko3eMe0CoDMPRScfwQkNlkrm5lnhMoi8800PgZpVVG/EOaolYZXrUz2MqDacYWQ3iOoyEP1iMF9BbH3hv86zatEP6cz8CRRGFLJHk++EwDmSCFSmbu8Q3Agg+chPTLp+s0D5N6etVr3TpONO815EvUc+IR5aOl
O79SKOlVeed4kgT9n46kXzT2+FW7pmre2fVRTaACL1wk9Ctny7Qv0xp6das9uq70TzWEC7TzwtEFo0U=
uWJ0oUumSrQCAJllb2L5OIYgOMJxdxrhIlhu8h+NTGC5inBoGUeqRp0U5kGWql2fJYXH1csIo0Y=
oOLFlc2zjDuZ156QMkFpdNG70I+EsA6KxURPr7Y22NeMyQs5SvgaglyK3XQIqlWRytwJmm7zKgzt1eHbH7cnfqM8
OJ8bw9HE8528BDEr6nxz1Fqx+kifPJNZyHKlMnTwpCs591BZNwyE/dZyuDP8LnWgWH4dUIkYQU4+JwIozfHJzw+jL3qjOA==
7AQlwWjGRMTzgxdWHMPya9wQhTciQTjkAUMZ/O2HtdnfP78yPFDlZU5PZtvgxQ+jTw==
fVNCIPchbTnAKG/etiaq6DT2+FW7pmre2fVRTaACL1wk9Ctny7Qv0x95das9uq70TzWEC7TzwtEFo0U=
FSrQHKV85DV+D7WQicwsOIYgOMJxdxrhIlhu8h+NTGC5inBoGUKpRp0U5kGWql2fJYXH1csIo0Y=
hzpivzalHDcogRGDGa11fnM1mRjFp93noeDaZE02kZyGhEg/f/eJC6qevwaHPwDAybzEWmB9AfUsh/dWcHt+oPQd7CSRlgCcge9pYpVoNtUuZj2bTVl3YRNkoyI=
5Rw2htwB+84NbEwmrCb9TANa5PIeq3ADdE8tZlrmybgZBhoS2M3LiTHhBvgfpOOR6Hq1CjQINKPZv2BBNxS0tTb6KMu8FmWoeLZtyQmAsQYeLxIQDYlZR29rH2KjIA==
EaOly+gRcnbqbtkXsR2yDSppy9cvmVEZQ08tZlrmybgZBhoS2M3LiTHhBvgfpOOR6Hq1CjQINKPZv2BBNxS0tTb6KMu8FmWoeLZtyQmAsQYeLxIQDYlZR29rH2KjIA==
RqhQV/NSYDReodzJmFElIRd+YCxRRiViWuLBrAkSMvb4qeNdYbXOPF9gK8W4rh1ulOycN0kr6MW3kDwhpm6ALxxyzXwo4qUNSUR5Uk77OnQtbXFTf38XZqMk
vB92EtRRCfdUDhjJd1zfgPaEJ1eNrSoBhh6IHc/VDwesVF1eWt65kPkuSkoYFZvhkQm2gJ9cU/lIkmVSdNDki7mXkHk3LESdVtL4E/xOtUDY3t0xifgB7r5HQsjN0Qlvj0NvWqMY
jGiL5kzOpvTvPPBWBMUSYzfV4vL36NM2V8nVOpp5U2epHx8aHX/Ntemwg0BOVRSlRuRRb28l1JRFTytcOzqu3ahyWBdPYmB6teI6BHXbVcwx70CZ6xfjwnBI0cXaN2qLXG1boxs=
UQHEVlDDQkDMiwkNIbxXrpAnVndW43+fYmhmUrrMWyCS/R/6k3pFUlrSoZzJwlJmeDlDDaFF7kxfkAu1+H69/hR8fGcJGwj1t6DcEeY+YL+c4m2saJKF/Uk0WaKOq5rkrf0Rg79Pd1ajFA==
TFh++1gLDom+IEKhE8mZ1e3Gqw31jDM+uon+BXMQWs7wtWUvJQdpky/bDlCkP+wtk6yVAxsnDAn68zVKXpu4hRL0S6drNI+T/nlVa106zjRvNWRLVHNiEWWjJQ==
