k8APttLX1guGOJ/CXc985WLNyvtPWbqywF92CWuKiv1VyjIoMoTxGFyNhJJo/WO99dc4sYqNDuQhg7l8TUeQ2b//2rJXkIVqLo8GW4AFYbMt
3Y+3t7ZSe8F6XwCI9vZ9E/lwwgb8JdZY4irifMFq1PMIPn9Y03kB8ZihUpYeo5RTaaQ7EjFkC0FJCdIpfj4XnI/QUFtu/y4sdWZS3nSMpkWAz3k3oYSSxMIWqv3Oy++U8NXa6Sr0i1cdO1FX2OcYO3mVTPsBcOe/CR0yfj4jZKlpko8Ur7M6R8jyIVGpmyhkZR2sIZxptBi/0oNGTYZObZggPijrsUnw+/vsBNWbNUzRL+SZi1fGQlsIscp690oLPC31s7k=
qsSpcD7mtb1/PAXnyNK6YPlwwgb8JdZY4irifMFq1PMIPn9Y03kB8ZihUpYeo5RTaaQ7EjFkC0FJCdIpfj4XnI/QUFtu/y4sdWZS3nSMpkWAz3k3oYSSxMIWqv3Oy++U8NXa6Sr0i1cdO1FX2OcYO3mVTPsBcOe/CR0yfj4jZKlpko8Ur7M6R8jyIVGpmyhkZR2sIZxptBi/0oNGTYZObZggPijrsUnw+/vsBNWbNUzRL+uZi1fGQlsIscp690oLPC31s7k=
UpmbIKkdvoGGdKFAwAtM6N/4242Yog+Y1FQMv6lj2N23iAxpRuYQl1yK3XQIqlWSyNwJn274Kgzi1eHbH7cncLM+
Q+ulGVheAtv1mGFft7Lju5AnVndW43+fYmhmUrrMWyCS/R/6k3pFUlrSoZzJwlJmeDlDDaFF7kxfkAu1+Hq/8BR8fGcJGwj1t6DcEeY+YL+c4m2saJKF+Eg0WaeOoJrkov0Rg79Pd1izFg==
b2iBMcYJXyaf8PUJ7VxEyzfV4vL36NM2V8nVOpp5U2epHx8aHX/Ntemwg0BOVRSlRuRRb28l1JRBTSVcOzqu3ahyWBdPYmB6teI6BHXbVcwx70WY6xfmwntI0craN2qLXG1Vsxk=
bguudtRbd2YbW9V4IasLPfaEJ1eNrSoBhh6IHc/VDwesVF1eWt65kPkuSkoYFZvhkQm2gJ9cU/lIlmdcdNDki7mXkHk3LESdVtL4E/xOtUDY3t00iPgB675MQsjC0Qlvj0NvVLMa
UlBPZqUWimoUYMHYiP2qMBd+YCxRRiViWuLBrAkSMvb4qeNdYbXOPF9gK8W4qh9glOycN0kr6MW3kDwhpm6ALxxyzXwo4qUISER5V07wOnQibXFTf38XaLMm
4GA+GzhLML21b0ydgypHCSppy9cvmVEZQ08tZlrmybgZBhoS2M3LiTHhBvgfpOOR6H63BDQINKPZv2BBNxS0tTb6KMu8FmWoeLZtzAiAsQMeJBIQAolZR29rH2yzIg==
o9Tn/5Va5cQhzx8cNS8ZSwNa5PIeq3ADdE8tZlrmybgZBhoS2M3LiTHhBvgfpOOR6H63BDQINKPZv2BBNxS0tTb6KMu8FmWoeLZtzAiAsQMeJBIQAolZR29rH2yzIg==
LnghWjYXaSHAaRvCOV0sVXM1mRjFp93noeDaZE02kZyGhEg/f/eJC6qevwaHPwDEy7LEWmB9AfUsh/dWcHt+oPQd7CSRlgCcgepoYpVtNt4uZjKbTVl3YRNqsyA=
uqiXAdDHA1wasTPNve7jMflwwgb8JdZY4irifMFq1PMIPn9Y03kB8ZihUpYeo5RTaaQ7EjFkC0FJCdIpfj4XnI/QUFtu/y4sdWZS3nSMpkWAz3k3oYSSxMIWqv3Oy++U8NXa6Sr0i1cdO1FX2OcYO3mVTPsBcOe/CR0yfj4jZKlpko8Ur7M6R8jyIVGpmyhkZR2sIZxptBi/0oNGTYZObZggPijrsUnw+/vsBNWbNUzRL+WYi1fGQlsIscp690oLPC31s7k=
ZDifjQDns7zUSb4grwRx0StpxtNgj03Bf1h28g6Du4fMsUS9FGtORnT8m0lY7MiMneN/5yqVKW5gnPGR7Wptc4PZHGiQStSycxwLQmEinMpte5C7LeIdSIdFjjV8+WdPTKtRaGE6RtnwJxVfIoF06M7L7Nk0jeu4OtYeTLwA3pzEQ9YtV9jo/W0TIjgjy2LhNUvZsUyYVVedvjKRSxljclLpZzqvi4AtQotGqYjfx/EI0csAdmo3rJO2/yspefTxq1AEpjqRQAUdMCWFWxo+Sb8MwtM3qwq+nWblLynswwo+U+cWdYxlmWsUUocUDEIXzp6tlMrh8F/gZWW3YSRodfudSSsWSHOQXe6/0V1DV8yLu0sQArRr9AudBiepj3XMnOjUTjEZA6X0vpmAAVMosOM7ce37h+xi5AwedGxF0d1OucgqE0qUtt0TLJzhLuAk8VPo2uXV1mZe3vKjPWGXWWNSsxg=
NejpSB84MIJ+dxDNmi8Gpb2f6Ge1+Gk7hIYY8NQBaIT4XqSaFyonc+Q6SzQ161DvcrAKre/uF0lsXx3BmiW6fM165aADjadDD6PlwJO7qKDOFx05Kamulihu7mtGSqhRbWs1UsjuPD2yAOZIEfi4vAzu0q959J1m8U63sjUi4HZI/TdcjNPoqrWhTP54o9gpBDYnsfbzFepMGU6vuxSqJ/9lxNT8nNAuhGr4u8j+4tsVbHUzrZ29x1YbjtiYjbPkg1C+tDRjC+1IGV3ikOlfciaN1K5fMw19srt7T4O40GeT/wPxCPWP+uq26/5ueG19wZA+NB6urp2KExOEXJ2+ac48J0dhY5W33F9ES9WdqDsl+IsP1eW2Xnp7WDmFWisUC3vW1/SqZXEtY/TUCZWI4XhhGGjjaoemid4yfTTo2qiP+eXgByOoZNEj6bx9J4DYr98q8gdwNeq+L3abUGVRsx0=
fwuvoLbrbMwOd7sCkd3d1DlGIeC1EDzYSNQ4/4JIBu/ScyUyzRWz+TTmSCooKmOirnZUWkdKl/N0mjt05Qtg7wKQ2m1fjofJnP9NgarFqnzdGtVg0y3Xw59DVYDDm1ig/ndN+dkJPhaYjj4rNmq4UX1LRRIYDoy9IqAWiEGYiLz8zoLvyRQN5oHuZ3IFQvB2WB0HHNxzGColwfw+qIOoKTTW9/GGU4Vq/Hkeb0s0uifvRTQUrPxgrhTKiPsYHtLbZUyl8x39LUemu96YqG2j5JMwjnTkw3tt2PntosDJr3IW7YRur5Od/QJbqw/zmMBng99zsdgVP3p6Fhs+PhhdfTGwbnSuTj4d+rPDRGz9rmne3BcHMcNlN0w/9IsFvdg7FRhbT6VFJt7KGwj5dXo7FBtbJhekytXxvcOElNl1uOEIQcioUwoXJnl+Yj0ECMqon5nVINeD2ORBw1n8LQdw2J+/ejL30KVqDs+m2yBFQbMN
WkcsadqgDACvlaxYUFoXkNGXXavjg/YhKJHSbco4MZnBHcB1XrrhFZRr3ccQ/rQ6JCJnoqp+WEq7UrPTEOJnRCnDpC/G2JYdAzYjKXhn8REmTS78WZJZ8G+1s6M7+4lwD1Mc4Lo/AckF8do2vJZCOzpivFF5Q0kCZBaoncZYyrgN0Mz8uAZOHxWsqYbldtviicp09tyVi4xg6/zKgXmgTuTLbOnwHjvB2ivhSthh4n9HPL4n6004BFDkRI5wstTL1NYWG6EE6YNBRYmnQiNiCCTlJ2QXuALkWFsfDXxBMVIMAesyUqXIXnNred0mQ9cf/5DEZ4fXf6GkDRtanu7HDnJQGT11eKKEcvaafZ4rf9TgdSrpWlSbl41bgdfoh6j7SfUc+9HQl3/5PUL+7gP06XlyPxQfUyoHWNLx0dm72KQVvXwhzAmE2A+ys8ad5t6tiIBOKBsRWbBrG7yE5XuFDOHPNJjb9zYCKyhBSirX2sssTUWzCQ==
LwLGL4gLWQe20K1rBqAGqjT2+FW7pmre2fVRTaACL1wk9Ctny7Qv0x56dao4uqX0TzqEC7TzwtELs0c=
GifkUqLuRrh2thCgKxLCv4YgOMJxdxrhIlhu8h+NTGC5inBoGUOqRpwR5kqWqlKfJYXH1csGs0Q=
eWvKESJP7BUYg7nzbAWGbR8MRA0fs7QpWnb+99ZGE+X2AaGjPi8RzdkxxMnthm38IxuQY5DZHgroRMwh310DF6qFq0n6jsIN7xNgXAMYAoaX9iK75NhZVSriXsGs4kB52S0QoZfEHNiRQKt+RNcLmTJAamjSyvyDlwxcOf+iY/kP8UERrFlH+0xrlzoYGdYnf7TZUBQJW44P/nH8VVSPKFiGDoXKfIMIZXwAZF5Q6wX774vKer80fNAmbcha064sMW07V7yWZSh4Nm1CCACwgx6kEpACCVnHb+sf7LOi
2cNnwXWXsPBIQz9miTbDoykdibd/8AdiED4MWyvL4NAOT3mBjHjJ3trEDWZhzSvPnMItDOgyxRdIVJgHDgBaxKId0eM/rzd4szY=
LR9CY5afvIbOb9GVt/rtuQ+ewy7QctQXm2e4PG6j4S089FFSWkiV6tFhsyP8LnWgWH4dW4gYQEs+LAIowvHJzw+jL3SzOg==
hTHEMOM6JR7fcPMG6rPqjA6ewy7QctQXm2e4PG6j4S089FFSWkiV6tFhsyP8LnWgWH4dW4gYQEs+LAIowvHJzw+jL3SzOg==
w+1ej2ttZbzIwqUlZuuqZJwFinpShUtEvq4hDSOE/4nRUkElUpK3nMVBh6C58gJnOILtBiBPQPjTQ6t6c0OPXc7Z4sQ9i71sqX/SGHOGfiLTGBkKkkdCa2QdbbMh
oYgIP1a9l2RvIfj8DByJDEA54I8/YjVOosDwWOABk2W0Il6ZxctEBg2cmgJBnDkDH51stPEmwOyh9WhytB32bk72sgut6TeRM3qzMA==
4B8TFWVhJ0D+Z5uFSpsEtToT8aRBDiPlM3f3oImS0qdIYl2GsO8QOOMju3pjo78dHnlyRI3rTSz5n+IYg6Yu4mO46YoCpxIrlD19szE=
eeHEEi5ml0ZvxaStIBOhzikfg7d6/hliED4MWyvL4NAOT3mBjHjJ3trEDWZhzSvPnMItDOgyxRdIVJgHDgBaxKId0eM/rzd4szY=
lUgxmE57TfGbLHY50zsWsT10zsE+i1E4AHAjaEvgx7JRDBQSmdzblj/WM7ZQ6qTfu2+oBC5bcaXcvGFKWlClojHpI9u8FmWoeLZtwwiAsAMeJBIQAolZR29rH2yzIg==
xSQL+XsheN2qa2g7rFWuVFqx+kifPJNZyHKlMnTwpCs591BZNwyE/dZyuDP8LnWgWH4dW4gYQEs+LAIowvHJzw+jL3SzOg==
nXbl/Ge907KkY8ATXdYXnVqx+kifPJNZyHanPHTwpCs591BZNwyE/dZyuDP8LnWgWH4dW4gYQEs+LAIowvHJzw+jL3SzOg==
GSpHSWszP/d55WKcYWVq65dW/wLJQ/Agt/t9Y47JX////zl11i4dZHk0Y7djFLdDjPjtOqBazSQH+sz73BO6IXOzPw==
LVIuh6of7G+vW6f3DCjeWDT2+FW7pmre2fVRTaACL1wk9Ctny7Qv0xR4dao4uqX0TzqEC7TzwtELs0c=
JXUFxIId+KNelaWtcrUfToYgOMJxdxrhIlhu8h+NTGC5inBoGUmoRpwR5kqWqlKfJYXH1csGs0Q=
24c987k0opSfsffFekocA3chz4R25fHev7VuOWc6aGcqzmdUpbPK2MZEuvhpMrqn7zVzTk2dwNfylPm8kaXbi4zMdd7wJB2Coly0w8mVRGRxV6BjFnl0HZR+Unx8/lWwGI69J4/o4jv+OSJ4QiGp388TT0SzCg==
zBeGD5ksD0gvXtmhvsZKbr8sbI5KS53MzSvUzuqahfN95DToy5+TdL0XEePuFeOxd0NAFgoWbi9Y3+LEwqTvvxGASW/iLKPpINSG6bWagZWIgkI2GhIAuFlIlYTle4UM4c82n9v0NgIuKEFKKtfayyxNRbMJ
VnWHxFKc3aPp0APG/+x3M6NGnZPKl+4k3Xk3d0Jug05yiLE+BqtNyIdROc7BD8y9lJac2723JE8mfhxdLiajJA9BrK1sAOYCIlv+1vfNzk6E9tzeRuAvBMO0M5dz1MfjUP+92BAa2MRXejzbrNMqQUOzDw==
eQKyUejTXaNh5LugN/ZgCwG4c/lcaFLo9idUyIe7N/rvO0ps1jy/ZLHjSTydZ6LfzxyKcuIwFere79YbsCVxsz0=
1JHYz2SquknZp9MTfpEyeAa+5o4C+Ym0xRZz4TB7DjAmayfjaC4q8vIJvg4pJjsDLTzBEYPQGNsycc2ftfULUZG2c6pqSpms/MOD5PtUy/R/Ze4CpYe/v9trYAZl1ritL6GKkXaHpIl8CQ/9TvgkIO+qDt856mpDioQKbr1P3tnZ0Phpc5nJJ45cw2z1il/9JXeHkMN/C1zaYBtI4zkmy5H7ZVCUbNTCKY0z2dxa+Sz553hsK3+xIaPTHF6MKL4Y1LFBwca9SCaLXiRKdXfMsJkaMHi5lq+WPgGm37Z60k8FFYfFa9azlA==
MwOq4ZljMivkxUu1xwK1ZFcfeXpUcs7/+wkz+9vRj/f3x/LxtiCLsKY4dsc2nvHHrJKMYx/YODyv+YLXIAPchqapWewL4LaEWe64BUs+tyqbJotTtmiZaV+dv01I/EnIyJ87t7Kbaomki3gPB+dCxjQy21wW9UXESqGu4mJUUZHuq40GAKMv14nlShqLNjl0j69RwV96fxFr/j7GszJPp9Z5BW3d2gjiVECtC7tDUORpvk2R4MbX0RFDBzX05OB2DuoA5zmLGnOIZM+Y7JA5CZxibSxoEoV4T7RaJ44lmmSifREDv8932LOW
PgySp5wIIrEG+LRCCLLSp5qotTIcPeeVKqxiIhBH5PpxfLOQnOahvpwa1WF1zeXtfLWLPg3jrZrxaz7dgaO9KN8XCYjrOcNCLh9Pgf1TY8kQepFXNi8gVZbsne9vMCqpJA4S9AYkBuKEs3bUcdyXeT+6LKt7GvxkGaYVF9Y2fr91XIrR+KmIcPGfB09jh6pTwlNDcQ5bgxTdVxMpwO6M1z6hk9YtlA33wE+SBpPBW68yjF95LoHejY5wZWbxln/yVKXipJxoybUzOGGPXtSnr+8ka8unv4kwfKrEvEPaSAMQg8Zp17Ob
M3stutt9Cc+WeT/F79aDvSU9f2KxeMK1WxZWX4z0rSVjI7/IFEVtcDIwSvpN/vu9S3GSDeWiowMDxp/T/BYv2u/6Bq9H1CX5DR5gJ4FdsyNNFf5C/wsYzw5J+NRz80FAJLUqNhzoCCQI/oqLeMh/rLll0YJCt1X60jh3nvvL+EYwY7tkxI02aUYsvyfJky33BI8s6y0toLstiLPv/bVungJLsBkdSqMUg2tO9xyaHbH1M9w0MeWAYXDR4MiLul/mMS6aHaz4UqgH6X0Ar1MQpIlzARwFl4lfpywSkiqgbapGHx67yHXZs5U=
hgO+F6IUdTNPhmTgarSan7pu3PtPHHv0MgorOez9BVLW8JHbDAkR1/Lm+bR+Y8EBHXI+xh3MGaWG+fV6M/aXoN0pS4tJZ70QZ7lP2prv2ymB878hpCrF7/rvbC3CPGnHM1AWQTA+ZuwKJAr68INiPE28y1HLanjTN9ow3E32of8KlgIX4aw+SXQpBOhF75Pnnyf2O3aDl8lCG0/sCQdnARwOsL8qkWfOIZQB7zR/hm6vIYeHRtyLgeLBkjVaoNEOrTaDWsDVVjwQ6EUth8j1JyJ0e0dbdD9za3/FSCh6MJQfunTrBLOycduzlw==
WDlwCMYvbyItMIQSeq1ReiU9f2KxeMK1WxZWX4z0rSVjI7/IFEVtcDIwSvpN/vu9S3GSDeWiowMDxp/T0AEvze71G69H1CX5DR5gJ4FdsyNNFf5C/wsYzw5J+NRz80FAJLUqNhzoCCQI/oqLeMh/rLll0YJCt1X60jh3nvvL+EYwY7tkxI02aUYsvyfJky33BI8s6y0toLstiLPv/bVungJLsBkdSqMUg2tO9xyaHbH1M9w0MeWAYXDR4MiLul/mMS6aHaz4UqgH6X0Ar1MQpIlzARwFl4lfpywSkiqgbapGHx67yHXZs5U=
Pbr7RxurH90H83wSVWhjprpu3PtPHHv0MgorOez9BVLW8JHbDAkR0fLm+bR4Y8EBHXI+xh3MGaWG+fV6IvCVtdk9S4tJZ70QZ7lP2prv2ymB878hpCrF7/rvbC3CPGnHM1AWQTA+ZuwKJAr68INiPE28y1HLanjTN9ow3E32of8KlgIX4aw+SXQpBOhF75Pnnyf2O3aDl8lCG0/sCQdnARwOsL8qkWfOIZQB7zR/hm6vIYeHRtyLgeLBkjVaoNEOrTaDWsDVVjwQ6EUth8j1JyJ0e0dbdD9za3/FSCh6MJQfunTrBLOycduzlw==
NMzVKHIEMtz3AvfMm0HFRwa+5o4C+Ym0xRZz4TB7DjAmayfjaC4q9ONR5h4/LW9cKj/UOMWzX5klKdrfsccMR4Src6pqSpms/MOD5PtUy/R/Ze4CpYe/v9trYAZl1ritL6GKkXaHpIl8CQ/9TvgkIO+qDt856mpDioQKbr1P3tnZ0Phpc5nJJ45cw2z1il/9JXeHkMN/C1zaYBtI4zkmy5H7ZVCUbNTCKY0z2dxa+Sz553hsK3+xIaPTHF6MKL4Y1LFBwca9SCaLXiRKdXfMsJkaMHi5lq+WPgGm37Z60k8FFYfFa9azlA==
DmEl1TBWrpibvFZDVKAU3Aa+5o4C+Ym0xRZz4TB7DjAmayfjaC4q9ONR5h4/LW9cKj/UOMWzX5klKdrfuNQGWoSpc6pqSpms/MOD5PtUy/R/Ze4CpYe/v9trYAZl1ritL6GKkXaHpIl8CQ/9TvgkIO+qDt856mpDioQKbr1P3tnZ0Phpc5nJJ45cw2z1il/9JXeHkMN/C1zaYBtI4zkmy5H7ZVCUbNTCKY0z2dxa+Sz553hsK3+xIaPTHF6MKL4Y1LFBwca9SCaLXiRKdXfMsJkaMHi5lq+WPgGm37Z60k8FFYfFa9azlA==
V8m4hSEvpjc+mQPPbAT0l568uFaWHwuw5vEG76lM6FcRsq7avmZMmsRU16SwdX65cvUeIJnfojSIduQ47OBBP/KYvu4CQ69fm5Q+ANlqMHHbil/OO0Lj52acUS0f2Xe5mMghrOh704Oi72KNpI9wexfTqiIUVrNoxgGNgArlZhay4Dn1Tk9lspDXp1MJYcJuG4LRkC/LOXWPjrdVK7r2MmMGJ8P2ne1Zza4A5lREpX+rd7gASdolpTAyH5VRB8/BJFCIEq4O6FOp/5L3COBH7Hwk0e08BgWYuOZNPA/wktNeEfIAgpn5N6+7f9yzkg==
2znh5Z5Tb4hg1mi4UETzMP5h2jr5btESn7gkc56ATf/1ui1/gCQcaG00Y7djFLdDg//tOKBayCQH+sz73BO6IXOzPw==
Ze+kCdlMzbtZ1y4gH1zZocq+JBg7gpGpfR5QwLjlbSKkz0AsZUf/TKUcpIjiH3gY+1OjentTtjz6BKuExTvljAEPW5/7NJaCjuihSkqXOkuMDWWzKQ==
Qc884lXe5LjajIj44+TN2zA6VuETx0jmwM1QS5XjZC4dlJoKUaUYJ0JELHyhjmBEMX3v+ia1VsMePvLD/cEXuSNyszg=
oILpqrjXtlD1tUXQ36Q4/A2ewy7QctQXm2e4PG6j4S089FFSWkiV6tFhsyP8LnWgWH4dW44YQks+KQIowvHJzw+jL3SzOg==
xTOlRpL5U+BEKYMGCsknQE09y4BfsXEuGi5DFjGczuFAVXmBjHjJ3trEDXVuyTHPnMItDOgyxRdOVJoHDgVaxKId0eM/rzd4szY=
vyk52ftrZYic9d0nPkIkawyewy7QctQXm2e4PG6j4S089FFSWkiV6tFhsyP8LnWgWH4dU4sYRUs+KQIowvHJzw+jL3SzOg==
BPxPa8hYgQaP3o6IyL1Swk09y4BfsXEuGi5DFjGdzuFAVXmBjHjJ3trEDXVuyTHPnMItDOgyxR9LVJ0HDgVaxKId0eM/rzd4szY=
HihlOXwFkVPeVwvEFPtmgSkFhbdm5hhiED4MWyvL4NAOT3mBjHjJ3trEDWZhzSvPnMItDOgyxRpKVJ0HDgVaxKId0eM/rzd4szY=
YEiCpeo4J7M5ayakTYaKI23NjAUqHpXk6zUMB8odVLff4rRwxW+qGgBtqelsUPnG2tw9XY6h4ffcOn2kSFo1gsrM7e+urYq8YiWBC1+HB2CzLg==
7UG7UsfYvMQN5L3PUQ8zLdJ4EyYSiivTPHl2Ta36SiC+/wXvthtbVVrVoYi0hlxxOX1SBuFD7koL7xio8EjtoyNffDgBCxj7n/LLQeQiaqCc4m2saJKF+Ek0XaeOpZrkov0Rg79Pd1izFg==
n8rDD2coVL54rHCvOcPRs9J4EyYSiijTPHl2Ta36SiC+/wXvthtbVVrVoYi0hlxxOX1SBuFD7koL7xio8EjtoiNffDgBCxj7n/LLQeQiaqCc4m2saJKF/Ug0XaeOpZrkov0Rg79Pd1izFg==
UqmcuCH0aXmpQiYn3J6lSRPWg9/I0okxO4WM4RsEK/3yCNKjeEt8y/hjtNkhIZxcoJMp7QEuxh3hDpHOAHRXFOz+wEafLYVn6HbN/kgTbGlREyPkNntTzENEPtkUp6zAPBd1DHGRJuk15XlQiiOkllgCqgE4rA6DpFlcAsMV5G+NAPiA9PIfM+gZ7xYCisGHV7KkfXHErrWdIdps60qW2DOFOiD8BuT4OKQUweb6MLoiQJdzK/MwD71glOrgg05qm1EOiB45jHhJQlDQSSguHqmZBrcGghIHVc1n7Rvus5w=
kOCsek8F77yRf+7FjND2ZNG70I+EsA6KxURPr7Y22NeMyQs5SvgaglyK3XQIqlWWztwNn279Kgzi1eHbH7cncLM+
z8X4jr1Ij1h3mW9qUL9UUzT2+FW7pmre2fVRTaACL1wk9Ctny7Qv0x1+da84uqD0TzqEC7TzwtELs0c=
7rcDPpEaoUcDCZOhD0Y02oYgOMJxdxrhIlhu8h+NTGC5inBoGUCuRpkR5k+WqlKfJYXH1csGs0Q=
45kjPwLIGASazFFDvBLrfguewy7QctQXm2e4PG6j4S089FFSWkiV6tFhsyP8LnWgWH4dVY4YQU8+KQIowvHJzw+jL3SzOg==
JaavmT3JCkhFKQMYfJFt/009y4BfsXEuGi5DFjGazuFAVXmBjHjJ3trEDXVuyTHPnMItDOgyxRlOVJkDDgVaxKId0eM/rzd4szY=
MTkAAUnmsKcYfTV8hVfInQqewy7QctQXm2e4PG6j4S089FFSWkiV6tFhsyP8LnWgWH4dW44YQU8+KQIowvHJzw+jL3SzOg==
7fNbAsUpK7rDtYUwiGAMzk09y4BfsXEuGi5DFjGbzuFAVXmBjHjJ3trEDXVuyTHPnMItDOgyxRdOVJkDDgVaxKId0eM/rzd4szY=
ed98AxpYy7XWiP/Zg1fIDygFhbdm5hhiED4MWyvL4NAOT3mBjHjJ3trEDWZhzSvPnMItDOgyxR5OVJgDDgVaxKId0eM/rzd4szY=
z+StPGPPAGOiRC9IkQPzpW3NjAUqHpXk6zUMB8odVLff47RwxW+qGgBtqelsUPnG2tw9XY6h4ffcOn2kSFo1hs7M6OuurYq8YiWBC1+HB2CzLg==
OF6nscjb/J4uj4nOdke7Z9J4EyYSiivTPHl2Ta36SiC+/wXvthtaVVrVoYi0hlxxOX1SBuFD7koL7xio8EjtpSNffDgBCxj7n/LLQeQiaqCc4m2saJKF+U40WKOOpZrkov0Rg79Pd1izFg==
CNsIVOCP1LqBTfN6p/2il9J4EyYSiijTPHl2Ta36SiC+/wXvthtaVVrVoYi0hlxxOX1SBuFD7koL7xio8EjtpCNffDgBCxj7n/LLQeQiaqCc4m2saJKF+ks0W6OOpZrkov0Rg79Pd1izFg==
wQFPjMLLiu3RDuSFa4EZYxPWg9/I0okxO4WM4RsEK/3yCNKjeEt8y/hjtNkhIZxcoJMp7QEuxh3hDpHOAHRXFOz+wEafLYVn6HbN/kgTbGlREyPkNntTzENEPtkUp6zAPBd1DHGRJuk15XlQiiOkllgCqgE4rA6DpFlcAsMV5G+NAPiA9PIfM+gZ7xYCisGHV7KkfXHErrWdIdps60qW2DOFOiD8BuT4OKQUweb6MLoiQJdzK/MwD71glOrgg05qm1EOiB45jHhJQlDQSSAqHq6dBrcGghIHVc1n7Rvus5w=
t8pR+xRalrV3XnnlQP+pYjT2+FW7pmre2fVRTaACL1wk9Ctny7Qv0xV6dag8uqD0TzqEC7TzwtELs0c=
XxBnrx6K3jja7NqzFTSw5oYgOMJxdxrhIlhu8h+NTGC5inBoGUiqRp4V5k+WqlKfJYXH1csGs0Q=
u2b157PlleXWmcI24BC2RtG70I+EsA6KxURPr7Y22NeMyQs5SvgaglyK3XQIqlWeytwKm279Kgzi1eHbH7cncLM+
kxeGqt2+WNUW8R+v3xVq8v8llodsPS+2ZVBpLI38GxqP4YLFDBh+sfHrtqQpPpR6RmQo1hrwFvuE7OcmArWKs9MOTr8nZfEKYXf/2r+MkX2A/eRm72mR8ta8Mjci3+MkZns/fQ1qBv4SLEuq9tl7M1z+ylvcfV+QRpRtnlP2psoRhhA6sOh9icAERPsB9JfWnyfwJkCLufgPURzxQxg6IxlGhuMoznPBP9YT5SRWl36LfJuWXdCOvN/AgSRRi5QZjnjcY8ngVWoW7gEtkMLffBR0e0dbdD9zaXrFSil6MZQfunTrBLOycduzlw==
i1fuO4uBcu7dlUcTEEn8QdG70I+EsA6KxURPr7Y22NeMyQs5SvgaglyK3XQIqlWSytwInm78Kgzi1eHbH7cncLM+
emISt83yK4C+ivqwXTHsfTT2+FW7pmre2fVRTaACL1wk9Ctny7Qv0xl6dao5uqH0TzqEC7TzwtELs0c=
xUSIGmHZzLgYnbvkvMQHmoYgOMJxdxrhIlhu8h+NTGC5inBoGUSqRpwQ5k6WqlKfJYXH1csGs0Q=
0Va9SXTtjK9RVFy4/ByZXf8llodsPS+2ZVBpLI38GxqP4YLFDBh+sfHrtqQpPpR6RmQo1hrwFvuE7OcmArWKs9MOTr8nZfEKYXf/2r+MkX2A/eRm72mR8ta8Mjci3+MkZns/fQ1qBv4SLEuq9tl7M1z+ylvcfV+QRpRtnlP2psoRhhA6sOh9icAERPsB9JfWnyfwJkCLufgPURzxQxg6IxlGhuMoznPBP9YT5SRWl36LfJuWXdCOvN/AgSRRi5QZjnjcY8ngVWoW7gEtkMLffBR0e0dbdD9zb3vFQil6PpQfunTrBLOycduzlw==
fT/MRG7G7c73H95+ctLU5jT2+FW7pmre2fVRTaACL1wk9Ctny7Qv0x97daI5uq70TzqEC7TzwtELs0c=
Mf0bofQE6hwEFuES+4+XKoYgOMJxdxrhIlhu8h+NTGC5inBoGUKrRpQQ5kGWqlKfJYXH1csGs0Q=
LltOOR4PlKseEGQyzES+LtG70I+EsA6KxURPr7Y22NeMyQs5SvgaglyK3XQIqlWUy9wAnm7zKgzi1eHbH7cncLM+
sGS2URkIUk/WWWeY9Kztqlqx+kifPJNZyHKlMnTwpCs591BZNwyE/dZyuDP8LnWgWH4dU4oYSEo+JwIowvHJzw+jL3SzOg==
IfvGsDfEHdPK3bZgUgxKodwQhTciQTjkAUMZ/O2HttrfNrsyPFDlak5PZtvgxQGzTQ==
LDG4ZgseroNSzbBktDnUpzT2+FW7pmre2fVRTaACL1wk9Ctny7Qv0xx6daI5uq70TzqEC7TzwtELs0c=
cJrCluvvEiwzsPGOXS8wzIYgOMJxdxrhIlhu8h+NTGC5inBoGUGqRpQQ5kGWqlKfJYXH1csGs0Q=
+W4vCauH5ibP5lPOVd/V23M1mRjFp93noeDaZE02kZyGhEg/f/eJC6qevwaHPwDAybzEWmB9AfUsh/dWcHt+oPQd7CSRlgCcge1qYpxsNtUuZjKbTVl3YRNqsyA=
LQzur0BriHm53T7HlMp0yANa5PIeq3ADdE8tZlrmybgZBhoS2M3LiTHhBvgfpOOR6Hq1CjQINKPZv2BBNxS0tTb6KMu8FmWoeLZtywqAuAIeLxIQAolZR29rH2yzIg==
jkm0lJNyKE+YSKUM85DKGippy9cvmVEZQ08tZlrmybgZBhoS2M3LiTHhBvgfpOOR6Hq1CjQINKPZv2BBNxS0tTb6KMu8FmWoeLZtywqAuAIeLxIQAolZR29rH2yzIg==
KjO6mu7+iuoFgWm3+6JD+xd+YCxRRiViWuLBrAkSMvb4qeNdYbXOPF9gK8W4rh1ulOycN0kr6MW3kDwhpm6ALxxyzXwo4qUPSkRwVk77OnQibXFTf38XaLMm
tJ6k9ndJm1/1ORNLITdExfaEJ1eNrSoBhh6IHc/VDwesVF1eWt65kPkuSkoYFZvhkQm2gJ9cU/lIkmVSdNDki7mXkHk3LESdVtL4E/xOtUDY3t0zivgI6r5HQsjC0Qlvj0NvVLMa
u45YLHQO8AJFNYbV1gLqXzfV4vL36NM2V8nVOpp5U2epHx8aHX/Ntemwg0BOVRSlRuRRb28l1JRFTytcOzqu3ahyWBdPYmB6teI6BHXbVcwx70Ka6x7nwnBI0craN2qLXG1Vsxk=
NrrcULyfW7nzmm30FYW1WZAnVndW43+fYmhmUrrMWyCS/R/6k3pFUlrSoZzJwlJmeDlDDaFF7kxfkAu1+H69/hR8fGcJGwj1t6DcEeY+YL+c4m2saJKF/0o0UKaOq5rkov0Rg79Pd1izFg==
1RXesKWKgUE9bL7ylhCEZO3Gqw31jDM+uon+BXMQWs7wtWUvJQdpky/bDlCkP+wtk6yVAxsnDAn68zVKXpu4hRL0S6drNI+T/HpVYlk6zjRvOmRLVHNiEWuzJw==
