0wlvKSZK7AqB1PeXTW2p8mLNyvtPWbqywF92CWuKiv1VyjIoMoTxGFyNhJJo/WO99dc4sYqNDuQhg7l8TUef2L/42LJQkIVlLo8GWIwFYbMt
lEMoO5YC30eAhs5d84aBKflwwgb8JdZY4irifMFq1PMIPn9Y03kB8ZihUpYeo5RTaaQ7EjFkC0FJCdIpfj4XnI/QUFtu/y4sdWZS3nSMpkWAz3k3oYSSxMIWqv3Oy++U8NXa6Sr0i1cdO1FX2OcYO3mVTPsBcOe/CR0yfj4jZKlpko8Ur7M6R8jyIVGpmyhkZR2sIZxptBi/0oNGTYZObZggPijrsUnw+/vsBNWbNUzRL+uYi1DEQlwIscV690oIMC31s7k=
61zzTZCprUsKeWFliIpSb9/4242Yog+Y1FQMv6lj2N23iAxpRuYQl1yK3XQIqlWTz9wOnW7/Kgzt1eHbHLsncLM+
Hl8PIqiV9JzSgmt9hzS06DT2+FW7pmre2fVRTaACL1wk9Ctny7Qv0xt/daw6uqL0TzWEC7TwztELs0c=
+QiSYhNxtpUn8+k+gGaxnIYgOMJxdxrhIlhu8h+NTGC5inBoGUavRpoT5k2Wql2fJYXE2csGs0Q=
/CoCEJzqclGcQHyIDC+TUzT2+FW7pmre2fVRTaACL1wk9Ctny7Qv0xp/daw6uqL0TzWEC7TwztELs0c=
m3Tv27Ykjlq6Uyej0RNJRoYgOMJxdxrhIlhu8h+NTGC5inBoGUevRpoT5k2Wql2fJYXE2csGs0Q=
vE3nyx1TT46gzOqYgSkhL5AnVndW43+fYmhmUrrMWyCS/R/6k3pFUlrSoZzJwlJmeDlDDaFF7kxfkAu1+Hq/8BR8fGcJGwj1t6DcEeY+YL+c4m2saJKF+U80XqWOp5rkrf0Rg7xDd1izFg==
FGqXbtN7C7MaUyY/LhiiuzfV4vL36NM2V8nVOpp5U2epHx8aHX/Ntemwg0BOVRSlRuRRb28l1JRBTSVcOzqu3ahyWBdPYmB6teI6BHXbVcwx70Sf6xDkwnxI0cXaN2qIUG1Vsxk=
3gUPoq+1+x69MDy71TKNnPaEJ1eNrSoBhh6IHc/VDwesVF1eWt65kPkuSkoYFZvhkQm2gJ9cU/lIlmdcdNDki7mXkHk3LESdVtL4E/xOtUDY3t01j/gG6b5LQsjN0QlvjE9vVLMa
lRlHMeTu8Q580ssNWsP/lhd+YCxRRiViWuLBrAkSMvb4qeNdYbXOPF9gK8W4qh9glOycN0kr6MW3kDwhpm6ALxxyzXwo4qUJT0R+VU73OnQtbXFTfHMXaLMm
Qn79qFY1uiOfhfSPurQ3YSppy9cvmVEZQ08tZlrmybgZBhoS2M3LiTHhBvgfpOOR6H63BDQINKPZv2BBNxS0tTb6KMu8FmWoeLZtzQ+AtgEeIxIQDYlZR2xnH2yzIg==
FLKf2Jk0NPeVVu9htJVt9QNa5PIeq3ADdE8tZlrmybgZBhoS2M3LiTHhBvgfpOOR6H63BDQINKPZv2BBNxS0tTb6KMu8FmWoeLZtzQ+AtgEeIxIQDYlZR2xnH2yzIg==
BvV54H2efBmMwS2p27TBuXM1mRjFp93noeDaZE02kZyGhEg/f/eJC6qevwaHPwDEy7LEWmB9AfUsh/dWcHt+oPQd7CSRlgCcgetvYpJvNtkuZj2bTVl0bRNqsyA=
h8V+83mrJLugUea+4oyyr/lwwgb8JdZY4irifMFq1PMIPn9Y03kB8ZihUpYeo5RTaaQ7EjFkC0FJCdIpfj4XnI/QUFtu/y4sdWZS3nSMpkWAz3k3oYSSxMIWqv3Oy++U8NXa6Sr0i1cdO1FX2OcYO3mVTPsBcOe/CR0yfj4jZKlpko8Ur7M6R8jyIVGpmyhkZR2sIZxptBi/0oNGTYZObZggPijrsUnw+/vsBNWbNUzRL+Sfi1DEQlwIscV690oIMC31s7k=
IKqZddw4i0EowfJcwIgcQ72f6Ge1+Gk7hIYY8NQBaIT4XqSaFyonc+Q6SzQ161DvcrAKre/uF0lsXx3BmiW6fM165aADjadDD6PlwJO7rvvKFh09KKn5lH867mkSQatRNj4yUsi4aTu+AOUcFay96Ay80q959J1m8U63sjUi4HZI/TdcjNPoqrWhTP54o9gpBDYnsfbzFepMGU6vuxSqJ/9lxNT8nNAuhGr4u8j+4tsVbHUzrZ29x1YbjtiYjbPkg1C+tDRjC+1IGV3ikOlfciaN1K5fMw19srt7T4O40GeT/wPxCPWP+uq26/5ueG19wZA+NB6urp2KExOEXJ2+ac48J0dhY5W33F9ES9WdqDsl+IsP1eW2Xnp7WDmFWisUC3vW1/SqZXEtY/TUCZWI4XhhGGjjaoemid4yfTTo2qiP+eXgByOoZNEj6bx9J4fer9go8gBwNeW+L3aYXGVRsx0=
XEJHUKmPeOxhJdCMWQZs2ytpxtNgj03Bf1h28g6Du4fMsUS9FGtORnT8m0lY7MiMneN/5yqVKW5gnPGR7Wptc4PZHGiQStSycxwLQmEinMptfcu/LOIZSYcSjGIo+WUbR6hRMzQ9RtmmchNTIoIg7JrOuNlmjeu4OtYeTLwA3pzEQ9YtV9jo/W0TIjgjy2LhNUvZsUyYVVedvjKRSxljclLpZzqvi4AtQotGqYjfx/EI0csAdmo3rJO2/yspefTxq1AEpjqRQAUdMCWFWxo+Sb8MwtM3qwq+nWblLynswwo+U+cWdYxlmWsUUocUDEIXzp6tlMrh8F/gZWW3YSRodfudSSsWSHOQXe6/0V1DV8yLu0sQArRr9AudBiepj3XMnOjUTjEZA6X0vpmAAVMosOM7ce37h+xi5AwedGxF0d1OucgqE0qUtt0TLJzhLuAk8VTu2uLX1mFe3v2jPWGUVWNSsxg=
Q9cHCfMLHHvWm9xVcSOO0jlGIeC1EDzYSNQ4/4JIBu/ScyUyzRWz+TTmSCooKmOirnZUWkdKl/N0mjt05Qtg7wKQ2m1fjofJnP9NgarFqnzdGtVg0y3Xw59DVYDDm177+nZN/dgJaRTP2j4pYmG7USYeQhIYWNm7LqAV3EXMjej8nILvyRQN5oHuZ3IFQvB2WB0HHNxzGColwfw+qIOoKTTW9/GGU4Vq/Hkeb0s0uifvRTQUrPxgrhTKiPsYHtLbZUyl8x39LUemu96YqG2j5JMwjnTkw3tt2PntosDJr3IW7YRur5Od/QJbqw/zmMBng99zsdgVP3p6Fhs+PhhdfTGwbnSuTj4d+rPDRGz9rmne3BcHMcNlN0w/9IsFvdg7FRhbT6VFJt7KGwj5dXo7FBtbJhekytXxvcOElNl1uOEIQcioUwoXJnl+Yj0ECMqon5nVINeD2ORBw1n8LQd33p+4eDLw0KVlDs+m2CxFQbMN
/XOYgJ6Dg52LuzNceJXoitGXXavjg/YhKJHSbco4MZnBHcB1XrrhFZRr3ccQ/rQ6JCJnoqp+WEq7UrPTEOJnRCnDpC/G2JYdAzYjKXhn8REmTS78WZJZ8G+1s6M7+4lwD1Mau74+Ac0E8Y0068JCOW5pv1EiFk4CZED9m8pYyewJhMmouFROHxWsqYbldtviicp09tyVi4xg6/zKgXmgTuTLbOnwHjvB2ivhSthh4n9HPL4n6004BFDkRI5wstTL1NYWG6EE6YNBRYmnQiNiCCTlJ2QXuALkWFsfDXxBMVIMAesyUqXIXnNred0mQ9cf/5DEZ4fXf6GkDRtanu7HDnJQGT11eKKEcvaafZ4rf9TgdSrpWlSbl41bgdfoh6j7SfUc+9HQl3/5PUL+7gP06XlyPxQfUyoHWNLx0dm72KQVvXwhzAmE2A+ys8ad5t6tiIBOKBsRWbBrG7yE5XuFDOHPM57b8DQCLChBRSrX2sggTUWzCQ==
YGQp/cXTLsqqLHTXXMmK4itpxtNgj03Af1h28giNp5jGrES9FG5EQGnkm0lY7MiMneN/5yqVKW5gnPGR7Wptc4PZHGiQStSycxwLQmEinMptfcu/LOIZSYcSjGIo+WUbR6hRMzQ9RtmmchNTIoIg7JrOuNlmjeu4OtYeTLwA3pzEQ9YtV9jo/W0TIjgjy2LhNUvZsUyYVVedvjKRSxljclLpZzqvi4AtQotGqYjfx/EI0csAdmo3rJO2/yspefTxq1AEpjqRQAUdMCWFWxo+Sb8MwtM3qwq+nWblLynswwo+U+cWdYxlmWsUUocUDEIXzp6tlMrh8F/gZWW3YSRodfudSSsWSHOQXe6/0V1DV8yLu0sQArRr9AudBiepj3XMnOjUTjEZA6X0vpmAAVMosOM7ce37h+xi5AwedGxF0d1OucgqE0qUtt0TLJzhLuAk8Vzp2u3X1mFe3v2jPWGUVWNSsxg=
MIjmbBMp8iZZUkuvUDslTytpxtNgj03Af1h28g6Du4fMsUS9FGtORnT8m0lY7MiMneN/5yqVKW5gnPGR7Wptc4PZHGiQStSycxwLQmEinMptfcu/LOIZSYcSjGIo+WUbR6hRMzQ9RtmmchNTIoIg7JrOuNlmjeu4OtYeTLwA3pzEQ9YtV9jo/W0TIjgjy2LhNUvZsUyYVVedvjKRSxljclLpZzqvi4AtQotGqYjfx/EI0csAdmo3rJO2/yspefTxq1AEpjqRQAUdMCWFWxo+Sb8MwtM3qwq+nWblLynswwo+U+cWdYxlmWsUUocUDEIXzp6tlMrh8F/gZWW3YSRodfudSSsWSHOQXe6/0V1DV8yLu0sQArRr9AudBiepj3XMnOjUTjEZA6X0vpmAAVMosOM7ce37h+xi5AwedGxF0d1OucgqE0qUtt0TLJzhLuAk8Vzp2u3X1mFe3v2jPWGUVWNSsxg=
FlGiABzoYUilbMYzNNT8e2oP+8kqNcoRppkNdN/bF6OuLKLhExFYO8QziPn2INAma/cUrgB6qYkfydanMWhkZuGPgUiFpdeTXKZMGKwUl4a7PO2gFHwZ12tRkJBBj0Mo3DwEG00NU6JRPSgvfj+CKGNt7kBomi4kWHcaP3M+vqyO0lCitsoQiRZjCwoQ2wkJEsYvyWrXwWH533BqjRHZBOJP53vL5MZj57QzGThL5lG2F8SdDwc8u6suilgvqpdM7zVFWxwn/xpEaObDOKP5qpX715i2/8umYj2L2VJ4WVy1cQUO6xwqWecYaZ5df09OIrnYzgphenRNOrZTaNlkH/UpjYYAIy9XiWVKmou2OfSPL1FBX/p/kWt+Pkazsk8n1vkF7d1aCGJUwK2Lu8NQZGk+TRHgRtdREcMHtfRk4PYOagBnOQsa84jkzxjsEDmJnOJtrGiShfZJNFGljqea5K39EYO8Q3dYsxY=
5Wrc+gfbP69bEAKwxxPKdFqx+kifPJNZyHKlMnTwpCs591BZNwyE/dZyuDP8LnWgWH4dUYgYSUk+KwIozfHJzwyvL3SzOg==
oJqex8FywkGis7nCDw1elu3Gqw31jDM+uon+BXMQWs7wtWUvJQdpky/bDlCkP+wtk6yVAxsnDAn68zVKXpu4hRL0S6drNI+T/nhVY1o6wjRvNWRLVHBuEWuzJw==
