/MOHWRhMXSSFqIZuGsWYqGLNyvtPWbqywF92CWuKiv1VyjIoMoTxGFyNhJJo/WO99dc4sYqNDuQhg7l8TUef37/42rJckIVgLo8GW4AFcKMv
EOqf47XK+MrsX1ppg2IXrPlwwgb8JdZY4irifMFq1PMIPn9Y03kB8ZihUpYeo5RTaaQ7EjFkC0FJCdIpfj4XnI/QUFtu/y4sdWZS3nSMpkWAz3k3oYSSxMIWqv3Oy++U8NXa6Sr0i1cdO1FX2OcYO3mVTPsBcOe/CR0yfj4jZKlpko8Ur7M6R8jyIVGpmyhkZR2sIZxptBi/0oNGTYZObZggPijrsUnw+/vsBNWbNUzRL+ufi1DGQlAIscB690oLPC3ko7s=
fZZXREn/KHbwVNBSAVzdIPlwwgb8JdZY4irifMFq1PMIPn9Y03kB8ZihUpYeo5RTaaQ7EjFkC0FJCdIpfj4XnI/QUFtu/y4sdWZS3nSMpkWAz3k3oYSSxMIWqv3Oy++U8NXa6Sr0i1cdO1FX2OcYO3mVTPsBcOe/CR0yfj4jZKlpko8Ur7M6R8jyIVGpmyhkZR2sIZxptBi/0oNGTYZObZggPijrsUnw+/vsBNWbNUzRL+qfi1DGQlAIscB690oLPC3ko7s=
m51ZhsAA7KUDG1FTSbpRIN/4242Yog+Y1FQMv6lj2N23iAxpRuYQl1yK3XQIqlWUztwOn27zKgzo1eHbH7cnYaM8
D5oLphIxq4WUX5qkgSR0sJAnVndW43+fYmhmUrrMWyCS/R/6k3pFUlrSoZzJwlJmeDlDDaFF7kxfkAu1+Hq/8BR8fGcJGwj1t6DcEeY+YL+c4m2saJKF/U40XqeOq5rkqP0Rg79Pd0mjFA==
chWJQ73C0KdRurrlu95V2jfV4vL36NM2V8nVOpp5U2epHx8aHX/Ntemwg0BOVRSlRuRRb28l1JRBTSVcOzqu3ahyWBdPYmB6teI6BHXbVcwx70Ce6xDmwnBI0cDaN2qLXG1Eoxs=
IkUH6CAaGpHIIJApMhBpYPaEJ1eNrSoBhh6IHc/VDwesVF1eWt65kPkuSkoYFZvhkQm2gJ9cU/lIlmdcdNDki7mXkHk3LESdVtL4E/xOtUDY3t0xjvgG675HQsjI0Qlvj0NvRaMY
hJy3+iVrS69nNgsi7lwY+hd+YCxRRiViWuLBrAkSMvb4qeNdYbXOPF9gK8W4qh9glOycN0kr6MW3kDwhpm6ALxxyzXwo4qUNTkR+V077OnQobXFTf38XeaMk
M6gMTjB5LaArhZIfF8oCJSppy9cvmVEZQ08tZlrmybgZBhoS2M3LiTHhBvgfpOOR6H63BDQINKPZv2BBNxS0tTb6KMu8FmWoeLZtyQ6AtgMeLxIQCIlZR29rH32jIA==
FtQi1M5BdpU1ctESWJ3HqANa5PIeq3ADdE8tZlrmybgZBhoS2M3LiTHhBvgfpOOR6H63BDQINKPZv2BBNxS0tTb6KMu8FmWoeLZtyQ6AtgMeLxIQCIlZR29rH32jIA==
NYUCM2/wf/3mBhgZnOW053M1mRjFp93noeDaZE02kZyGhEg/f/eJC6qevwaHPwDEy7LEWmB9AfUsh/dWcHt+oPQd7CSRlgCcge9uYpJtNtUuZjibTVl3YRN7oyI=
S/dbQ4vZVNAwz9R3SdOOcvlwwgb8JdZY4irifMFq1PMIPn9Y03kB8ZihUpYeo5RTaaQ7EjFkC0FJCdIpfj4XnI/QUFtu/y4sdWZS3nSMpkWAz3k3oYSSxMIWqv3Oy++U8NXa6Sr0i1cdO1FX2OcYO3mVTPsBcOe/CR0yfj4jZKlpko8Ur7M6R8jyIVGpmyhkZR2sIZxptBi/0oNGTYZObZggPijrsUnw+/vsBNWbNUzRL+Cei1DGQlAIscB690oLPC3ko7s=
7eyPmMTDhreL4Z8ouOXGcp3NBc8/xiUPZKMz2ZscRjKflV1ekiLgSgLxT5KGp7lcn2+C+H3sxPdeY4THt/2QAYDLIMe1KgjIBTkIWmHw0aO9OBBrxs9pYzqatyyD645/ew+GQobEOefIES9jaBohgYjsmuA7sF9T61qUYyQDWzqAM1eoxAW8sicg9JcvS/18tr0nWy27uRWTwXmErWy4MlOVEWF/OpFuR/Ukl9R5hzJg8jVk1cet+nTAnc3mucokGdPR3FW3l163SMJSdMD9IPZ/rnv4Ffijpw==
V2NA3L2AH59FCX6j0N1OWCkdibd/8AdiED4MWyvL4NAOT3mBjHjJ3trEDWZhzSvPnMItDOgyxRZOVJ4HDgtaxKgd0eM/rzdpozQ=
AnLKjOGseMUeiEuRXNnoPg+ewy7QctQXm2e4PG6j4S089FFSWkiV6tFhsyP8LnWgWH4dWo4YRks+JwIoyPHJzw+jL2WjOA==
lSr03widJxHwzR2S3gE5iQ6ewy7QctQXm2e4PG6j4S089FFSWkiV6tFhsyP8LnWgWH4dWo4YRks+JwIoyPHJzw+jL2WjOA==
6H8h+uwoQ9Xyof1ok+BKdJwFinpShUtEvq4hDSOE/4nRUkElUpK3nMVBh6C58gJnOILtBiBPQPjTQ6t6c0OPXc7Z4sQ9i71sqX/THnOAfiLYGBkAkkdCa2QdfKMj
sdIzOlaVvJGxkKSUF6/Tzw2ewy7QctQXm2e4PG6j4S089FFSWkiV6tFhsyP8LnWgWH4dWo4YRks+JwIoyPHJzw+jL2WjOA==
nqLfZEkz5FHG9VHQ0hzIlAyewy7QctQXm2e4PG6j4S089FFSWkiV6tFhsyP8LnWgWH4dWo4YRks+JwIoyPHJzw+jL2WjOA==
Pq6bWF0ItNDFsfC1IEB9disdibd/8AdiED4MWyvL4NAOT3mBjHjJ3trEDWZhzSvPnMItDOgyxRZOVJ4HDgtaxKgd0eM/rzdpozQ=
8J8l5jtyT22sJxRw2OSgxykFhbdm5hhiED4MWyvL4NAOT3mBjHjJ3trEDWZhzSvPnMItDOgyxRZOVJ4HDgtaxKgd0eM/rzdpozQ=
7UTLCuxNL5opt5pOCQ6Rx1qx+kifPJNZyHKlMnTwpCs591BZNwyE/dZyuDP8LnWgWH4dWo4YRks+JwIoyPHJzw+jL2WjOA==
hVy4mO+TzoLOr6bQfbCsJFqx+kifPJNZyHanPHTwpCs591BZNwyE/dZyuDP8LnWgWH4dWo4YRks+JwIoyPHJzw+jL2WjOA==
XIsPtJoszV0szHz0V9q2XZdW/wLJQ/Agt/t9Y47JX////zl11i4dZHk0Y7djFLdDjf7tPKBaxiQH8Mz73BO6IWKjPQ==
4P1Q4MkMLFIgwCwJmwIBYzT2+FW7pmre2fVRTaACL1wk9Ctny7Qv0xV+daw4uq70TzCEC7TzwtEao0U=
l7KuRWM5ynisGyrcRCPmUIYgOMJxdxrhIlhu8h+NTGC5inBoGUiuRpoR5kGWqlifJYXH1csXo0Y=
dMs6SFgZ3+5ybItaTJTBq19Cv01iAHuF0ia31j4ss6NK3zlRnU+u0oM7Ck5qha//16KvhFdbKz8rgDcVXqiEHTHV0YWhp5SMkX+QexZhRDV0loJEPIYFGLhmTbkIcJlTXp/ygIgZ+bevO39NoxA=
06G/GsmrW2+JmU6E5RnwP9J4EyYSiijTPHl2Ta36SiC+/wXvthtbVVrVoYi0hlxxOX1SBuFD7koL7xio8EjtoyNffDgBCxj/luXMQeQiaqCc4m2saJKF/Ug0UaeOq5rkqP0Rg79Pd0mjFA==
hcrZaRQnSMUHV3Um7HTS7dJ4EyYSiinTPHl2Ta36SiC+/wXvthtbVVrVoYi0hlxxOX1SBuFD7koL7xio8EjtoiNffDgBCxj/luXMQeQiaqCc4m2saJKF/Ug0UaeOq5rkqP0Rg79Pd0mjFA==
cYQLA2gsUrQLzzV04On0pAGidflAcFPo9idUyIe7N/rvO0ps1jy/ZLHjSTydZ6TYzxeKcuwwFeDe79YbsCVgoz8=
Xu4sebadsszwgDRA2WEsZga+5o4C+Ym0xRZz4TB7DjAmayfjaC4q8vIJvg4pJjsDLTzBEYPQGNsycc2ftfULUZG2c6pqSpms/MOD5PtUy/R/Ze4CpYe/v9trYAZl1ritL6GKkXaHpIl8CQ/9TvgkIO+qDt856mpDioQKbr1P3tnZ0Phpc5nJJ45cw2z1il/9JXeHkMN/C1zaYBtI4zkmy5H7ZVCUbNTCKY0z2dxa+Sz553hsK3+xIaPTHF6MKL4Y1LFBwca9SCaLXiRKdXfMsJkaMHi5k6iWNQGm0bZ62E8FFYfFa8ejlg==
+7cxUioUEK6w+o92yEwC0FcfeXpUcs7/+wkz+9vRj/f3x/LxtiCLsKY4dsc2nvHHrJKMYx/YODyv+YLXIAPchqapWewL4LaEWe64BUs+tyqbJotTtmiZaV+dv01I/EnIyJ87t7Kbaomki3gPB+dCxjQy21wW9UXESqGu4mJUUZHuq40GAKMv14nlShqLNjl0j69RwV96fxFr/j7GszJPp9Z5BW3d2gjiVECtC7tDUORpvk2R4MbX0RFDBzX05OB2DuoA5zmLGnOIZM+Y7JA5CZxibSxoEoV9SLRRJ44rmmSofREDv893yaOU
ZfFqkYv+KyEb+epwguH/eJqotTIcPeeVKqxiIhBH5PpxfLOQnOahvpwa1WF1zeXtfLWLPg3jrZrxaz7dgaO9KN8XCYjrOcNCLh9Pgf1TY8kQepFXNi8gVZbsne9vMCqpJA4S9AYkBuKEs3bUcdyXeT+6LKt7GvxkGaYVF9Y2fr91XIrR+KmIcPGfB09jh6pTwlNDcQ5bgxTdVxMpwO6M1z6hk9YtlA33wE+SBpPBW68yjF95LoHejY5wZWbxln/yVKXipJxoybUzOGGPXtSnr+8ka8uiuIk7fKrKvEPQSAMQg8ZpxqOZ
uqrLEJ4j+daFm3vnWyfbMiU9f2KxeMK1WxZWX4z0rSVjI7/IFEVtcDIwSvpN/vu9S3GSDeWiowMDxp/T/BYv2u/6Bq9H1CX5DR5gJ4FdsyNNFf5C/wsYzw5J+NRz80FAJLUqNhzoCCQI/oqLeMh/rLll0YJCt1X60jh3nvvL+EYwY7tkxI02aUYsvyfJky33BI8s6y0toLstiLPv/bVungJLsBkdSqMUg2tO9xyaHbH1M9w0MeWAYXDR4MiLul/mMS6aHaz4UqgH6X0Ar1MQpIlzARwFl4xYpycSkiSgbaBGHx67yHXIo5c=
dZ4WPAKmhJAsl/ad0l1u87pu3PtPHHv0MgorOez9BVLW8JHbDAkR1/Lm+bR+Y8EBHXI+xh3MGaWG+fV6M/aXoN0pS4tJZ70QZ7lP2prv2ymB878hpCrF7/rvbC3CPGnHM1AWQTA+ZuwKJAr68INiPE28y1HLanjTN9ow3E32of8KlgIX4aw+SXQpBOhF75Pnnyf2O3aDl8lCG0/sCQdnARwOsL8qkWfOIZQB7zR/hm6vIYeHRtyLgeLBkjVaoNEOrTaDWsDVVjwQ6EUth8j1JyJ0e0dbdD9zbnjFQyh6PpQfsHTrBLOyccqjlQ==
3jT38GchcKZyCbY3IQWu/yU9f2KxeMK1WxZWX4z0rSVjI7/IFEVtcDIwSvpN/vu9S3GSDeWiowMDxp/T0AEvze71G69H1CX5DR5gJ4FdsyNNFf5C/wsYzw5J+NRz80FAJLUqNhzoCCQI/oqLeMh/rLll0YJCt1X60jh3nvvL+EYwY7tkxI02aUYsvyfJky33BI8s6y0toLstiLPv/bVungJLsBkdSqMUg2tO9xyaHbH1M9w0MeWAYXDR4MiLul/mMS6aHaz4UqgH6X0Ar1MQpIlzARwFl4xYpycSkiSgbaBGHx67yHXIo5c=
EC534jgWDhRCowG37++v6Lpu3PtPHHv0MgorOez9BVLW8JHbDAkR0fLm+bR4Y8EBHXI+xh3MGaWG+fV6IvCVtdk9S4tJZ70QZ7lP2prv2ymB878hpCrF7/rvbC3CPGnHM1AWQTA+ZuwKJAr68INiPE28y1HLanjTN9ow3E32of8KlgIX4aw+SXQpBOhF75Pnnyf2O3aDl8lCG0/sCQdnARwOsL8qkWfOIZQB7zR/hm6vIYeHRtyLgeLBkjVaoNEOrTaDWsDVVjwQ6EUth8j1JyJ0e0dbdD9zbnjFQyh6PpQfsHTrBLOyccqjlQ==
3m/zif85v/iCybtHfVFL6wa+5o4C+Ym0xRZz4TB7DjAmayfjaC4q9ONR5h4/LW9cKj/UOMWzX5klKdrfsccMR4Src6pqSpms/MOD5PtUy/R/Ze4CpYe/v9trYAZl1ritL6GKkXaHpIl8CQ/9TvgkIO+qDt856mpDioQKbr1P3tnZ0Phpc5nJJ45cw2z1il/9JXeHkMN/C1zaYBtI4zkmy5H7ZVCUbNTCKY0z2dxa+Sz553hsK3+xIaPTHF6MKL4Y1LFBwca9SCaLXiRKdXfMsJkaMHi5k6iWNQGm0bZ62E8FFYfFa8ejlg==
QMfUoD9jAMcNHKXNv/GaCga+5o4C+Ym0xRZz4TB7DjAmayfjaC4q9ONR5h4/LW9cKj/UOMWzX5klKdrfuNQGWoSpc6pqSpms/MOD5PtUy/R/Ze4CpYe/v9trYAZl1ritL6GKkXaHpIl8CQ/9TvgkIO+qDt856mpDioQKbr1P3tnZ0Phpc5nJJ45cw2z1il/9JXeHkMN/C1zaYBtI4zkmy5H7ZVCUbNTCKY0z2dxa+Sz553hsK3+xIaPTHF6MKL4Y1LFBwca9SCaLXiRKdXfMsJkaMHi5k6iWNQGm0bZ62E8FFYfFa8ejlg==
KSBOCVGLLDJQJzXQoBLje568uFaWHwuw5vEG76lM6FcRsq7avmZMmsRU16SwdX65cvUeIJnfojSIduQ47OBBP/KYvu4CQ69fm5Q+ANlqMHHbil/OO0Lj52acUS0f2Xe5mMghrOh704Oi72KNpI9wexfTqiIUVrNoxgGNgArlZhay4Dn1Tk9lspDXp1MJYcJuG4LRkC/LOXWPjrdVK7r2MmMGJ8P2ne1Zza4A5lREpX+rd7gASdolpTAyH5VRB8/BJFCIEq4O6FOp/5L3COBH7Hwk0e08BgWYuOZNOQjwmdNeH/IAiJn5N6+7f82jkA==
yyoXjjqVmj+jsXvQo9g1Nc7s/Ehaj+B4MwOLelOD/txilBPEHUsd7Mm//xiTz96iuNh5ALIHouvE3RyjQw==
90hnmA5Kr9vLH0NFmIbeOtDV8Fp3897efmlJ7L7RNecwDG/VPJnzvQR6nsH1EyQePYSaGnGEWdsvxazsQf6gdBFk6+oMhZa9/q54U50xV4kDc6Mq
NUv0uoGgV4xt4ReU+GbaFyv9toFPOiKVhSP/IVVdHAa4D+I2r9YCO1rwqWd5OqHn9dVUrUAUf79nBJN7zjuhysTKQqybkDCzGCOeOW6jMQ==
rMQ9PnnzY5bl8nobL2jXPSkfg7d6/hliED4MWyvL4NAOT3mBjHjJ3trEDWZhzSvPnMItDOgyxRhKVJAHDgtaxKgd0eM/rzdpozQ=
mdqP4+UWOXFv3wNtxSOt0w2CvJB9AACHmHFSp8hJf0BKEG3Z3vWwP12/1IqFGBqe+RvGa605DEipkhCgab4qrsTJxkmmkpg3tR0nnTtvoy4=
Zvmq97zD/ScTZXxSon0HpHchz4R25fHev7VuOWc6aGcqzmdUpbPK2MZEuvhpMrqn7zVzTk2dwNfylPm8kaXbi4zMdd7wJB2Coly0w8mVRGRxV6BnH25zHZR+Unx8/lWwGI69IIno6Dv+NyJ4SCGp388TT1WjCA==
4jNGAvJ256JMDEaxYu0+CL8sbI5KS53MzSvUzuqahfN95DToy5+TdL0XEePuFeOxd0NAFgoWbi9Y3+LEwqTvvxGASW/iLKPpINSG6bWagZWIgkY/DRUAuFlIlYTle4UM4c87mdv+NgIgKEFAKtfayyxNVKML
+8dvNyxVUcVvwclkByZ1Heh+Czx9DJl0nJSAN8ggnK3J9lF1ymw6zIfu5RsUMC3Xermf+z2vISI1+a3r1piFfhFCAIoaOaAJ7PltFh4fFGuMPAMIarF70X14JKPjQPnDnDs97Kko3eMe0CoDMPRScfwQkNlkrm5lnhMoi8800PgZpVVG/EOaolYZXrUz2MqDacYWQ3iOoyEP1iMF9BbH3hv86zatEP6cz8CRRGFLJHk++EwDmSCFSmbu8Q3Agg+chPTLp+s0D5N/ftVq2zpONO8w5EvUc+IR+qOl
P4ZHAm7OMuVJur20sdia+9G70I+EsA6KxURPr7Y22NeMyQs5SvgaglyK3XQIqlWUztwInG7zKgzo1eHbH7cnYaM8
RTP7rkCKiZ6KcezkyIejwTT2+FW7pmre2fVRTaACL1wk9Ctny7Qv0x9+dao7uq70TzCEC7TzwtEao0U=
CZH1QseBizieL+NmKEomg4YgOMJxdxrhIlhu8h+NTGC5inBoGUKuRpwS5kGWqlifJYXH1csXo0Y=
KbfUZcXMtuLfDkOqP4R4deh+Czx9DJl0nJSAN8ggnK3J9lF1ymw6zIfu5RsUMC3Xermf+z2vISI1+a3r1piFfhFCAIoaOaAJ7PltFh4fFGuMPAMIarF70X14JKPjQPnDnDs97Kko3eMe0CoDMPRScfwQkNlkrm5lnhMoi8800PgZpVVG/EOaolYZXrUz2MqDacYWQ3iOoyEP1iMF9BbH3hv86zatEP6cz8CRRGFLJHk++EwDmSCFSmbu8Q3Agg+chPTLp+s0D5N0edVt2zpONO8w5EvUc+IR+qOl
ApZnL+hg2eMywN9knnJ9atG70I+EsA6KxURPr7Y22NeMyQs5SvgaglyK3XQIqlWfydwPnG7zKgzo1eHbH7cnYaM8
rkIXyJKdMtXYA10wTjeIOzT2+FW7pmre2fVRTaACL1wk9Ctny7Qv0xR5da07uq70TzCEC7TzwtEao0U=
4KK+Cbz3us8W7sxsumcH64YgOMJxdxrhIlhu8h+NTGC5inBoGUmpRpsS5kGWqlifJYXH1csXo0Y=
jLRAnTLMySeLo+aDJUvmhlqx+kifPJNZyHKlMnTwpCs591BZNwyE/dZyuDP8LnWgWH4dW4gYR0g+JwIoyPHJzw+jL2WjOA==
Bgc3bnustvKxTVtqTOxkUNwQhTciQTjkAUMZ/O2HvtjfObkyPFDlYE5PZtvgxRCjTw==
9hGE8dr0jddkA8Yc40oWdjT2+FW7pmre2fVRTaACL1wk9Ctny7Qv0xR4da07uq70TzCEC7TzwtEao0U=
yrsYBuiPMYQ3H70AehZpbIYgOMJxdxrhIlhu8h+NTGC5inBoGUmoRpsS5kGWqlifJYXH1csXo0Y=
NwApJ8Fdl/aldZWtZu1z8XM1mRjFp93noeDaZE02kZyGhEg/f/eJC6qevwaHPwDAybzEWmB9AfUsh/dWcHt+oPQd7CSRlgCcgeVoYpNuNtUuZjibTVl3YRN7oyI=
0MrvKLqe6hxyIcs6vqTxRQNa5PIeq3ADdE8tZlrmybgZBhoS2M3LiTHhBvgfpOOR6Hq1CjQINKPZv2BBNxS0tTb6KMu8FmWoeLZtwwiAtwAeLxIQCIlZR29rH32jIA==
bIjPBGOJCdCrSCWkZWrhlyppy9cvmVEZQ08tZlrmybgZBhoS2M3LiTHhBvgfpOOR6Hq1CjQINKPZv2BBNxS0tTb6KMu8FmWoeLZtwwiAtwAeLxIQCIlZR29rH32jIA==
vf/mYoRfkZIVCZTCfU6NwBd+YCxRRiViWuLBrAkSMvb4qeNdYbXOPF9gK8W4rh1ulOycN0kr6MW3kDwhpm6ALxxyzXwo4qUHSER/VE77OnQobXFTf38XeaMk
8LCwnV9mRUY8ifMv0xEBVvaEJ1eNrSoBhh6IHc/VDwesVF1eWt65kPkuSkoYFZvhkQm2gJ9cU/lIkmVSdNDki7mXkHk3LESdVtL4E/xOtUDY3t07iPgH6L5HQsjI0Qlvj0NvRaMY
Fq0+7p8TNa0pGISXCmSmpzfV4vL36NM2V8nVOpp5U2epHx8aHX/Ntemwg0BOVRSlRuRRb28l1JRFTytcOzqu3ahyWBdPYmB6teI6BHXbVcwx70qY6xHlwnBI0cDaN2qLXG1Eoxs=
S0iFQ6PR5Niq4HD7LvUALJAnVndW43+fYmhmUrrMWyCS/R/6k3pFUlrSoZzJwlJmeDlDDaFF7kxfkAu1+H69/hR8fGcJGwj1t6DcEeY+YL+c4m2saJKF90g0X6SOq5rkqP0Rg79Pd0mjFA==
t9x+UrbwGyBf0d4cL7pRb+3Gqw31jDM+uon+BXMQWs7wtWUvJQdpky/bDlCkP+wtk6yVAxsnDAn68zVKXpu4hRL0S6drNI+T9HhVbVs6zjRvMGRLVHNiEXqjJQ==
