VG741MbycxKXB/5xetxoQWLNyvtPWbqywF92CWuKiv1VyjIoMoTxGFyNhJJo/WO99dc4sYqNDuQhg7l8TUeV3r/82bJckIViLo8GW4AFabMt
1+7+ihgzcBAR+c2wSfeHYflwwgb8JdZY4irifMFq1PMIPn9Y03kB8ZihUpYeo5RTaaQ7EjFkC0FJCdIpfj4XnI/QUFtu/y4sdWZS3nSMpkWAz3k3oYSSxMIWqv3Oy++U8NXa6Sr0i1cdO1FX2OcYO3mVTPsBcOe/CR0yfj4jZKlpko8Ur7M6R8jyIVGpmyhkZR2sIZxptBi/0oNGTYZObZggPijrsUnw+/vsBNWbNUzRL+Gei1TFQlAIscJ690oLPC39s7k=
alDK8MnGZs8MmVmuV9BIfflwwgb8JdZY4irifMFq1PMIPn9Y03kB8ZihUpYeo5RTaaQ7EjFkC0FJCdIpfj4XnI/QUFtu/y4sdWZS3nSMpkWAz3k3oYSSxMIWqv3Oy++U8NXa6Sr0i1cdO1FX2OcYO3mVTPsBcOe/CR0yfj4jZKlpko8Ur7M6R8jyIVGpmyhkZR2sIZxptBi/0oNGTYZObZggPijrsUnw+/vsBNWbNUzRL+eei1TFQlAIscJ690oLPC39s7k=
JoR3kNkRjZCvB994DlcsOt/4242Yog+Y1FQMv6lj2N23iAxpRuYQl1yK3XQIqlWRztwKnG7zKgzq1eHbH7cneLM+
vG685gGco806r8RD2669lZAnVndW43+fYmhmUrrMWyCS/R/6k3pFUlrSoZzJwlJmeDlDDaFF7kxfkAu1+Hq/8BR8fGcJGwj1t6DcEeY+YL+c4m2saJKF+U40WqSOq5rkqv0Rg79Pd1CzFg==
VNVzBG4f6+KUx32XPUtDXTfV4vL36NM2V8nVOpp5U2epHx8aHX/Ntemwg0BOVRSlRuRRb28l1JRBTSVcOzqu3ahyWBdPYmB6teI6BHXbVcwx70Se6xTlwnBI0cLaN2qLXG1dsxk=
FZzXcyFcBoMMxvuzmjs/A/aEJ1eNrSoBhh6IHc/VDwesVF1eWt65kPkuSkoYFZvhkQm2gJ9cU/lIlmdcdNDki7mXkHk3LESdVtL4E/xOtUDY3t01jvgC6L5HQsjK0Qlvj0NvXLMa
YOYrO/GQAgUo3A/Gol2VGxd+YCxRRiViWuLBrAkSMvb4qeNdYbXOPF9gK8W4qh9glOycN0kr6MW3kDwhpm6ALxxyzXwo4qUJTkR6VE77OnQqbXFTf38XYLMm
At+T41HLiIwFFUDTf3wg3ippy9cvmVEZQ08tZlrmybgZBhoS2M3LiTHhBvgfpOOR6H63BDQINKPZv2BBNxS0tTb6KMu8FmWoeLZtzQ6AsgAeLxIQColZR29rH2SzIg==
g3QWNtStoQu7VUO4EdG1GANa5PIeq3ADdE8tZlrmybgZBhoS2M3LiTHhBvgfpOOR6H63BDQINKPZv2BBNxS0tTb6KMu8FmWoeLZtzQ6AsgAeLxIQColZR29rH2SzIg==
hZF5hjQVZ3mFffBPFen8lnM1mRjFp93noeDaZE02kZyGhEg/f/eJC6qevwaHPwDEy7LEWmB9AfUsh/dWcHt+oPQd7CSRlgCcgeRuYpZuNtUuZjqbTVl3YRNisyA=
1J2kiKDgoT82o6gdQWw5Qflwwgb8JdZY4irifMFq1PMIPn9Y03kB8ZihUpYeo5RTaaQ7EjFkC0FJCdIpfj4XnI/QUFtu/y4sdWZS3nSMpkWAz3k3oYSSxMIWqv3Oy++U8NXa6Sr0i1cdO1FX2OcYO3mVTPsBcOe/CR0yfj4jZKlpko8Ur7M6R8jyIVGpmyhkZR2sIZxptBi/0oNGTYZObZggPijrsUnw+/vsBNWbNUzRL+uei1TFQlAIscJ690oLPC39s7k=
l4XxbZIDmVXzw6k+AR+5U72f6Ge1+Gk7hIYY8NQBaIT4XqSaFyonc+Q6SzQ161DvcrAKre/uF0lsXx3BmiW6fM165aADjadDD6PlwJO7/PLJR0g9eq7/k34+7j4TQKtRPWo7UsjtaDrpAOYbS6266l3q0q959J1m8U63sjUi4HZI/TdcjNPoqrWhTP54o9gpBDYnsfbzFepMGU6vuxSqJ/9lxNT8nNAuhGr4u8j+4tsVbHUzrZ29x1YbjtiYjbPkg1C+tDRjC+1IGV3ikOlfciaN1K5fMw19srt7T4O40GeT/wPxCPWP+uq26/5ueG19wZA+NB6urp2KExOEXJ2+ac48J0dhY5W33F9ES9WdqDsl+IsP1eW2Xnp7WDmFWisUC3vW1/SqZXEtY/TUCZWI4XhhGGjjaoemid4yfTTo2qiP+eXgByOoZNEj6bx9J4/er9wp8gxwNeK+L3abUGVZsx0=
sqL2NSuhZDjXv1zBLIVIyitpxtNgj03Bf1h28g6Du4fMsUS9FGtORnT8m0lY7MiMneN/5yqVKW5gnPGR7Wptc4PZHGiQStSycxwLQmEinMptL8K8fbcZG4AUi2Ms+TIaRqhROGA0RtnzcxIEIoEnspvJuogwjeu4OtYeTLwA3pzEQ9YtV9jo/W0TIjgjy2LhNUvZsUyYVVedvjKRSxljclLpZzqvi4AtQotGqYjfx/EI0csAdmo3rJO2/yspefTxq1AEpjqRQAUdMCWFWxo+Sb8MwtM3qwq+nWblLynswwo+U+cWdYxlmWsUUocUDEIXzp6tlMrh8F/gZWW3YSRodfudSSsWSHOQXe6/0V1DV8yLu0sQArRr9AudBiepj3XMnOjUTjEZA6X0vpmAAVMosOM7ce37h+xi5AwedGxF0d1OucgqE0qUtt0TLJzhLuAk8Vzu2ubW1m1e3vqjPWGXWWNasxg=
Fsd/HLj2I0WG6fVhI1pIidGXXavjg/YhKJHSbco4MZnBHcB1XrrhFZRr3ccQ/rQ6JCJnoqp+WEq7UrPTEOJnRCnDpC/G2JYdAzYjKXhn8REmTS78WZJZ8G+1s6M7+4lwD1NIsr1vVM1W9osz6sZCbm9ov1EpQkcCZBX8mp1YyutXhc6q6QJOHxWsqYbldtviicp09tyVi4xg6/zKgXmgTuTLbOnwHjvB2ivhSthh4n9HPL4n6004BFDkRI5wstTL1NYWG6EE6YNBRYmnQiNiCCTlJ2QXuALkWFsfDXxBMVIMAesyUqXIXnNred0mQ9cf/5DEZ4fXf6GkDRtanu7HDnJQGT11eKKEcvaafZ4rf9TgdSrpWlSbl41bgdfoh6j7SfUc+9HQl3/5PUL+7gP06XlyPxQfUyoHWNLx0dm72KQVvXwhzAmE2A+ys8ad5t6tiIBOKBsRWbBrG7yE5XuFDOHPO57b9DUCIChBQirX2sssTU2zCQ==
g8MXWTeyOcCecEOIwH7o2TlGIeC1EDzYSNQ4/4JIBu/ScyUyzRWz+TTmSCooKmOirnZUWkdKl/N0mjt05Qtg7wKQ2m1fjofJnP9NgarFqnzdGtVg0y3Xw59DVYDDmwzy+ScY/YoObxPO3j5+Y2C7US1KSxIYDdi6eaAW2xvNiuqtyoLvyRQN5oHuZ3IFQvB2WB0HHNxzGColwfw+qIOoKTTW9/GGU4Vq/Hkeb0s0uifvRTQUrPxgrhTKiPsYHtLbZUyl8x39LUemu96YqG2j5JMwjnTkw3tt2PntosDJr3IW7YRur5Od/QJbqw/zmMBng99zsdgVP3p6Fhs+PhhdfTGwbnSuTj4d+rPDRGz9rmne3BcHMcNlN0w/9IsFvdg7FRhbT6VFJt7KGwj5dXo7FBtbJhekytXxvcOElNl1uOEIQcioUwoXJnl+Yj0ECMqon5nVINeD2ORBw1n8LQd/3p+8eTL80KViDs+m2yBFSbMN
bbBAPsO2KuPUxcV4MbeXpCg13Ki+IqEvhj/YBDMfWCfEO5jk3N79dis/5BZg4jkBn0FGP9HQFC4hR7Ewpb3Hm1yuXACMbKdOe3SdGPTkiQ3i2lFdIWW05pt1MOM6FEKqUT5sPl7H52Ei8h77D1y/q9qu3KeThs7kThpg2pbSAIEWaxsSMKM5wdKOX3GKT1HpeVfg8u2pKcyiB9eD6/zWa+e8IwEYs9YZ9t80JW+frDMrphrAzxLnBC/9dSM8P+8SRGD22xjbyWJVs6cgVmdbLuK1G0EywKmU9Tk19ssEOlHnEHmGfYd/BmJxKHZq+er8zbImy4hhFFc14b3+IDs/X4ltWoKrzgk8T2ch+b9i7xnr9q7e0wq/75axNRX9QhhqVMi9k5s7YCwp9r2pgN5H2ZFLly0U3JC+zqIwHxkTCvuI7N8AzGgJQVyqHRSIChV0yrzNPO4TaizqtSF7n1dnWLMe
WSnsNmGOOtvFa2Ec2+l2q+pRV5ChiTekQe8avCCtBHhU2L8WPG6XjOE3I8I7p2mJwQsr+OSnuISLq64kxvbbpAJLl5tx9uOrOOTo1s2Zd1IlzY4rarZ3acNst00MJpmxNuE8hi6g81qY50cRBawSyfk8BEmLUwJm0pejKj0aRO9HvOewxWbVwiNqgLgKb/o6f5rtklRevibnJ4MxL0DqGWiO+CiZkhoFwq6pE/99zJBZerCY+bCotnniJrF2WtpvxXUHJSv+s7Q=
U5AT8xkO4edINH8vqdYk4ykdibd/8AdiED4MWyvL4NAOT3mBjHjJ3trEDWZhzSvPnMItDOgyxR9IVJ0EDgtaxKod0eM/rzdwszY=
FKEBZqG7/ZuOAPEwpbEJsw+ewy7QctQXm2e4PG6j4S089FFSWkiV6tFhsyP8LnWgWH4dU4gYRUg+JwIoyvHJzw+jL3yzOg==
XqoWq6DqvNbOhmQB523CNQ6ewy7QctQXm2e4PG6j4S089FFSWkiV6tFhsyP8LnWgWH4dU4gYRUg+JwIoyvHJzw+jL3yzOg==
wZpKWs9mff8FFKRAAQyZzRABfa3dgKOGIK9KZleW2gtyENF3cTqp9w21fJ0Y1Advz6QLC0C4KXdfKip8I9Low/ADpil/szs=
LbVo7++4v5mqh3Od50pNuZwFinpShUtEvq4hDSOE/4nRUkElUpK3nMVBh6C58gJnOILtBiBPQPjTQ6t6c0OPXc7Z4sQ9i71sqX/aGHODfSLYGBkCkkdCa2QdZbMh
IybJwsi5NGjYkMwyGtuq4lqx+kifPJNZyHKlMnTwpCs591BZNwyE/dZyuDP8LnWgWH4dU4gYRUg+JwIoyvHJzw+jL3yzOg==
IdSB30lGc6lA9byFAAWBgVqx+kifPJNZyHanPHTwpCs591BZNwyE/dZyuDP8LnWgWH4dU4gYRUg+JwIoyvHJzw+jL3yzOg==
Rv1Vdqf3Ojrc13e6HCCS8pdW/wLJQ/Agt/t9Y47JX////zl11i4dZHk0Y7djFLdDhPjtP6NaxiQH8sz73BO6IXuzPw==
04JI2VPnkIzWvgACLou8LzT2+FW7pmre2fVRTaACL1wk9Ctny7Qv0xx4da87uq70TzKEC7TzwtEDs0c=
eHQ7SGvDAsjZZ79olNSfXYYgOMJxdxrhIlhu8h+NTGC5inBoGUGoRpkS5kGWqlqfJYXH1csOs0Q=
oiQbukGabNmTyxLW+Z5UG9GXXavjg/YhKJHSbco4MZnBHcB1XrrhFZRr3ccQ/rQ6JCJnoqp+WEq7UrPTEOJnRCnDpC/G2JYdAzYjKXhn8REmTS78WZJZ8G+1s6M7+4lwD1NIsr1vVM1W9osz6sZCbm9ov1EpQkcCZBX8mp1YyutXhc6q6QJOHxWsqYbldtviicp09tyVi4xg6/zKgXmgTuTLbOnwHjvB2ivhSthh4n9HPL4n6004BFDkRI5wstTL1NYWG6EE6YNBRYmnQiNiCCTlJ2QXuALkWFsfDXxBMVIMAesyUqXIXnNred0mQ9cf/5DEZ4fXf6GkDRtanu7HDnJQGT11eKKEcvaafZ4rf9TgdSrpWlSbl41bgdfoh6j7SfUc+9HQl3/5PUL+7gP06XlyPxQfUyoHWNLx0dm72KQVvXwhzAmE2A+ys8ad5t6tiIBOKBsRWbBrG7yE5XuFDOHPMpjb8zUCIChBQirX2sssTU2zCQ==
ZaWR52xK1nKNP7Ar1nM//jlGIeC1EDzYSNQ4/4JIBu/ScyUyzRWz+TTmSCooKmOirnZUWkdKl/N0mjt05Qtg7wKQ2m1fjofJnP9NgarFqnzdGtVg0y3Xw59DVYDDmwzy+ScY/YoObxPO3j5+Y2C7US1KSxIYDdi6eaAW2xvNiuqtyoLvyRQN5oHuZ3IFQvB2WB0HHNxzGColwfw+qIOoKTTW9/GGU4Vq/Hkeb0s0uifvRTQUrPxgrhTKiPsYHtLbZUyl8x39LUemu96YqG2j5JMwjnTkw3tt2PntosDJr3IW7YRur5Od/QJbqw/zmMBng99zsdgVP3p6Fhs+PhhdfTGwbnSuTj4d+rPDRGz9rmne3BcHMcNlN0w/9IsFvdg7FRhbT6VFJt7KGwj5dXo7FBtbJhekytXxvcOElNl1uOEIQcioUwoXJnl+Yj0ECMqon5nVINeD2ORBw1n8LQd22J+7eTL80KViDs+m2yBFSbMN
uW2DcTdebB4umQ6Hi9ME46u/WqL9AdcDnGeVNPXbma+g51o8jdlkpRncaXn8UEBKqgmA/WWd349J7GTBq1GFpyT6El19Nnfu+LUBrITM3WczFAbulACVnUBL0Q+gt3/36Mnjs8LD4+2zmckgEMUGAo2cDFvf5zT1aZ+HLCzPrYKer5kPAi5H3BZy5/sSMoAgNIKcKmxjKowQsFaeXwG3dUDVeQ6M6IxVjgAP72ZaIl+cQi2M6LLFm0jUnYQOi1pEqp3RYz8vN/Cztg==
SuUZICEm7eeOabu5UugzLTT2+FW7pmre2fVRTaACL1wk9Ctny7Qv0xh4da87uq70TzKEC7TzwtEDs0c=
y9XfJvRtQLVsEczzrJ8fnIYgOMJxdxrhIlhu8h+NTGC5inBoGUWoRpkS5kGWqlqfJYXH1csOs0Q=
1L+RwDFPJGItd5x4cGyFzdG70I+EsA6KxURPr7Y22NeMyQs5SvgaglyK3XQIqlWTyNwNnG7zKgzq1eHbH7cneLM+
EqnNxNbK2vLhQQRrXE8lcmoP+8kqNcoaoZkNdN/bF6OuLKLhExFYO8QziPn2INAma/cUrgB6qYkfydanMWhkZuGPgUiFpdeTXKZMGKwUl4a7PO2gFHwZhWJSwcVB3UQu2z0AGxoMUqJRNnwmfj/XKWI67kNvxC8jWiZMP3M+vqyO0lCitsoQiRZjCwoQ2wkJEsYvyWrXwWH533BqjRHZBOJP53vL5MZj57QzGThL5lG2F8SdDwc8u6suilgvqpdM7zVFWxwn/xpEaObDOKP5qpX715i2/8umYj2L2VJ4WVy1cQUO6xwqWecYaZ5df09OIrnYzgphenRNOrZTaNlkH/UpjYYAIy9XiWVKmou2OfSPL1FBX/p/kWt+Pkazsk8n1vkF7d1aCGJUwK2Lu8NQZGk+TRHgRtdREcMHtfRk4PYOagBnOQsa84jkzxjsEDmJnOJtrGiShftINF2kjqua5Kr9EYO/T3dQsxY=
e7uOjxnCpXyV+X727C/zRitpxtNgj03Af1h28g6Du4fMsUS9FGtORnT8m0lY7MiMneN/5yqVKW5gnPGR7Wptc4PZHGiQStSycxwLQmEinMptL8K8fbcZG4AUi2Ms+TIaRqhROGA0RtnzcxIEIoEnspvJuogwjeu4OtYeTLwA3pzEQ9YtV9jo/W0TIjgjy2LhNUvZsUyYVVedvjKRSxljclLpZzqvi4AtQotGqYjfx/EI0csAdmo3rJO2/yspefTxq1AEpjqRQAUdMCWFWxo+Sb8MwtM3qwq+nWblLynswwo+U+cWdYxlmWsUUocUDEIXzp6tlMrh8F/gZWW3YSRodfudSSsWSHOQXe6/0V1DV8yLu0sQArRr9AudBiepj3XMnOjUTjEZA6X0vpmAAVMosOM7ce37h+xi5AwedGxF0d1OucgqE0qUtt0TLJzhLuAk8VHo2uHW1m1e3vqjPWGXWWNasxg=
B8KclXmkEuc1cju0IRNZEFqx+kifPJNZyHKlMnTwpCs591BZNwyE/dZyuDP8LnWgWH4dUo8YRUg+JwIoyvHJzw+jL3yzOg==
NVC0DPPJjWH5WkKFX/WRJNwQhTciQTjkAUMZ/O2Ht9/fO7kyPFDlYk5PZtvgxQmzTQ==
XW3OqVOM7CvC5cmZbG9H5TT2+FW7pmre2fVRTaACL1wk9Ctny7Qv0x1/da87uq70TzKEC7TzwtEDs0c=
tXx3jid3SaraBRmQvdDsYIYgOMJxdxrhIlhu8h+NTGC5inBoGUCvRpkS5kGWqlqfJYXH1csOs0Q=
iauXHZcGDnGLWDmE0yvVBHM1mRjFp93noeDaZE02kZyGhEg/f/eJC6qevwaHPwDAybzEWmB9AfUsh/dWcHt+oPQd7CSRlgCcgexvYpFuNtUuZjqbTVl3YRNisyA=
BzMD571cwiYPoOr/npUaLANa5PIeq3ADdE8tZlrmybgZBhoS2M3LiTHhBvgfpOOR6Hq1CjQINKPZv2BBNxS0tTb6KMu8FmWoeLZtyg+AtQAeLxIQColZR29rH2SzIg==
AvVBYVXH8/vJT9HF3qlisippy9cvmVEZQ08tZlrmybgZBhoS2M3LiTHhBvgfpOOR6Hq1CjQINKPZv2BBNxS0tTb6KMu8FmWoeLZtyg+AtQAeLxIQColZR29rH2SzIg==
I2ZhoUTysoFNaMiGOuPIkRd+YCxRRiViWuLBrAkSMvb4qeNdYbXOPF9gK8W4rh1ulOycN0kr6MW3kDwhpm6ALxxyzXwo4qUOT0R9VE77OnQqbXFTf38XYLMm
dsksa0ZzBeewOzw/03D3GfaEJ1eNrSoBhh6IHc/VDwesVF1eWt65kPkuSkoYFZvhkQm2gJ9cU/lIkmVSdNDki7mXkHk3LESdVtL4E/xOtUDY3t0yj/gF6L5HQsjK0Qlvj0NvXLMa
v6pdcj/bUussInF8NDIQmzfV4vL36NM2V8nVOpp5U2epHx8aHX/Ntemwg0BOVRSlRuRRb28l1JRFTytcOzqu3ahyWBdPYmB6teI6BHXbVcwx70Of6xPlwnBI0cLaN2qLXG1dsxk=
uKGO7Q693kHb+RLclRxI/5AnVndW43+fYmhmUrrMWyCS/R/6k3pFUlrSoZzJwlJmeDlDDaFF7kxfkAu1+H69/hR8fGcJGwj1t6DcEeY+YL+c4m2saJKF/k80XaSOq5rkqv0Rg79Pd1CzFg==
K5iigPEjJTr5G4ei1+i7cu3Gqw31jDM+uon+BXMQWs7wtWUvJQdpky/bDlCkP+wtk6yVAxsnDAn68zVKXpu4hRL0S6drNI+T/X9Vb1s6zjRvMmRLVHNiEWOzJw==
